
**** Build of configuration Debug for project AUTOSAR_Prohect ****

"C:\\ti\\ccs1240\\ccs\\utils\\bin\\gmake" -k -j 12 all -O 
 
Building file: "../Det.c"
Invoking: Arm Compiler
"C:/ti/ccs1240/ccs/tools/compiler/ti-cgt-arm_20.2.7.LTS/bin/armcl" -mv7M4 --code_state=16 --float_support=FPv4SPD16 -me --include_path="D:/MT/My Courses/Advanced_Embedded_Diploma/ARM_Microcontrollers/Exercises/CCS/AUTOSAR_Project_WS/AUTOSAR_Prohect" --include_path="C:/ti/ccs1240/ccs/tools/compiler/ti-cgt-arm_20.2.7.LTS/include" --define=ccs="ccs" --define=PART_TM4C123GH6PM -g --gcc --diag_warning=225 --diag_wrap=off --display_error_number --abi=eabi --preproc_with_compile --preproc_dependency="Det.d_raw"  "../Det.c"
"../Det.c", line 23: warning #112-D: statement is unreachable
Finished building: "../Det.c"
 
Building file: "../App.c"
Invoking: Arm Compiler
"C:/ti/ccs1240/ccs/tools/compiler/ti-cgt-arm_20.2.7.LTS/bin/armcl" -mv7M4 --code_state=16 --float_support=FPv4SPD16 -me --include_path="D:/MT/My Courses/Advanced_Embedded_Diploma/ARM_Microcontrollers/Exercises/CCS/AUTOSAR_Project_WS/AUTOSAR_Prohect" --include_path="C:/ti/ccs1240/ccs/tools/compiler/ti-cgt-arm_20.2.7.LTS/include" --define=ccs="ccs" --define=PART_TM4C123GH6PM -g --gcc --diag_warning=225 --diag_wrap=off --display_error_number --abi=eabi --preproc_with_compile --preproc_dependency="App.d_raw"  "../App.c"
"../App.c", line 21: warning #225-D: function "Mcu_Init" declared implicitly
Finished building: "../App.c"
 
Building file: "../Button.c"
Invoking: Arm Compiler
"C:/ti/ccs1240/ccs/tools/compiler/ti-cgt-arm_20.2.7.LTS/bin/armcl" -mv7M4 --code_state=16 --float_support=FPv4SPD16 -me --include_path="D:/MT/My Courses/Advanced_Embedded_Diploma/ARM_Microcontrollers/Exercises/CCS/AUTOSAR_Project_WS/AUTOSAR_Prohect" --include_path="C:/ti/ccs1240/ccs/tools/compiler/ti-cgt-arm_20.2.7.LTS/include" --define=ccs="ccs" --define=PART_TM4C123GH6PM -g --gcc --diag_warning=225 --diag_wrap=off --display_error_number --abi=eabi --preproc_with_compile --preproc_dependency="Button.d_raw"  "../Button.c"
Finished building: "../Button.c"
 
Building file: "../Dio.c"
Invoking: Arm Compiler
"C:/ti/ccs1240/ccs/tools/compiler/ti-cgt-arm_20.2.7.LTS/bin/armcl" -mv7M4 --code_state=16 --float_support=FPv4SPD16 -me --include_path="D:/MT/My Courses/Advanced_Embedded_Diploma/ARM_Microcontrollers/Exercises/CCS/AUTOSAR_Project_WS/AUTOSAR_Prohect" --include_path="C:/ti/ccs1240/ccs/tools/compiler/ti-cgt-arm_20.2.7.LTS/include" --define=ccs="ccs" --define=PART_TM4C123GH6PM -g --gcc --diag_warning=225 --diag_wrap=off --display_error_number --abi=eabi --preproc_with_compile --preproc_dependency="Dio.d_raw"  "../Dio.c"
Finished building: "../Dio.c"
 
Building file: "../Dio_PBcfg.c"
Invoking: Arm Compiler
"C:/ti/ccs1240/ccs/tools/compiler/ti-cgt-arm_20.2.7.LTS/bin/armcl" -mv7M4 --code_state=16 --float_support=FPv4SPD16 -me --include_path="D:/MT/My Courses/Advanced_Embedded_Diploma/ARM_Microcontrollers/Exercises/CCS/AUTOSAR_Project_WS/AUTOSAR_Prohect" --include_path="C:/ti/ccs1240/ccs/tools/compiler/ti-cgt-arm_20.2.7.LTS/include" --define=ccs="ccs" --define=PART_TM4C123GH6PM -g --gcc --diag_warning=225 --diag_wrap=off --display_error_number --abi=eabi --preproc_with_compile --preproc_dependency="Dio_PBcfg.d_raw"  "../Dio_PBcfg.c"
"../Dio_PBcfg.c", line 46: warning #1-D: last line of file ends without a newline
Finished building: "../Dio_PBcfg.c"
 
Building file: "../Gpt.c"
Invoking: Arm Compiler
"C:/ti/ccs1240/ccs/tools/compiler/ti-cgt-arm_20.2.7.LTS/bin/armcl" -mv7M4 --code_state=16 --float_support=FPv4SPD16 -me --include_path="D:/MT/My Courses/Advanced_Embedded_Diploma/ARM_Microcontrollers/Exercises/CCS/AUTOSAR_Project_WS/AUTOSAR_Prohect" --include_path="C:/ti/ccs1240/ccs/tools/compiler/ti-cgt-arm_20.2.7.LTS/include" --define=ccs="ccs" --define=PART_TM4C123GH6PM -g --gcc --diag_warning=225 --diag_wrap=off --display_error_number --abi=eabi --preproc_with_compile --preproc_dependency="Gpt.d_raw"  "../Gpt.c"
"../Gpt.c", line 92: warning #1-D: last line of file ends without a newline
Finished building: "../Gpt.c"
 
Building file: "../Led.c"
Invoking: Arm Compiler
"C:/ti/ccs1240/ccs/tools/compiler/ti-cgt-arm_20.2.7.LTS/bin/armcl" -mv7M4 --code_state=16 --float_support=FPv4SPD16 -me --include_path="D:/MT/My Courses/Advanced_Embedded_Diploma/ARM_Microcontrollers/Exercises/CCS/AUTOSAR_Project_WS/AUTOSAR_Prohect" --include_path="C:/ti/ccs1240/ccs/tools/compiler/ti-cgt-arm_20.2.7.LTS/include" --define=ccs="ccs" --define=PART_TM4C123GH6PM -g --gcc --diag_warning=225 --diag_wrap=off --display_error_number --abi=eabi --preproc_with_compile --preproc_dependency="Led.d_raw"  "../Led.c"
Finished building: "../Led.c"
 
Building file: "../Mcu.c"
Invoking: Arm Compiler
"C:/ti/ccs1240/ccs/tools/compiler/ti-cgt-arm_20.2.7.LTS/bin/armcl" -mv7M4 --code_state=16 --float_support=FPv4SPD16 -me --include_path="D:/MT/My Courses/Advanced_Embedded_Diploma/ARM_Microcontrollers/Exercises/CCS/AUTOSAR_Project_WS/AUTOSAR_Prohect" --include_path="C:/ti/ccs1240/ccs/tools/compiler/ti-cgt-arm_20.2.7.LTS/include" --define=ccs="ccs" --define=PART_TM4C123GH6PM -g --gcc --diag_warning=225 --diag_wrap=off --display_error_number --abi=eabi --preproc_with_compile --preproc_dependency="Mcu.d_raw"  "../Mcu.c"
Finished building: "../Mcu.c"
 
Building file: "../Os.c"
Invoking: Arm Compiler
"C:/ti/ccs1240/ccs/tools/compiler/ti-cgt-arm_20.2.7.LTS/bin/armcl" -mv7M4 --code_state=16 --float_support=FPv4SPD16 -me --include_path="D:/MT/My Courses/Advanced_Embedded_Diploma/ARM_Microcontrollers/Exercises/CCS/AUTOSAR_Project_WS/AUTOSAR_Prohect" --include_path="C:/ti/ccs1240/ccs/tools/compiler/ti-cgt-arm_20.2.7.LTS/include" --define=ccs="ccs" --define=PART_TM4C123GH6PM -g --gcc --diag_warning=225 --diag_wrap=off --display_error_number --abi=eabi --preproc_with_compile --preproc_dependency="Os.d_raw"  "../Os.c"
1 Assembly Error, No Assembly Warnings
 
>> Compilation failure
subdir_rules.mk:9: recipe for target 'Os.obj' failed
warning: "../Os.c", line 34: Assembly statement "CPSIE I" creates a label, which may not be what was intended. Use a colon after a label or a space before a non-label to silence the warning.
warning: "../Os.c", line 34: Assembly statement "CPSIE I" creates a label, which may not be what was intended. Use a colon after a label or a space before a non-label to silence the warning.
"C:\Users\LEGION\AppData\Local\Temp\{A2BDC7FD-223E-48B4-8A5B-29C778408E3D}", ERROR!   at line 160: [E0002] Illegal mnemonic specified
	CPSIE I
 
 
Errors in Source - Assembler Aborted
gmake: *** [Os.obj] Error 1
Building file: "../cstartup_M.c"
Invoking: Arm Compiler
"C:/ti/ccs1240/ccs/tools/compiler/ti-cgt-arm_20.2.7.LTS/bin/armcl" -mv7M4 --code_state=16 --float_support=FPv4SPD16 -me --include_path="D:/MT/My Courses/Advanced_Embedded_Diploma/ARM_Microcontrollers/Exercises/CCS/AUTOSAR_Project_WS/AUTOSAR_Prohect" --include_path="C:/ti/ccs1240/ccs/tools/compiler/ti-cgt-arm_20.2.7.LTS/include" --define=ccs="ccs" --define=PART_TM4C123GH6PM -g --gcc --diag_warning=225 --diag_wrap=off --display_error_number --abi=eabi --preproc_with_compile --preproc_dependency="cstartup_M.d_raw"  "../cstartup_M.c"
 
>> Compilation failure
subdir_rules.mk:9: recipe for target 'cstartup_M.obj' failed
"../cstartup_M.c", line 12: warning #163-D: unrecognized #pragma
"../cstartup_M.c", line 13: warning #163-D: unrecognized #pragma
"../cstartup_M.c", line 40: error #159: expression must be an integral constant expression
"../cstartup_M.c", line 43: error #60: function call is not allowed in a constant expression
"../cstartup_M.c", line 63: warning #163-D: unrecognized #pragma
"../cstartup_M.c", line 64: warning #78-D: this declaration has no storage class or type specifier
"../cstartup_M.c", line 64: error #66: expected a ";"
"../cstartup_M.c", line 65: warning #163-D: unrecognized #pragma
"../cstartup_M.c", line 67: warning #163-D: unrecognized #pragma
"../cstartup_M.c", line 69: warning #163-D: unrecognized #pragma
"../cstartup_M.c", line 71: warning #163-D: unrecognized #pragma
"../cstartup_M.c", line 73: warning #163-D: unrecognized #pragma
"../cstartup_M.c", line 75: warning #163-D: unrecognized #pragma
"../cstartup_M.c", line 77: warning #163-D: unrecognized #pragma
"../cstartup_M.c", line 79: warning #163-D: unrecognized #pragma
"../cstartup_M.c", line 83: warning #12-D: parsing restarts here after previous syntax error
"../cstartup_M.c", line 84: warning #78-D: this declaration has no storage class or type specifier
"../cstartup_M.c", line 84: error #66: expected a ";"
"../cstartup_M.c", line 85: warning #78-D: this declaration has no storage class or type specifier
"../cstartup_M.c", line 85: error #66: expected a ";"
"../cstartup_M.c", line 87: warning #163-D: unrecognized #pragma
"../cstartup_M.c", line 90: warning #225-D: function "__iar_init_core" declared implicitly
"../cstartup_M.c", line 91: warning #225-D: function "__iar_init_vfp" declared implicitly
"../cstartup_M.c", line 92: warning #225-D: function "__cmain" declared implicitly
5 errors detected in the compilation of "../cstartup_M.c".
gmake: *** [cstartup_M.obj] Error 1
Building file: "../Port.c"
Invoking: Arm Compiler
"C:/ti/ccs1240/ccs/tools/compiler/ti-cgt-arm_20.2.7.LTS/bin/armcl" -mv7M4 --code_state=16 --float_support=FPv4SPD16 -me --include_path="D:/MT/My Courses/Advanced_Embedded_Diploma/ARM_Microcontrollers/Exercises/CCS/AUTOSAR_Project_WS/AUTOSAR_Prohect" --include_path="C:/ti/ccs1240/ccs/tools/compiler/ti-cgt-arm_20.2.7.LTS/include" --define=ccs="ccs" --define=PART_TM4C123GH6PM -g --gcc --diag_warning=225 --diag_wrap=off --display_error_number --abi=eabi --preproc_with_compile --preproc_dependency="Port.d_raw"  "../Port.c"
Finished building: "../Port.c"
 
Building file: "../main.c"
Invoking: Arm Compiler
"C:/ti/ccs1240/ccs/tools/compiler/ti-cgt-arm_20.2.7.LTS/bin/armcl" -mv7M4 --code_state=16 --float_support=FPv4SPD16 -me --include_path="D:/MT/My Courses/Advanced_Embedded_Diploma/ARM_Microcontrollers/Exercises/CCS/AUTOSAR_Project_WS/AUTOSAR_Prohect" --include_path="C:/ti/ccs1240/ccs/tools/compiler/ti-cgt-arm_20.2.7.LTS/include" --define=ccs="ccs" --define=PART_TM4C123GH6PM -g --gcc --diag_warning=225 --diag_wrap=off --display_error_number --abi=eabi --preproc_with_compile --preproc_dependency="main.d_raw"  "../main.c"
Finished building: "../main.c"
 
Building file: "../tm4c123gh6pm_startup_ccs.c"
Invoking: Arm Compiler
"C:/ti/ccs1240/ccs/tools/compiler/ti-cgt-arm_20.2.7.LTS/bin/armcl" -mv7M4 --code_state=16 --float_support=FPv4SPD16 -me --include_path="D:/MT/My Courses/Advanced_Embedded_Diploma/ARM_Microcontrollers/Exercises/CCS/AUTOSAR_Project_WS/AUTOSAR_Prohect" --include_path="C:/ti/ccs1240/ccs/tools/compiler/ti-cgt-arm_20.2.7.LTS/include" --define=ccs="ccs" --define=PART_TM4C123GH6PM -g --gcc --diag_warning=225 --diag_wrap=off --display_error_number --abi=eabi --preproc_with_compile --preproc_dependency="tm4c123gh6pm_startup_ccs.d_raw"  "../tm4c123gh6pm_startup_ccs.c"
Finished building: "../tm4c123gh6pm_startup_ccs.c"
 
gmake: Target 'all' not remade because of errors.

**** Build Finished ****

**** Build of configuration Debug for project AUTOSAR_Prohect ****

"C:\\ti\\ccs1240\\ccs\\utils\\bin\\gmake" -k -j 12 all -O 
 
Building file: "../Os.c"
Invoking: Arm Compiler
"C:/ti/ccs1240/ccs/tools/compiler/ti-cgt-arm_20.2.7.LTS/bin/armcl" -mv7M4 --code_state=16 --float_support=FPv4SPD16 -me --include_path="D:/MT/My Courses/Advanced_Embedded_Diploma/ARM_Microcontrollers/Exercises/CCS/AUTOSAR_Project_WS/AUTOSAR_Prohect" --include_path="C:/ti/ccs1240/ccs/tools/compiler/ti-cgt-arm_20.2.7.LTS/include" --define=ccs="ccs" --define=PART_TM4C123GH6PM -g --gcc --diag_warning=225 --diag_wrap=off --display_error_number --abi=eabi --preproc_with_compile --preproc_dependency="Os.d_raw"  "../Os.c"
1 Assembly Error, No Assembly Warnings
 
>> Compilation failure
subdir_rules.mk:9: recipe for target 'Os.obj' failed
warning: "../Os.c", line 34: Assembly statement "CPSIE I" creates a label, which may not be what was intended. Use a colon after a label or a space before a non-label to silence the warning.
warning: "../Os.c", line 34: Assembly statement "CPSIE I" creates a label, which may not be what was intended. Use a colon after a label or a space before a non-label to silence the warning.
"C:\Users\LEGION\AppData\Local\Temp\{8EA1944A-CE81-4FCB-9B47-0548C9ACEEE6}", ERROR!   at line 160: [E0002] Illegal mnemonic specified
	CPSIE I
 
 
Errors in Source - Assembler Aborted
gmake: *** [Os.obj] Error 1
Building file: "../App.c"
Invoking: Arm Compiler
"C:/ti/ccs1240/ccs/tools/compiler/ti-cgt-arm_20.2.7.LTS/bin/armcl" -mv7M4 --code_state=16 --float_support=FPv4SPD16 -me --include_path="D:/MT/My Courses/Advanced_Embedded_Diploma/ARM_Microcontrollers/Exercises/CCS/AUTOSAR_Project_WS/AUTOSAR_Prohect" --include_path="C:/ti/ccs1240/ccs/tools/compiler/ti-cgt-arm_20.2.7.LTS/include" --define=ccs="ccs" --define=PART_TM4C123GH6PM -g --gcc --diag_warning=225 --diag_wrap=off --display_error_number --abi=eabi --preproc_with_compile --preproc_dependency="App.d_raw"  "../App.c"
Finished building: "../App.c"
 
gmake: Target 'all' not remade because of errors.

**** Build Finished ****

**** Clean-only build of configuration Debug for project AUTOSAR_Project ****

"C:\\ti\\ccs1240\\ccs\\utils\\bin\\gmake" -k -j 12 clean -O 
 
DEL /F  "AUTOSAR_Prohect.out" 
DEL /F "App.obj" "Button.obj" "Det.obj" "Dio.obj" "Dio_PBcfg.obj" "Gpt.obj" "Led.obj" "Mcu.obj" "Os.obj" "Port.obj" "main.obj" "tm4c123gh6pm_startup_ccs.obj" 
DEL /F "App.d" "Button.d" "Det.d" "Dio.d" "Dio_PBcfg.d" "Gpt.d" "Led.d" "Mcu.d" "Os.d" "Port.d" "main.d" "tm4c123gh6pm_startup_ccs.d" 
Could Not Find D:\MT\My Courses\Advanced_Embedded_Diploma\ARM_Microcontrollers\Exercises\CCS\AUTOSAR_Project_WS\AUTOSAR_Project\Debug\AUTOSAR_Prohect.out
Finished clean
 

**** Build Finished ****

**** Build of configuration Debug for project AUTOSAR_Project ****

"C:\\ti\\ccs1240\\ccs\\utils\\bin\\gmake" -k -j 12 all -O 
 
Building file: "../App.c"
Invoking: Arm Compiler
"C:/ti/ccs1240/ccs/tools/compiler/ti-cgt-arm_20.2.7.LTS/bin/armcl" -mv7M4 --code_state=16 --float_support=FPv4SPD16 -me --include_path="D:/MT/My Courses/Advanced_Embedded_Diploma/ARM_Microcontrollers/Exercises/CCS/AUTOSAR_Project_WS/AUTOSAR_Project" --include_path="C:/ti/ccs1240/ccs/tools/compiler/ti-cgt-arm_20.2.7.LTS/include" --define=ccs="ccs" --define=PART_TM4C123GH6PM -g --gcc --diag_warning=225 --diag_wrap=off --display_error_number --abi=eabi --preproc_with_compile --preproc_dependency="App.d_raw"  "../App.c"
Finished building: "../App.c"
 
Building file: "../Button.c"
Invoking: Arm Compiler
"C:/ti/ccs1240/ccs/tools/compiler/ti-cgt-arm_20.2.7.LTS/bin/armcl" -mv7M4 --code_state=16 --float_support=FPv4SPD16 -me --include_path="D:/MT/My Courses/Advanced_Embedded_Diploma/ARM_Microcontrollers/Exercises/CCS/AUTOSAR_Project_WS/AUTOSAR_Project" --include_path="C:/ti/ccs1240/ccs/tools/compiler/ti-cgt-arm_20.2.7.LTS/include" --define=ccs="ccs" --define=PART_TM4C123GH6PM -g --gcc --diag_warning=225 --diag_wrap=off --display_error_number --abi=eabi --preproc_with_compile --preproc_dependency="Button.d_raw"  "../Button.c"
Finished building: "../Button.c"
 
Building file: "../Det.c"
Invoking: Arm Compiler
"C:/ti/ccs1240/ccs/tools/compiler/ti-cgt-arm_20.2.7.LTS/bin/armcl" -mv7M4 --code_state=16 --float_support=FPv4SPD16 -me --include_path="D:/MT/My Courses/Advanced_Embedded_Diploma/ARM_Microcontrollers/Exercises/CCS/AUTOSAR_Project_WS/AUTOSAR_Project" --include_path="C:/ti/ccs1240/ccs/tools/compiler/ti-cgt-arm_20.2.7.LTS/include" --define=ccs="ccs" --define=PART_TM4C123GH6PM -g --gcc --diag_warning=225 --diag_wrap=off --display_error_number --abi=eabi --preproc_with_compile --preproc_dependency="Det.d_raw"  "../Det.c"
"../Det.c", line 23: warning #112-D: statement is unreachable
Finished building: "../Det.c"
 
Building file: "../Dio.c"
Invoking: Arm Compiler
"C:/ti/ccs1240/ccs/tools/compiler/ti-cgt-arm_20.2.7.LTS/bin/armcl" -mv7M4 --code_state=16 --float_support=FPv4SPD16 -me --include_path="D:/MT/My Courses/Advanced_Embedded_Diploma/ARM_Microcontrollers/Exercises/CCS/AUTOSAR_Project_WS/AUTOSAR_Project" --include_path="C:/ti/ccs1240/ccs/tools/compiler/ti-cgt-arm_20.2.7.LTS/include" --define=ccs="ccs" --define=PART_TM4C123GH6PM -g --gcc --diag_warning=225 --diag_wrap=off --display_error_number --abi=eabi --preproc_with_compile --preproc_dependency="Dio.d_raw"  "../Dio.c"
Finished building: "../Dio.c"
 
Building file: "../Dio_PBcfg.c"
Invoking: Arm Compiler
"C:/ti/ccs1240/ccs/tools/compiler/ti-cgt-arm_20.2.7.LTS/bin/armcl" -mv7M4 --code_state=16 --float_support=FPv4SPD16 -me --include_path="D:/MT/My Courses/Advanced_Embedded_Diploma/ARM_Microcontrollers/Exercises/CCS/AUTOSAR_Project_WS/AUTOSAR_Project" --include_path="C:/ti/ccs1240/ccs/tools/compiler/ti-cgt-arm_20.2.7.LTS/include" --define=ccs="ccs" --define=PART_TM4C123GH6PM -g --gcc --diag_warning=225 --diag_wrap=off --display_error_number --abi=eabi --preproc_with_compile --preproc_dependency="Dio_PBcfg.d_raw"  "../Dio_PBcfg.c"
"../Dio_PBcfg.c", line 46: warning #1-D: last line of file ends without a newline
Finished building: "../Dio_PBcfg.c"
 
Building file: "../Gpt.c"
Invoking: Arm Compiler
"C:/ti/ccs1240/ccs/tools/compiler/ti-cgt-arm_20.2.7.LTS/bin/armcl" -mv7M4 --code_state=16 --float_support=FPv4SPD16 -me --include_path="D:/MT/My Courses/Advanced_Embedded_Diploma/ARM_Microcontrollers/Exercises/CCS/AUTOSAR_Project_WS/AUTOSAR_Project" --include_path="C:/ti/ccs1240/ccs/tools/compiler/ti-cgt-arm_20.2.7.LTS/include" --define=ccs="ccs" --define=PART_TM4C123GH6PM -g --gcc --diag_warning=225 --diag_wrap=off --display_error_number --abi=eabi --preproc_with_compile --preproc_dependency="Gpt.d_raw"  "../Gpt.c"
"../Gpt.c", line 92: warning #1-D: last line of file ends without a newline
Finished building: "../Gpt.c"
 
Building file: "../Led.c"
Invoking: Arm Compiler
"C:/ti/ccs1240/ccs/tools/compiler/ti-cgt-arm_20.2.7.LTS/bin/armcl" -mv7M4 --code_state=16 --float_support=FPv4SPD16 -me --include_path="D:/MT/My Courses/Advanced_Embedded_Diploma/ARM_Microcontrollers/Exercises/CCS/AUTOSAR_Project_WS/AUTOSAR_Project" --include_path="C:/ti/ccs1240/ccs/tools/compiler/ti-cgt-arm_20.2.7.LTS/include" --define=ccs="ccs" --define=PART_TM4C123GH6PM -g --gcc --diag_warning=225 --diag_wrap=off --display_error_number --abi=eabi --preproc_with_compile --preproc_dependency="Led.d_raw"  "../Led.c"
Finished building: "../Led.c"
 
Building file: "../Mcu.c"
Invoking: Arm Compiler
"C:/ti/ccs1240/ccs/tools/compiler/ti-cgt-arm_20.2.7.LTS/bin/armcl" -mv7M4 --code_state=16 --float_support=FPv4SPD16 -me --include_path="D:/MT/My Courses/Advanced_Embedded_Diploma/ARM_Microcontrollers/Exercises/CCS/AUTOSAR_Project_WS/AUTOSAR_Project" --include_path="C:/ti/ccs1240/ccs/tools/compiler/ti-cgt-arm_20.2.7.LTS/include" --define=ccs="ccs" --define=PART_TM4C123GH6PM -g --gcc --diag_warning=225 --diag_wrap=off --display_error_number --abi=eabi --preproc_with_compile --preproc_dependency="Mcu.d_raw"  "../Mcu.c"
Finished building: "../Mcu.c"
 
Building file: "../Os.c"
Invoking: Arm Compiler
"C:/ti/ccs1240/ccs/tools/compiler/ti-cgt-arm_20.2.7.LTS/bin/armcl" -mv7M4 --code_state=16 --float_support=FPv4SPD16 -me --include_path="D:/MT/My Courses/Advanced_Embedded_Diploma/ARM_Microcontrollers/Exercises/CCS/AUTOSAR_Project_WS/AUTOSAR_Project" --include_path="C:/ti/ccs1240/ccs/tools/compiler/ti-cgt-arm_20.2.7.LTS/include" --define=ccs="ccs" --define=PART_TM4C123GH6PM -g --gcc --diag_warning=225 --diag_wrap=off --display_error_number --abi=eabi --preproc_with_compile --preproc_dependency="Os.d_raw"  "../Os.c"
"../Os.c", line 40: warning #225-D: function "Enable_Interrupts" declared implicitly
Finished building: "../Os.c"
 
Building file: "../main.c"
Invoking: Arm Compiler
"C:/ti/ccs1240/ccs/tools/compiler/ti-cgt-arm_20.2.7.LTS/bin/armcl" -mv7M4 --code_state=16 --float_support=FPv4SPD16 -me --include_path="D:/MT/My Courses/Advanced_Embedded_Diploma/ARM_Microcontrollers/Exercises/CCS/AUTOSAR_Project_WS/AUTOSAR_Project" --include_path="C:/ti/ccs1240/ccs/tools/compiler/ti-cgt-arm_20.2.7.LTS/include" --define=ccs="ccs" --define=PART_TM4C123GH6PM -g --gcc --diag_warning=225 --diag_wrap=off --display_error_number --abi=eabi --preproc_with_compile --preproc_dependency="main.d_raw"  "../main.c"
Finished building: "../main.c"
 
Building file: "../Port.c"
Invoking: Arm Compiler
"C:/ti/ccs1240/ccs/tools/compiler/ti-cgt-arm_20.2.7.LTS/bin/armcl" -mv7M4 --code_state=16 --float_support=FPv4SPD16 -me --include_path="D:/MT/My Courses/Advanced_Embedded_Diploma/ARM_Microcontrollers/Exercises/CCS/AUTOSAR_Project_WS/AUTOSAR_Project" --include_path="C:/ti/ccs1240/ccs/tools/compiler/ti-cgt-arm_20.2.7.LTS/include" --define=ccs="ccs" --define=PART_TM4C123GH6PM -g --gcc --diag_warning=225 --diag_wrap=off --display_error_number --abi=eabi --preproc_with_compile --preproc_dependency="Port.d_raw"  "../Port.c"
Finished building: "../Port.c"
 
Building file: "../tm4c123gh6pm_startup_ccs.c"
Invoking: Arm Compiler
"C:/ti/ccs1240/ccs/tools/compiler/ti-cgt-arm_20.2.7.LTS/bin/armcl" -mv7M4 --code_state=16 --float_support=FPv4SPD16 -me --include_path="D:/MT/My Courses/Advanced_Embedded_Diploma/ARM_Microcontrollers/Exercises/CCS/AUTOSAR_Project_WS/AUTOSAR_Project" --include_path="C:/ti/ccs1240/ccs/tools/compiler/ti-cgt-arm_20.2.7.LTS/include" --define=ccs="ccs" --define=PART_TM4C123GH6PM -g --gcc --diag_warning=225 --diag_wrap=off --display_error_number --abi=eabi --preproc_with_compile --preproc_dependency="tm4c123gh6pm_startup_ccs.d_raw"  "../tm4c123gh6pm_startup_ccs.c"
Finished building: "../tm4c123gh6pm_startup_ccs.c"
 
Building target: "AUTOSAR_Project.out"
Invoking: Arm Linker
"C:/ti/ccs1240/ccs/tools/compiler/ti-cgt-arm_20.2.7.LTS/bin/armcl" -mv7M4 --code_state=16 --float_support=FPv4SPD16 -me --define=ccs="ccs" --define=PART_TM4C123GH6PM -g --gcc --diag_warning=225 --diag_wrap=off --display_error_number --abi=eabi -z -m"AUTOSAR_Project.map" --heap_size=0 --stack_size=512 -i"C:/ti/ccs1240/ccs/tools/compiler/ti-cgt-arm_20.2.7.LTS/lib" -i"C:/ti/ccs1240/ccs/tools/compiler/ti-cgt-arm_20.2.7.LTS/include" --reread_libs --diag_wrap=off --display_error_number --warn_sections --xml_link_info="AUTOSAR_Project_linkInfo.xml" --rom_model -o "AUTOSAR_Project.out" "./App.obj" "./Button.obj" "./Det.obj" "./Dio.obj" "./Dio_PBcfg.obj" "./Gpt.obj" "./Led.obj" "./Mcu.obj" "./Os.obj" "./Port.obj" "./main.obj" "./tm4c123gh6pm_startup_ccs.obj" "../tm4c123gh6pm.cmd"  -llibc.a 
<Linking>
 
 undefined         first referenced
  symbol               in file     
 ---------         ----------------
 Enable_Interrupts ./Os.obj        
 
error #10234-D: unresolved symbols remain
error #10010: errors encountered during linking; "AUTOSAR_Project.out" not built
 
>> Compilation failure
makefile:146: recipe for target 'AUTOSAR_Project.out' failed
gmake[1]: *** [AUTOSAR_Project.out] Error 1
makefile:142: recipe for target 'all' failed
gmake: *** [all] Error 2

**** Build Finished ****

**** Build of configuration Debug for project AUTOSAR_Project ****

"C:\\ti\\ccs1240\\ccs\\utils\\bin\\gmake" -k -j 12 all -O 
 
Building file: "../Os.c"
Invoking: Arm Compiler
"C:/ti/ccs1240/ccs/tools/compiler/ti-cgt-arm_20.2.7.LTS/bin/armcl" -mv7M4 --code_state=16 --float_support=FPv4SPD16 -me --include_path="D:/MT/My Courses/Advanced_Embedded_Diploma/ARM_Microcontrollers/Exercises/CCS/AUTOSAR_Project_WS/AUTOSAR_Project" --include_path="C:/ti/ccs1240/ccs/tools/compiler/ti-cgt-arm_20.2.7.LTS/include" --define=ccs="ccs" --define=PART_TM4C123GH6PM -g --gcc --diag_warning=225 --diag_wrap=off --display_error_number --abi=eabi --preproc_with_compile --preproc_dependency="Os.d_raw"  "../Os.c"
Finished building: "../Os.c"
 
Building target: "AUTOSAR_Project.out"
Invoking: Arm Linker
"C:/ti/ccs1240/ccs/tools/compiler/ti-cgt-arm_20.2.7.LTS/bin/armcl" -mv7M4 --code_state=16 --float_support=FPv4SPD16 -me --define=ccs="ccs" --define=PART_TM4C123GH6PM -g --gcc --diag_warning=225 --diag_wrap=off --display_error_number --abi=eabi -z -m"AUTOSAR_Project.map" --heap_size=0 --stack_size=512 -i"C:/ti/ccs1240/ccs/tools/compiler/ti-cgt-arm_20.2.7.LTS/lib" -i"C:/ti/ccs1240/ccs/tools/compiler/ti-cgt-arm_20.2.7.LTS/include" --reread_libs --diag_wrap=off --display_error_number --warn_sections --xml_link_info="AUTOSAR_Project_linkInfo.xml" --rom_model -o "AUTOSAR_Project.out" "./App.obj" "./Button.obj" "./Det.obj" "./Dio.obj" "./Dio_PBcfg.obj" "./Gpt.obj" "./Led.obj" "./Mcu.obj" "./Os.obj" "./Port.obj" "./main.obj" "./tm4c123gh6pm_startup_ccs.obj" "../tm4c123gh6pm.cmd"  -llibc.a 
<Linking>
Finished building target: "AUTOSAR_Project.out"
 

**** Build Finished ****

**** Build of configuration Debug for project AUTOSAR_Project ****

"C:\\ti\\ccs1240\\ccs\\utils\\bin\\gmake" -k -j 12 all -O 
 
gmake[1]: 'AUTOSAR_Project.out' is up to date.

**** Build Finished ****

**** Build of configuration Debug for project AUTOSAR_Project ****

"C:\\ti\\ccs1240\\ccs\\utils\\bin\\gmake" -k -j 12 all -O 
 
Building file: "../App.c"
Invoking: Arm Compiler
"C:/ti/ccs1240/ccs/tools/compiler/ti-cgt-arm_20.2.7.LTS/bin/armcl" -mv7M4 --code_state=16 --float_support=FPv4SPD16 -me --include_path="D:/MT/My Courses/Advanced_Embedded_Diploma/ARM_Microcontrollers/Exercises/CCS/AUTOSAR_Project_WS/AUTOSAR_Project" --include_path="C:/ti/ccs1240/ccs/tools/compiler/ti-cgt-arm_20.2.7.LTS/include" --define=ccs="ccs" --define=PART_TM4C123GH6PM -g --gcc --diag_warning=225 --diag_wrap=off --display_error_number --abi=eabi --preproc_with_compile --preproc_dependency="App.d_raw"  "../App.c"
Finished building: "../App.c"
 
Building file: "../Button.c"
Invoking: Arm Compiler
"C:/ti/ccs1240/ccs/tools/compiler/ti-cgt-arm_20.2.7.LTS/bin/armcl" -mv7M4 --code_state=16 --float_support=FPv4SPD16 -me --include_path="D:/MT/My Courses/Advanced_Embedded_Diploma/ARM_Microcontrollers/Exercises/CCS/AUTOSAR_Project_WS/AUTOSAR_Project" --include_path="C:/ti/ccs1240/ccs/tools/compiler/ti-cgt-arm_20.2.7.LTS/include" --define=ccs="ccs" --define=PART_TM4C123GH6PM -g --gcc --diag_warning=225 --diag_wrap=off --display_error_number --abi=eabi --preproc_with_compile --preproc_dependency="Button.d_raw"  "../Button.c"
Finished building: "../Button.c"
 
Building file: "../Det.c"
Invoking: Arm Compiler
"C:/ti/ccs1240/ccs/tools/compiler/ti-cgt-arm_20.2.7.LTS/bin/armcl" -mv7M4 --code_state=16 --float_support=FPv4SPD16 -me --include_path="D:/MT/My Courses/Advanced_Embedded_Diploma/ARM_Microcontrollers/Exercises/CCS/AUTOSAR_Project_WS/AUTOSAR_Project" --include_path="C:/ti/ccs1240/ccs/tools/compiler/ti-cgt-arm_20.2.7.LTS/include" --define=ccs="ccs" --define=PART_TM4C123GH6PM -g --gcc --diag_warning=225 --diag_wrap=off --display_error_number --abi=eabi --preproc_with_compile --preproc_dependency="Det.d_raw"  "../Det.c"
"../Det.c", line 23: warning #112-D: statement is unreachable
Finished building: "../Det.c"
 
Building file: "../Dio_PBcfg.c"
Invoking: Arm Compiler
"C:/ti/ccs1240/ccs/tools/compiler/ti-cgt-arm_20.2.7.LTS/bin/armcl" -mv7M4 --code_state=16 --float_support=FPv4SPD16 -me --include_path="D:/MT/My Courses/Advanced_Embedded_Diploma/ARM_Microcontrollers/Exercises/CCS/AUTOSAR_Project_WS/AUTOSAR_Project" --include_path="C:/ti/ccs1240/ccs/tools/compiler/ti-cgt-arm_20.2.7.LTS/include" --define=ccs="ccs" --define=PART_TM4C123GH6PM -g --gcc --diag_warning=225 --diag_wrap=off --display_error_number --abi=eabi --preproc_with_compile --preproc_dependency="Dio_PBcfg.d_raw"  "../Dio_PBcfg.c"
Finished building: "../Dio_PBcfg.c"
 
Building file: "../Dio.c"
Invoking: Arm Compiler
"C:/ti/ccs1240/ccs/tools/compiler/ti-cgt-arm_20.2.7.LTS/bin/armcl" -mv7M4 --code_state=16 --float_support=FPv4SPD16 -me --include_path="D:/MT/My Courses/Advanced_Embedded_Diploma/ARM_Microcontrollers/Exercises/CCS/AUTOSAR_Project_WS/AUTOSAR_Project" --include_path="C:/ti/ccs1240/ccs/tools/compiler/ti-cgt-arm_20.2.7.LTS/include" --define=ccs="ccs" --define=PART_TM4C123GH6PM -g --gcc --diag_warning=225 --diag_wrap=off --display_error_number --abi=eabi --preproc_with_compile --preproc_dependency="Dio.d_raw"  "../Dio.c"
Finished building: "../Dio.c"
 
Building file: "../Gpt.c"
Invoking: Arm Compiler
"C:/ti/ccs1240/ccs/tools/compiler/ti-cgt-arm_20.2.7.LTS/bin/armcl" -mv7M4 --code_state=16 --float_support=FPv4SPD16 -me --include_path="D:/MT/My Courses/Advanced_Embedded_Diploma/ARM_Microcontrollers/Exercises/CCS/AUTOSAR_Project_WS/AUTOSAR_Project" --include_path="C:/ti/ccs1240/ccs/tools/compiler/ti-cgt-arm_20.2.7.LTS/include" --define=ccs="ccs" --define=PART_TM4C123GH6PM -g --gcc --diag_warning=225 --diag_wrap=off --display_error_number --abi=eabi --preproc_with_compile --preproc_dependency="Gpt.d_raw"  "../Gpt.c"
Finished building: "../Gpt.c"
 
Building file: "../Led.c"
Invoking: Arm Compiler
"C:/ti/ccs1240/ccs/tools/compiler/ti-cgt-arm_20.2.7.LTS/bin/armcl" -mv7M4 --code_state=16 --float_support=FPv4SPD16 -me --include_path="D:/MT/My Courses/Advanced_Embedded_Diploma/ARM_Microcontrollers/Exercises/CCS/AUTOSAR_Project_WS/AUTOSAR_Project" --include_path="C:/ti/ccs1240/ccs/tools/compiler/ti-cgt-arm_20.2.7.LTS/include" --define=ccs="ccs" --define=PART_TM4C123GH6PM -g --gcc --diag_warning=225 --diag_wrap=off --display_error_number --abi=eabi --preproc_with_compile --preproc_dependency="Led.d_raw"  "../Led.c"
Finished building: "../Led.c"
 
Building file: "../Mcu.c"
Invoking: Arm Compiler
"C:/ti/ccs1240/ccs/tools/compiler/ti-cgt-arm_20.2.7.LTS/bin/armcl" -mv7M4 --code_state=16 --float_support=FPv4SPD16 -me --include_path="D:/MT/My Courses/Advanced_Embedded_Diploma/ARM_Microcontrollers/Exercises/CCS/AUTOSAR_Project_WS/AUTOSAR_Project" --include_path="C:/ti/ccs1240/ccs/tools/compiler/ti-cgt-arm_20.2.7.LTS/include" --define=ccs="ccs" --define=PART_TM4C123GH6PM -g --gcc --diag_warning=225 --diag_wrap=off --display_error_number --abi=eabi --preproc_with_compile --preproc_dependency="Mcu.d_raw"  "../Mcu.c"
Finished building: "../Mcu.c"
 
Building file: "../Os.c"
Invoking: Arm Compiler
"C:/ti/ccs1240/ccs/tools/compiler/ti-cgt-arm_20.2.7.LTS/bin/armcl" -mv7M4 --code_state=16 --float_support=FPv4SPD16 -me --include_path="D:/MT/My Courses/Advanced_Embedded_Diploma/ARM_Microcontrollers/Exercises/CCS/AUTOSAR_Project_WS/AUTOSAR_Project" --include_path="C:/ti/ccs1240/ccs/tools/compiler/ti-cgt-arm_20.2.7.LTS/include" --define=ccs="ccs" --define=PART_TM4C123GH6PM -g --gcc --diag_warning=225 --diag_wrap=off --display_error_number --abi=eabi --preproc_with_compile --preproc_dependency="Os.d_raw"  "../Os.c"
Finished building: "../Os.c"
 
Building file: "../main.c"
Invoking: Arm Compiler
"C:/ti/ccs1240/ccs/tools/compiler/ti-cgt-arm_20.2.7.LTS/bin/armcl" -mv7M4 --code_state=16 --float_support=FPv4SPD16 -me --include_path="D:/MT/My Courses/Advanced_Embedded_Diploma/ARM_Microcontrollers/Exercises/CCS/AUTOSAR_Project_WS/AUTOSAR_Project" --include_path="C:/ti/ccs1240/ccs/tools/compiler/ti-cgt-arm_20.2.7.LTS/include" --define=ccs="ccs" --define=PART_TM4C123GH6PM -g --gcc --diag_warning=225 --diag_wrap=off --display_error_number --abi=eabi --preproc_with_compile --preproc_dependency="main.d_raw"  "../main.c"
Finished building: "../main.c"
 
Building file: "../Port.c"
Invoking: Arm Compiler
"C:/ti/ccs1240/ccs/tools/compiler/ti-cgt-arm_20.2.7.LTS/bin/armcl" -mv7M4 --code_state=16 --float_support=FPv4SPD16 -me --include_path="D:/MT/My Courses/Advanced_Embedded_Diploma/ARM_Microcontrollers/Exercises/CCS/AUTOSAR_Project_WS/AUTOSAR_Project" --include_path="C:/ti/ccs1240/ccs/tools/compiler/ti-cgt-arm_20.2.7.LTS/include" --define=ccs="ccs" --define=PART_TM4C123GH6PM -g --gcc --diag_warning=225 --diag_wrap=off --display_error_number --abi=eabi --preproc_with_compile --preproc_dependency="Port.d_raw"  "../Port.c"
Finished building: "../Port.c"
 
Building target: "AUTOSAR_Project.out"
Invoking: Arm Linker
"C:/ti/ccs1240/ccs/tools/compiler/ti-cgt-arm_20.2.7.LTS/bin/armcl" -mv7M4 --code_state=16 --float_support=FPv4SPD16 -me --define=ccs="ccs" --define=PART_TM4C123GH6PM -g --gcc --diag_warning=225 --diag_wrap=off --display_error_number --abi=eabi -z -m"AUTOSAR_Project.map" --heap_size=0 --stack_size=512 -i"C:/ti/ccs1240/ccs/tools/compiler/ti-cgt-arm_20.2.7.LTS/lib" -i"C:/ti/ccs1240/ccs/tools/compiler/ti-cgt-arm_20.2.7.LTS/include" --reread_libs --diag_wrap=off --display_error_number --warn_sections --xml_link_info="AUTOSAR_Project_linkInfo.xml" --rom_model -o "AUTOSAR_Project.out" "./App.obj" "./Button.obj" "./Det.obj" "./Dio.obj" "./Dio_PBcfg.obj" "./Gpt.obj" "./Led.obj" "./Mcu.obj" "./Os.obj" "./Port.obj" "./main.obj" "./tm4c123gh6pm_startup_ccs.obj" "../tm4c123gh6pm.cmd"  -llibc.a 
<Linking>
Finished building target: "AUTOSAR_Project.out"
 

**** Build Finished ****

**** Build of configuration Debug for project AUTOSAR_Project ****

"C:\\ti\\ccs1240\\ccs\\utils\\bin\\gmake" -k -j 12 all -O 
 
Building file: "../App.c"
Invoking: Arm Compiler
"C:/ti/ccs1240/ccs/tools/compiler/ti-cgt-arm_20.2.7.LTS/bin/armcl" -mv7M4 --code_state=16 --float_support=FPv4SPD16 -me --include_path="D:/MT/My Courses/Advanced_Embedded_Diploma/ARM_Microcontrollers/Exercises/CCS/AUTOSAR_Project_WS/AUTOSAR_Project" --include_path="C:/ti/ccs1240/ccs/tools/compiler/ti-cgt-arm_20.2.7.LTS/include" --define=ccs="ccs" --define=PART_TM4C123GH6PM -g --gcc --diag_warning=225 --diag_wrap=off --display_error_number --abi=eabi --preproc_with_compile --preproc_dependency="App.d_raw"  "../App.c"
"../App.c", line 31: warning #225-D: function "Button_Init" declared implicitly
Finished building: "../App.c"
 
Building file: "../Button.c"
Invoking: Arm Compiler
"C:/ti/ccs1240/ccs/tools/compiler/ti-cgt-arm_20.2.7.LTS/bin/armcl" -mv7M4 --code_state=16 --float_support=FPv4SPD16 -me --include_path="D:/MT/My Courses/Advanced_Embedded_Diploma/ARM_Microcontrollers/Exercises/CCS/AUTOSAR_Project_WS/AUTOSAR_Project" --include_path="C:/ti/ccs1240/ccs/tools/compiler/ti-cgt-arm_20.2.7.LTS/include" --define=ccs="ccs" --define=PART_TM4C123GH6PM -g --gcc --diag_warning=225 --diag_wrap=off --display_error_number --abi=eabi --preproc_with_compile --preproc_dependency="Button.d_raw"  "../Button.c"
Finished building: "../Button.c"
 
Building file: "../Gpt.c"
Invoking: Arm Compiler
"C:/ti/ccs1240/ccs/tools/compiler/ti-cgt-arm_20.2.7.LTS/bin/armcl" -mv7M4 --code_state=16 --float_support=FPv4SPD16 -me --include_path="D:/MT/My Courses/Advanced_Embedded_Diploma/ARM_Microcontrollers/Exercises/CCS/AUTOSAR_Project_WS/AUTOSAR_Project" --include_path="C:/ti/ccs1240/ccs/tools/compiler/ti-cgt-arm_20.2.7.LTS/include" --define=ccs="ccs" --define=PART_TM4C123GH6PM -g --gcc --diag_warning=225 --diag_wrap=off --display_error_number --abi=eabi --preproc_with_compile --preproc_dependency="Gpt.d_raw"  "../Gpt.c"
Finished building: "../Gpt.c"
 
Building file: "../Os.c"
Invoking: Arm Compiler
"C:/ti/ccs1240/ccs/tools/compiler/ti-cgt-arm_20.2.7.LTS/bin/armcl" -mv7M4 --code_state=16 --float_support=FPv4SPD16 -me --include_path="D:/MT/My Courses/Advanced_Embedded_Diploma/ARM_Microcontrollers/Exercises/CCS/AUTOSAR_Project_WS/AUTOSAR_Project" --include_path="C:/ti/ccs1240/ccs/tools/compiler/ti-cgt-arm_20.2.7.LTS/include" --define=ccs="ccs" --define=PART_TM4C123GH6PM -g --gcc --diag_warning=225 --diag_wrap=off --display_error_number --abi=eabi --preproc_with_compile --preproc_dependency="Os.d_raw"  "../Os.c"
Finished building: "../Os.c"
 
Building target: "AUTOSAR_Project.out"
Invoking: Arm Linker
"C:/ti/ccs1240/ccs/tools/compiler/ti-cgt-arm_20.2.7.LTS/bin/armcl" -mv7M4 --code_state=16 --float_support=FPv4SPD16 -me --define=ccs="ccs" --define=PART_TM4C123GH6PM -g --gcc --diag_warning=225 --diag_wrap=off --display_error_number --abi=eabi -z -m"AUTOSAR_Project.map" --heap_size=0 --stack_size=512 -i"C:/ti/ccs1240/ccs/tools/compiler/ti-cgt-arm_20.2.7.LTS/lib" -i"C:/ti/ccs1240/ccs/tools/compiler/ti-cgt-arm_20.2.7.LTS/include" --reread_libs --diag_wrap=off --display_error_number --warn_sections --xml_link_info="AUTOSAR_Project_linkInfo.xml" --rom_model -o "AUTOSAR_Project.out" "./App.obj" "./Button.obj" "./Det.obj" "./Dio.obj" "./Dio_PBcfg.obj" "./Gpt.obj" "./Led.obj" "./Mcu.obj" "./Os.obj" "./Port.obj" "./main.obj" "./tm4c123gh6pm_startup_ccs.obj" "../tm4c123gh6pm.cmd"  -llibc.a 
<Linking>
Finished building target: "AUTOSAR_Project.out"
 

**** Build Finished ****

**** Build of configuration Debug for project AUTOSAR_Project ****

"C:\\ti\\ccs1240\\ccs\\utils\\bin\\gmake" -k -j 12 all -O 
 
Building file: "../App.c"
Invoking: Arm Compiler
"C:/ti/ccs1240/ccs/tools/compiler/ti-cgt-arm_20.2.7.LTS/bin/armcl" -mv7M4 --code_state=16 --float_support=FPv4SPD16 -me --include_path="D:/MT/My Courses/Advanced_Embedded_Diploma/ARM_Microcontrollers/Exercises/CCS/AUTOSAR_Project_WS/AUTOSAR_Project" --include_path="C:/ti/ccs1240/ccs/tools/compiler/ti-cgt-arm_20.2.7.LTS/include" --define=ccs="ccs" --define=PART_TM4C123GH6PM -g --gcc --diag_warning=225 --diag_wrap=off --display_error_number --abi=eabi --preproc_with_compile --preproc_dependency="App.d_raw"  "../App.c"
"../App.c", line 31: warning #225-D: function "Button_Init" declared implicitly
Finished building: "../App.c"
 
Building file: "../Button.c"
Invoking: Arm Compiler
"C:/ti/ccs1240/ccs/tools/compiler/ti-cgt-arm_20.2.7.LTS/bin/armcl" -mv7M4 --code_state=16 --float_support=FPv4SPD16 -me --include_path="D:/MT/My Courses/Advanced_Embedded_Diploma/ARM_Microcontrollers/Exercises/CCS/AUTOSAR_Project_WS/AUTOSAR_Project" --include_path="C:/ti/ccs1240/ccs/tools/compiler/ti-cgt-arm_20.2.7.LTS/include" --define=ccs="ccs" --define=PART_TM4C123GH6PM -g --gcc --diag_warning=225 --diag_wrap=off --display_error_number --abi=eabi --preproc_with_compile --preproc_dependency="Button.d_raw"  "../Button.c"
Finished building: "../Button.c"
 
Building file: "../Led.c"
Invoking: Arm Compiler
"C:/ti/ccs1240/ccs/tools/compiler/ti-cgt-arm_20.2.7.LTS/bin/armcl" -mv7M4 --code_state=16 --float_support=FPv4SPD16 -me --include_path="D:/MT/My Courses/Advanced_Embedded_Diploma/ARM_Microcontrollers/Exercises/CCS/AUTOSAR_Project_WS/AUTOSAR_Project" --include_path="C:/ti/ccs1240/ccs/tools/compiler/ti-cgt-arm_20.2.7.LTS/include" --define=ccs="ccs" --define=PART_TM4C123GH6PM -g --gcc --diag_warning=225 --diag_wrap=off --display_error_number --abi=eabi --preproc_with_compile --preproc_dependency="Led.d_raw"  "../Led.c"
"../Led.c", line 32: warning #225-D: function "LED_FillConfigurations" declared implicitly
"../Led.c", line 20: warning #179-D: function "Led_FillConfigurations" was declared but never referenced
Finished building: "../Led.c"
 
Building file: "../Os.c"
Invoking: Arm Compiler
"C:/ti/ccs1240/ccs/tools/compiler/ti-cgt-arm_20.2.7.LTS/bin/armcl" -mv7M4 --code_state=16 --float_support=FPv4SPD16 -me --include_path="D:/MT/My Courses/Advanced_Embedded_Diploma/ARM_Microcontrollers/Exercises/CCS/AUTOSAR_Project_WS/AUTOSAR_Project" --include_path="C:/ti/ccs1240/ccs/tools/compiler/ti-cgt-arm_20.2.7.LTS/include" --define=ccs="ccs" --define=PART_TM4C123GH6PM -g --gcc --diag_warning=225 --diag_wrap=off --display_error_number --abi=eabi --preproc_with_compile --preproc_dependency="Os.d_raw"  "../Os.c"
Finished building: "../Os.c"
 
Building target: "AUTOSAR_Project.out"
Invoking: Arm Linker
"C:/ti/ccs1240/ccs/tools/compiler/ti-cgt-arm_20.2.7.LTS/bin/armcl" -mv7M4 --code_state=16 --float_support=FPv4SPD16 -me --define=ccs="ccs" --define=PART_TM4C123GH6PM -g --gcc --diag_warning=225 --diag_wrap=off --display_error_number --abi=eabi -z -m"AUTOSAR_Project.map" --heap_size=0 --stack_size=512 -i"C:/ti/ccs1240/ccs/tools/compiler/ti-cgt-arm_20.2.7.LTS/lib" -i"C:/ti/ccs1240/ccs/tools/compiler/ti-cgt-arm_20.2.7.LTS/include" --reread_libs --diag_wrap=off --display_error_number --warn_sections --xml_link_info="AUTOSAR_Project_linkInfo.xml" --rom_model -o "AUTOSAR_Project.out" "./App.obj" "./Button.obj" "./Det.obj" "./Dio.obj" "./Dio_PBcfg.obj" "./Gpt.obj" "./Led.obj" "./Mcu.obj" "./Os.obj" "./Port.obj" "./main.obj" "./tm4c123gh6pm_startup_ccs.obj" "../tm4c123gh6pm.cmd"  -llibc.a 
<Linking>
 
 undefined              first referenced
  symbol                    in file     
 ---------              ----------------
 LED_FillConfigurations ./Led.obj       
 
error #10234-D: unresolved symbols remain
error #10010: errors encountered during linking; "AUTOSAR_Project.out" not built
 
>> Compilation failure
makefile:146: recipe for target 'AUTOSAR_Project.out' failed
gmake[1]: *** [AUTOSAR_Project.out] Error 1
makefile:142: recipe for target 'all' failed
gmake: *** [all] Error 2

**** Build Finished ****

**** Build of configuration Debug for project AUTOSAR_Project ****

"C:\\ti\\ccs1240\\ccs\\utils\\bin\\gmake" -k -j 12 all -O 
 
Building file: "../Led.c"
Invoking: Arm Compiler
"C:/ti/ccs1240/ccs/tools/compiler/ti-cgt-arm_20.2.7.LTS/bin/armcl" -mv7M4 --code_state=16 --float_support=FPv4SPD16 -me --include_path="D:/MT/My Courses/Advanced_Embedded_Diploma/ARM_Microcontrollers/Exercises/CCS/AUTOSAR_Project_WS/AUTOSAR_Project" --include_path="C:/ti/ccs1240/ccs/tools/compiler/ti-cgt-arm_20.2.7.LTS/include" --define=ccs="ccs" --define=PART_TM4C123GH6PM -g --gcc --diag_warning=225 --diag_wrap=off --display_error_number --abi=eabi --preproc_with_compile --preproc_dependency="Led.d_raw"  "../Led.c"
Finished building: "../Led.c"
 
Building target: "AUTOSAR_Project.out"
Invoking: Arm Linker
"C:/ti/ccs1240/ccs/tools/compiler/ti-cgt-arm_20.2.7.LTS/bin/armcl" -mv7M4 --code_state=16 --float_support=FPv4SPD16 -me --define=ccs="ccs" --define=PART_TM4C123GH6PM -g --gcc --diag_warning=225 --diag_wrap=off --display_error_number --abi=eabi -z -m"AUTOSAR_Project.map" --heap_size=0 --stack_size=512 -i"C:/ti/ccs1240/ccs/tools/compiler/ti-cgt-arm_20.2.7.LTS/lib" -i"C:/ti/ccs1240/ccs/tools/compiler/ti-cgt-arm_20.2.7.LTS/include" --reread_libs --diag_wrap=off --display_error_number --warn_sections --xml_link_info="AUTOSAR_Project_linkInfo.xml" --rom_model -o "AUTOSAR_Project.out" "./App.obj" "./Button.obj" "./Det.obj" "./Dio.obj" "./Dio_PBcfg.obj" "./Gpt.obj" "./Led.obj" "./Mcu.obj" "./Os.obj" "./Port.obj" "./main.obj" "./tm4c123gh6pm_startup_ccs.obj" "../tm4c123gh6pm.cmd"  -llibc.a 
<Linking>
Finished building target: "AUTOSAR_Project.out"
 

**** Build Finished ****

**** Clean-only build of configuration Debug for project AUTOSAR_Project ****

"C:\\ti\\ccs1270\\ccs\\utils\\bin\\gmake" -k -j 12 clean -O 
 
DEL /F  "AUTOSAR_Project.out" 
DEL /F "App.obj" "Button.obj" "Det.obj" "Dio.obj" "Dio_PBcfg.obj" "Gpt.obj" "Led.obj" "Mcu.obj" "Os.obj" "Port.obj" "main.obj" "tm4c123gh6pm_startup_ccs.obj" 
DEL /F "App.d" "Button.d" "Det.d" "Dio.d" "Dio_PBcfg.d" "Gpt.d" "Led.d" "Mcu.d" "Os.d" "Port.d" "main.d" "tm4c123gh6pm_startup_ccs.d" 
Finished clean
 

**** Build Finished ****

**** Build of configuration Debug for project AUTOSAR_Project ****

"C:\\ti\\ccs1270\\ccs\\utils\\bin\\gmake" -k -j 12 all -O 
 
Building file: "../Button.c"
Invoking: Arm Compiler
"C:/ti/ccs1270/ccs/tools/compiler/ti-cgt-arm_20.2.7.LTS/bin/armcl" -mv7M4 --code_state=16 --float_support=FPv4SPD16 -me --include_path="C:/Users/mod_n/Documents/M.T advance diploma/Projects/AUTOSAR_Project_WS/AUTOSAR_Project" --include_path="C:/ti/ccs1270/ccs/tools/compiler/ti-cgt-arm_20.2.7.LTS/include" --define=ccs="ccs" --define=PART_TM4C123GH6PM -g --gcc --diag_warning=225 --diag_wrap=off --display_error_number --abi=eabi --preproc_with_compile --preproc_dependency="Button.d_raw"  "../Button.c"
 
>> Compilation failure
subdir_rules.mk:9: recipe for target 'Button.obj' failed
"..\Port.h", line 25: warning #78-D: this declaration has no storage class or type specifier
"..\Port.h", line 25: error #66: expected a ";"
"..\Port.h", line 25: error #19: extra text after expected end of number
"..\Port.h", line 134: warning #12-D: parsing restarts here after previous syntax error
2 errors detected in the compilation of "../Button.c".
gmake: *** [Button.obj] Error 1
Building file: "../App.c"
Invoking: Arm Compiler
"C:/ti/ccs1270/ccs/tools/compiler/ti-cgt-arm_20.2.7.LTS/bin/armcl" -mv7M4 --code_state=16 --float_support=FPv4SPD16 -me --include_path="C:/Users/mod_n/Documents/M.T advance diploma/Projects/AUTOSAR_Project_WS/AUTOSAR_Project" --include_path="C:/ti/ccs1270/ccs/tools/compiler/ti-cgt-arm_20.2.7.LTS/include" --define=ccs="ccs" --define=PART_TM4C123GH6PM -g --gcc --diag_warning=225 --diag_wrap=off --display_error_number --abi=eabi --preproc_with_compile --preproc_dependency="App.d_raw"  "../App.c"
"../App.c", line 31: warning #225-D: function "Button_Init" declared implicitly
Finished building: "../App.c"
 
Building file: "../Det.c"
Invoking: Arm Compiler
"C:/ti/ccs1270/ccs/tools/compiler/ti-cgt-arm_20.2.7.LTS/bin/armcl" -mv7M4 --code_state=16 --float_support=FPv4SPD16 -me --include_path="C:/Users/mod_n/Documents/M.T advance diploma/Projects/AUTOSAR_Project_WS/AUTOSAR_Project" --include_path="C:/ti/ccs1270/ccs/tools/compiler/ti-cgt-arm_20.2.7.LTS/include" --define=ccs="ccs" --define=PART_TM4C123GH6PM -g --gcc --diag_warning=225 --diag_wrap=off --display_error_number --abi=eabi --preproc_with_compile --preproc_dependency="Det.d_raw"  "../Det.c"
"../Det.c", line 23: warning #112-D: statement is unreachable
Finished building: "../Det.c"
 
Building file: "../Dio.c"
Invoking: Arm Compiler
"C:/ti/ccs1270/ccs/tools/compiler/ti-cgt-arm_20.2.7.LTS/bin/armcl" -mv7M4 --code_state=16 --float_support=FPv4SPD16 -me --include_path="C:/Users/mod_n/Documents/M.T advance diploma/Projects/AUTOSAR_Project_WS/AUTOSAR_Project" --include_path="C:/ti/ccs1270/ccs/tools/compiler/ti-cgt-arm_20.2.7.LTS/include" --define=ccs="ccs" --define=PART_TM4C123GH6PM -g --gcc --diag_warning=225 --diag_wrap=off --display_error_number --abi=eabi --preproc_with_compile --preproc_dependency="Dio.d_raw"  "../Dio.c"
Finished building: "../Dio.c"
 
Building file: "../Dio_PBcfg.c"
Invoking: Arm Compiler
"C:/ti/ccs1270/ccs/tools/compiler/ti-cgt-arm_20.2.7.LTS/bin/armcl" -mv7M4 --code_state=16 --float_support=FPv4SPD16 -me --include_path="C:/Users/mod_n/Documents/M.T advance diploma/Projects/AUTOSAR_Project_WS/AUTOSAR_Project" --include_path="C:/ti/ccs1270/ccs/tools/compiler/ti-cgt-arm_20.2.7.LTS/include" --define=ccs="ccs" --define=PART_TM4C123GH6PM -g --gcc --diag_warning=225 --diag_wrap=off --display_error_number --abi=eabi --preproc_with_compile --preproc_dependency="Dio_PBcfg.d_raw"  "../Dio_PBcfg.c"
Finished building: "../Dio_PBcfg.c"
 
Building file: "../Led.c"
Invoking: Arm Compiler
"C:/ti/ccs1270/ccs/tools/compiler/ti-cgt-arm_20.2.7.LTS/bin/armcl" -mv7M4 --code_state=16 --float_support=FPv4SPD16 -me --include_path="C:/Users/mod_n/Documents/M.T advance diploma/Projects/AUTOSAR_Project_WS/AUTOSAR_Project" --include_path="C:/ti/ccs1270/ccs/tools/compiler/ti-cgt-arm_20.2.7.LTS/include" --define=ccs="ccs" --define=PART_TM4C123GH6PM -g --gcc --diag_warning=225 --diag_wrap=off --display_error_number --abi=eabi --preproc_with_compile --preproc_dependency="Led.d_raw"  "../Led.c"
 
>> Compilation failure
subdir_rules.mk:9: recipe for target 'Led.obj' failed
"..\Port.h", line 25: warning #78-D: this declaration has no storage class or type specifier
"..\Port.h", line 25: error #66: expected a ";"
"..\Port.h", line 25: error #19: extra text after expected end of number
"..\Platform_Types.h", line 71: warning #12-D: parsing restarts here after previous syntax error
"..\Port.h", line 55: fatal error #35: #error directive: "The AR version of Port_Cfg.h does not match the expected version"
2 errors and 1 catastrophic error detected in the compilation of "../Led.c".
Compilation terminated.
gmake: *** [Led.obj] Error 1
Building file: "../Gpt.c"
Invoking: Arm Compiler
"C:/ti/ccs1270/ccs/tools/compiler/ti-cgt-arm_20.2.7.LTS/bin/armcl" -mv7M4 --code_state=16 --float_support=FPv4SPD16 -me --include_path="C:/Users/mod_n/Documents/M.T advance diploma/Projects/AUTOSAR_Project_WS/AUTOSAR_Project" --include_path="C:/ti/ccs1270/ccs/tools/compiler/ti-cgt-arm_20.2.7.LTS/include" --define=ccs="ccs" --define=PART_TM4C123GH6PM -g --gcc --diag_warning=225 --diag_wrap=off --display_error_number --abi=eabi --preproc_with_compile --preproc_dependency="Gpt.d_raw"  "../Gpt.c"
Finished building: "../Gpt.c"
 
Building file: "../Port.c"
Invoking: Arm Compiler
"C:/ti/ccs1270/ccs/tools/compiler/ti-cgt-arm_20.2.7.LTS/bin/armcl" -mv7M4 --code_state=16 --float_support=FPv4SPD16 -me --include_path="C:/Users/mod_n/Documents/M.T advance diploma/Projects/AUTOSAR_Project_WS/AUTOSAR_Project" --include_path="C:/ti/ccs1270/ccs/tools/compiler/ti-cgt-arm_20.2.7.LTS/include" --define=ccs="ccs" --define=PART_TM4C123GH6PM -g --gcc --diag_warning=225 --diag_wrap=off --display_error_number --abi=eabi --preproc_with_compile --preproc_dependency="Port.d_raw"  "../Port.c"
 
>> Compilation failure
subdir_rules.mk:9: recipe for target 'Port.obj' failed
"..\Port.h", line 25: warning #78-D: this declaration has no storage class or type specifier
"..\Port.h", line 25: error #66: expected a ";"
"..\Port.h", line 25: error #19: extra text after expected end of number
"..\Platform_Types.h", line 71: warning #12-D: parsing restarts here after previous syntax error
"..\Port.h", line 55: fatal error #35: #error directive: "The AR version of Port_Cfg.h does not match the expected version"
2 errors and 1 catastrophic error detected in the compilation of "../Port.c".
Compilation terminated.
gmake: *** [Port.obj] Error 1
Building file: "../Mcu.c"
Invoking: Arm Compiler
"C:/ti/ccs1270/ccs/tools/compiler/ti-cgt-arm_20.2.7.LTS/bin/armcl" -mv7M4 --code_state=16 --float_support=FPv4SPD16 -me --include_path="C:/Users/mod_n/Documents/M.T advance diploma/Projects/AUTOSAR_Project_WS/AUTOSAR_Project" --include_path="C:/ti/ccs1270/ccs/tools/compiler/ti-cgt-arm_20.2.7.LTS/include" --define=ccs="ccs" --define=PART_TM4C123GH6PM -g --gcc --diag_warning=225 --diag_wrap=off --display_error_number --abi=eabi --preproc_with_compile --preproc_dependency="Mcu.d_raw"  "../Mcu.c"
Finished building: "../Mcu.c"
 
Building file: "../Os.c"
Invoking: Arm Compiler
"C:/ti/ccs1270/ccs/tools/compiler/ti-cgt-arm_20.2.7.LTS/bin/armcl" -mv7M4 --code_state=16 --float_support=FPv4SPD16 -me --include_path="C:/Users/mod_n/Documents/M.T advance diploma/Projects/AUTOSAR_Project_WS/AUTOSAR_Project" --include_path="C:/ti/ccs1270/ccs/tools/compiler/ti-cgt-arm_20.2.7.LTS/include" --define=ccs="ccs" --define=PART_TM4C123GH6PM -g --gcc --diag_warning=225 --diag_wrap=off --display_error_number --abi=eabi --preproc_with_compile --preproc_dependency="Os.d_raw"  "../Os.c"
Finished building: "../Os.c"
 
Building file: "../tm4c123gh6pm_startup_ccs.c"
Invoking: Arm Compiler
"C:/ti/ccs1270/ccs/tools/compiler/ti-cgt-arm_20.2.7.LTS/bin/armcl" -mv7M4 --code_state=16 --float_support=FPv4SPD16 -me --include_path="C:/Users/mod_n/Documents/M.T advance diploma/Projects/AUTOSAR_Project_WS/AUTOSAR_Project" --include_path="C:/ti/ccs1270/ccs/tools/compiler/ti-cgt-arm_20.2.7.LTS/include" --define=ccs="ccs" --define=PART_TM4C123GH6PM -g --gcc --diag_warning=225 --diag_wrap=off --display_error_number --abi=eabi --preproc_with_compile --preproc_dependency="tm4c123gh6pm_startup_ccs.d_raw"  "../tm4c123gh6pm_startup_ccs.c"
Finished building: "../tm4c123gh6pm_startup_ccs.c"
 
Building file: "../main.c"
Invoking: Arm Compiler
"C:/ti/ccs1270/ccs/tools/compiler/ti-cgt-arm_20.2.7.LTS/bin/armcl" -mv7M4 --code_state=16 --float_support=FPv4SPD16 -me --include_path="C:/Users/mod_n/Documents/M.T advance diploma/Projects/AUTOSAR_Project_WS/AUTOSAR_Project" --include_path="C:/ti/ccs1270/ccs/tools/compiler/ti-cgt-arm_20.2.7.LTS/include" --define=ccs="ccs" --define=PART_TM4C123GH6PM -g --gcc --diag_warning=225 --diag_wrap=off --display_error_number --abi=eabi --preproc_with_compile --preproc_dependency="main.d_raw"  "../main.c"
Finished building: "../main.c"
 
gmake: Target 'all' not remade because of errors.

**** Build Finished ****

**** Build of configuration Debug for project AUTOSAR_Project ****

"C:\\ti\\ccs1270\\ccs\\utils\\bin\\gmake" -k -j 12 all -O 
 
Building file: "../Button.c"
Invoking: Arm Compiler
"C:/ti/ccs1270/ccs/tools/compiler/ti-cgt-arm_20.2.7.LTS/bin/armcl" -mv7M4 --code_state=16 --float_support=FPv4SPD16 -me --include_path="C:/Users/mod_n/Documents/M.T advance diploma/Projects/AUTOSAR_Project_WS/AUTOSAR_Project" --include_path="C:/ti/ccs1270/ccs/tools/compiler/ti-cgt-arm_20.2.7.LTS/include" --define=ccs="ccs" --define=PART_TM4C123GH6PM -g --gcc --diag_warning=225 --diag_wrap=off --display_error_number --abi=eabi --preproc_with_compile --preproc_dependency="Button.d_raw"  "../Button.c"
 
>> Compilation failure
subdir_rules.mk:9: recipe for target 'Button.obj' failed
"..\Port.h", line 25: warning #78-D: this declaration has no storage class or type specifier
"..\Port.h", line 25: error #66: expected a ";"
"..\Port.h", line 25: error #19: extra text after expected end of number
"..\Port.h", line 135: warning #12-D: parsing restarts here after previous syntax error
"..\Port.h", line 159: error #20: identifier "Port_PinType" is undefined
"..\Port.h", line 193: error #20: identifier "Port_PinType" is undefined
4 errors detected in the compilation of "../Button.c".
gmake: *** [Button.obj] Error 1
Building file: "../Led.c"
Invoking: Arm Compiler
"C:/ti/ccs1270/ccs/tools/compiler/ti-cgt-arm_20.2.7.LTS/bin/armcl" -mv7M4 --code_state=16 --float_support=FPv4SPD16 -me --include_path="C:/Users/mod_n/Documents/M.T advance diploma/Projects/AUTOSAR_Project_WS/AUTOSAR_Project" --include_path="C:/ti/ccs1270/ccs/tools/compiler/ti-cgt-arm_20.2.7.LTS/include" --define=ccs="ccs" --define=PART_TM4C123GH6PM -g --gcc --diag_warning=225 --diag_wrap=off --display_error_number --abi=eabi --preproc_with_compile --preproc_dependency="Led.d_raw"  "../Led.c"
 
>> Compilation failure
subdir_rules.mk:9: recipe for target 'Led.obj' failed
"..\Port.h", line 25: warning #78-D: this declaration has no storage class or type specifier
"..\Port.h", line 25: error #66: expected a ";"
"..\Port.h", line 25: error #19: extra text after expected end of number
"..\Platform_Types.h", line 71: warning #12-D: parsing restarts here after previous syntax error
"..\Port.h", line 55: fatal error #35: #error directive: "The AR version of Port_Cfg.h does not match the expected version"
2 errors and 1 catastrophic error detected in the compilation of "../Led.c".
Compilation terminated.
gmake: *** [Led.obj] Error 1
Building file: "../Port.c"
Invoking: Arm Compiler
"C:/ti/ccs1270/ccs/tools/compiler/ti-cgt-arm_20.2.7.LTS/bin/armcl" -mv7M4 --code_state=16 --float_support=FPv4SPD16 -me --include_path="C:/Users/mod_n/Documents/M.T advance diploma/Projects/AUTOSAR_Project_WS/AUTOSAR_Project" --include_path="C:/ti/ccs1270/ccs/tools/compiler/ti-cgt-arm_20.2.7.LTS/include" --define=ccs="ccs" --define=PART_TM4C123GH6PM -g --gcc --diag_warning=225 --diag_wrap=off --display_error_number --abi=eabi --preproc_with_compile --preproc_dependency="Port.d_raw"  "../Port.c"
 
>> Compilation failure
subdir_rules.mk:9: recipe for target 'Port.obj' failed
"..\Port.h", line 25: warning #78-D: this declaration has no storage class or type specifier
"..\Port.h", line 25: error #66: expected a ";"
"..\Port.h", line 25: error #19: extra text after expected end of number
"..\Platform_Types.h", line 71: warning #12-D: parsing restarts here after previous syntax error
"..\Port.h", line 55: fatal error #35: #error directive: "The AR version of Port_Cfg.h does not match the expected version"
2 errors and 1 catastrophic error detected in the compilation of "../Port.c".
Compilation terminated.
gmake: *** [Port.obj] Error 1
gmake: Target 'all' not remade because of errors.

**** Build Finished ****

**** Clean-only build of configuration Debug for project Challenge ****

"C:\\ti\\ccs1270\\ccs\\utils\\bin\\gmake" -k -j 12 clean -O 
 
DEL /F  "Challenge.out" 
DEL /F "main.obj" "tm4c123gh6pm_startup_ccs.obj" 
DEL /F "main.d" "tm4c123gh6pm_startup_ccs.d" 
Finished clean
 

**** Build Finished ****

**** Build of configuration Debug for project Challenge ****

"C:\\ti\\ccs1270\\ccs\\utils\\bin\\gmake" -k -j 12 all -O 
 
Building file: "../tm4c123gh6pm_startup_ccs.c"
Invoking: Arm Compiler
"C:/ti/ccs1270/ccs/tools/compiler/ti-cgt-arm_20.2.7.LTS/bin/armcl" -mv7M4 --code_state=16 --float_support=FPv4SPD16 -me --include_path="C:/Users/mod_n/Documents/M.T advance diploma/ARM/5.MPU_Exercises_WS/Challenge" --include_path="C:/ti/ccs1270/ccs/tools/compiler/ti-cgt-arm_20.2.7.LTS/include" --define=ccs="ccs" --define=PART_TM4C123GH6PM -g --gcc --diag_warning=225 --diag_wrap=off --display_error_number --abi=eabi --preproc_with_compile --preproc_dependency="tm4c123gh6pm_startup_ccs.d_raw"  "../tm4c123gh6pm_startup_ccs.c"
Finished building: "../tm4c123gh6pm_startup_ccs.c"
 
Building file: "../main.c"
Invoking: Arm Compiler
"C:/ti/ccs1270/ccs/tools/compiler/ti-cgt-arm_20.2.7.LTS/bin/armcl" -mv7M4 --code_state=16 --float_support=FPv4SPD16 -me --include_path="C:/Users/mod_n/Documents/M.T advance diploma/ARM/5.MPU_Exercises_WS/Challenge" --include_path="C:/ti/ccs1270/ccs/tools/compiler/ti-cgt-arm_20.2.7.LTS/include" --define=ccs="ccs" --define=PART_TM4C123GH6PM -g --gcc --diag_warning=225 --diag_wrap=off --display_error_number --abi=eabi --preproc_with_compile --preproc_dependency="main.d_raw"  "../main.c"
Finished building: "../main.c"
 
Building target: "Challenge.out"
Invoking: Arm Linker
"C:/ti/ccs1270/ccs/tools/compiler/ti-cgt-arm_20.2.7.LTS/bin/armcl" -mv7M4 --code_state=16 --float_support=FPv4SPD16 -me --define=ccs="ccs" --define=PART_TM4C123GH6PM -g --gcc --diag_warning=225 --diag_wrap=off --display_error_number --abi=eabi -z -m"Challenge.map" --heap_size=0 --stack_size=512 -i"C:/ti/ccs1270/ccs/tools/compiler/ti-cgt-arm_20.2.7.LTS/lib" -i"C:/ti/ccs1270/ccs/tools/compiler/ti-cgt-arm_20.2.7.LTS/include" --reread_libs --diag_wrap=off --display_error_number --warn_sections --xml_link_info="Challenge_linkInfo.xml" --rom_model -o "Challenge.out" "./main.obj" "./tm4c123gh6pm_startup_ccs.obj" "../tm4c123gh6pm.cmd"  -llibc.a 
<Linking>
Finished building target: "Challenge.out"
 

**** Build Finished ****

**** Clean-only build of configuration Debug for project Exercise1 ****

"C:\\ti\\ccs1270\\ccs\\utils\\bin\\gmake" -k -j 12 clean -O 
 
DEL /F  "Exercise1.out" 
DEL /F "main.obj" "tm4c123gh6pm_startup_ccs.obj" 
DEL /F "main.d" "tm4c123gh6pm_startup_ccs.d" 
Finished clean
 

**** Build Finished ****

**** Build of configuration Debug for project Exercise1 ****

"C:\\ti\\ccs1270\\ccs\\utils\\bin\\gmake" -k -j 12 all -O 
 
Building file: "../tm4c123gh6pm_startup_ccs.c"
Invoking: Arm Compiler
"C:/ti/ccs1270/ccs/tools/compiler/ti-cgt-arm_20.2.7.LTS/bin/armcl" -mv7M4 --code_state=16 --float_support=FPv4SPD16 -me --include_path="C:/Users/mod_n/Documents/M.T advance diploma/ARM/3.PLL_Exercises_WS/Exercise1" --include_path="C:/ti/ccs1270/ccs/tools/compiler/ti-cgt-arm_20.2.7.LTS/include" --define=ccs="ccs" --define=PART_TM4C123GH6PM -g --gcc --diag_warning=225 --diag_wrap=off --display_error_number --abi=eabi --preproc_with_compile --preproc_dependency="tm4c123gh6pm_startup_ccs.d_raw"  "../tm4c123gh6pm_startup_ccs.c"
Finished building: "../tm4c123gh6pm_startup_ccs.c"
 
Building file: "../main.c"
Invoking: Arm Compiler
"C:/ti/ccs1270/ccs/tools/compiler/ti-cgt-arm_20.2.7.LTS/bin/armcl" -mv7M4 --code_state=16 --float_support=FPv4SPD16 -me --include_path="C:/Users/mod_n/Documents/M.T advance diploma/ARM/3.PLL_Exercises_WS/Exercise1" --include_path="C:/ti/ccs1270/ccs/tools/compiler/ti-cgt-arm_20.2.7.LTS/include" --define=ccs="ccs" --define=PART_TM4C123GH6PM -g --gcc --diag_warning=225 --diag_wrap=off --display_error_number --abi=eabi --preproc_with_compile --preproc_dependency="main.d_raw"  "../main.c"
Finished building: "../main.c"
 
Building target: "Exercise1.out"
Invoking: Arm Linker
"C:/ti/ccs1270/ccs/tools/compiler/ti-cgt-arm_20.2.7.LTS/bin/armcl" -mv7M4 --code_state=16 --float_support=FPv4SPD16 -me --define=ccs="ccs" --define=PART_TM4C123GH6PM -g --gcc --diag_warning=225 --diag_wrap=off --display_error_number --abi=eabi -z -m"Exercise1.map" --heap_size=0 --stack_size=512 -i"C:/ti/ccs1270/ccs/tools/compiler/ti-cgt-arm_20.2.7.LTS/lib" -i"C:/ti/ccs1270/ccs/tools/compiler/ti-cgt-arm_20.2.7.LTS/include" --reread_libs --diag_wrap=off --display_error_number --warn_sections --xml_link_info="Exercise1_linkInfo.xml" --rom_model -o "Exercise1.out" "./main.obj" "./tm4c123gh6pm_startup_ccs.obj" "../tm4c123gh6pm.cmd"  -llibc.a 
<Linking>
Finished building target: "Exercise1.out"
 

**** Build Finished ****

**** Clean-only build of configuration Debug for project Exercise10 ****

"C:\\ti\\ccs1270\\ccs\\utils\\bin\\gmake" -k -j 12 clean -O 
 
DEL /F  "Exercise10.out" 
DEL /F "main.obj" "tm4c123gh6pm_startup_ccs.obj" 
DEL /F "main.d" "tm4c123gh6pm_startup_ccs.d" 
Finished clean
 

**** Build Finished ****

**** Build of configuration Debug for project Exercise10 ****

"C:\\ti\\ccs1270\\ccs\\utils\\bin\\gmake" -k -j 12 all -O 
 
Building file: "../main.c"
Invoking: Arm Compiler
"C:/ti/ccs1270/ccs/tools/compiler/ti-cgt-arm_20.2.7.LTS/bin/armcl" -mv7M4 --code_state=16 --float_support=FPv4SPD16 -me --include_path="C:/Users/mod_n/Documents/M.T advance diploma/ARM/4.NVIC_Exercises_WS/Exercise10" --include_path="C:/ti/ccs1270/ccs/tools/compiler/ti-cgt-arm_20.2.7.LTS/include" --define=ccs="ccs" --define=PART_TM4C123GH6PM -g --gcc --diag_warning=225 --diag_wrap=off --display_error_number --abi=eabi --preproc_with_compile --preproc_dependency="main.d_raw"  "../main.c"
Finished building: "../main.c"
 
Building file: "../tm4c123gh6pm_startup_ccs.c"
Invoking: Arm Compiler
"C:/ti/ccs1270/ccs/tools/compiler/ti-cgt-arm_20.2.7.LTS/bin/armcl" -mv7M4 --code_state=16 --float_support=FPv4SPD16 -me --include_path="C:/Users/mod_n/Documents/M.T advance diploma/ARM/4.NVIC_Exercises_WS/Exercise10" --include_path="C:/ti/ccs1270/ccs/tools/compiler/ti-cgt-arm_20.2.7.LTS/include" --define=ccs="ccs" --define=PART_TM4C123GH6PM -g --gcc --diag_warning=225 --diag_wrap=off --display_error_number --abi=eabi --preproc_with_compile --preproc_dependency="tm4c123gh6pm_startup_ccs.d_raw"  "../tm4c123gh6pm_startup_ccs.c"
Finished building: "../tm4c123gh6pm_startup_ccs.c"
 
Building target: "Exercise10.out"
Invoking: Arm Linker
"C:/ti/ccs1270/ccs/tools/compiler/ti-cgt-arm_20.2.7.LTS/bin/armcl" -mv7M4 --code_state=16 --float_support=FPv4SPD16 -me --define=ccs="ccs" --define=PART_TM4C123GH6PM -g --gcc --diag_warning=225 --diag_wrap=off --display_error_number --abi=eabi -z -m"Exercise10.map" --heap_size=0 --stack_size=512 -i"C:/ti/ccs1270/ccs/tools/compiler/ti-cgt-arm_20.2.7.LTS/lib" -i"C:/ti/ccs1270/ccs/tools/compiler/ti-cgt-arm_20.2.7.LTS/include" --reread_libs --diag_wrap=off --display_error_number --warn_sections --xml_link_info="Exercise10_linkInfo.xml" --rom_model -o "Exercise10.out" "./main.obj" "./tm4c123gh6pm_startup_ccs.obj" "../tm4c123gh6pm.cmd"  -llibc.a 
<Linking>
Finished building target: "Exercise10.out"
 

**** Build Finished ****

**** Clean-only build of configuration Debug for project Exercise11 ****

"C:\\ti\\ccs1270\\ccs\\utils\\bin\\gmake" -k -j 12 clean -O 
 
DEL /F  "Exercise11.out" 
DEL /F "main.obj" "tm4c123gh6pm_startup_ccs.obj" 
DEL /F "main.d" "tm4c123gh6pm_startup_ccs.d" 
Finished clean
 

**** Build Finished ****

**** Build of configuration Debug for project Exercise11 ****

"C:\\ti\\ccs1270\\ccs\\utils\\bin\\gmake" -k -j 12 all -O 
 
Building file: "../main.c"
Invoking: Arm Compiler
"C:/ti/ccs1270/ccs/tools/compiler/ti-cgt-arm_20.2.7.LTS/bin/armcl" -mv7M4 --code_state=16 --float_support=FPv4SPD16 -me --include_path="C:/Users/mod_n/Documents/M.T advance diploma/ARM/4.NVIC_Exercises_WS/Exercise11" --include_path="C:/ti/ccs1270/ccs/tools/compiler/ti-cgt-arm_20.2.7.LTS/include" --define=ccs="ccs" --define=PART_TM4C123GH6PM -g --gcc --diag_warning=225 --diag_wrap=off --display_error_number --abi=eabi --preproc_with_compile --preproc_dependency="main.d_raw"  "../main.c"
Finished building: "../main.c"
 
Building file: "../tm4c123gh6pm_startup_ccs.c"
Invoking: Arm Compiler
"C:/ti/ccs1270/ccs/tools/compiler/ti-cgt-arm_20.2.7.LTS/bin/armcl" -mv7M4 --code_state=16 --float_support=FPv4SPD16 -me --include_path="C:/Users/mod_n/Documents/M.T advance diploma/ARM/4.NVIC_Exercises_WS/Exercise11" --include_path="C:/ti/ccs1270/ccs/tools/compiler/ti-cgt-arm_20.2.7.LTS/include" --define=ccs="ccs" --define=PART_TM4C123GH6PM -g --gcc --diag_warning=225 --diag_wrap=off --display_error_number --abi=eabi --preproc_with_compile --preproc_dependency="tm4c123gh6pm_startup_ccs.d_raw"  "../tm4c123gh6pm_startup_ccs.c"
Finished building: "../tm4c123gh6pm_startup_ccs.c"
 
Building target: "Exercise11.out"
Invoking: Arm Linker
"C:/ti/ccs1270/ccs/tools/compiler/ti-cgt-arm_20.2.7.LTS/bin/armcl" -mv7M4 --code_state=16 --float_support=FPv4SPD16 -me --define=ccs="ccs" --define=PART_TM4C123GH6PM -g --gcc --diag_warning=225 --diag_wrap=off --display_error_number --abi=eabi -z -m"Exercise11.map" --heap_size=0 --stack_size=512 -i"C:/ti/ccs1270/ccs/tools/compiler/ti-cgt-arm_20.2.7.LTS/lib" -i"C:/ti/ccs1270/ccs/tools/compiler/ti-cgt-arm_20.2.7.LTS/include" --reread_libs --diag_wrap=off --display_error_number --warn_sections --xml_link_info="Exercise11_linkInfo.xml" --rom_model -o "Exercise11.out" "./main.obj" "./tm4c123gh6pm_startup_ccs.obj" "../tm4c123gh6pm.cmd"  -llibc.a 
<Linking>
Finished building target: "Exercise11.out"
 

**** Build Finished ****

**** Clean-only build of configuration Debug for project Exercise12 ****

"C:\\ti\\ccs1270\\ccs\\utils\\bin\\gmake" -k -j 12 clean -O 
 
DEL /F  "Exercise12.out" 
DEL /F "main.obj" "tm4c123gh6pm_startup_ccs.obj" 
DEL /F "main.d" "tm4c123gh6pm_startup_ccs.d" 
Finished clean
 

**** Build Finished ****

**** Build of configuration Debug for project Exercise12 ****

"C:\\ti\\ccs1270\\ccs\\utils\\bin\\gmake" -k -j 12 all -O 
 
Building file: "../main.c"
Invoking: Arm Compiler
"C:/ti/ccs1270/ccs/tools/compiler/ti-cgt-arm_20.2.7.LTS/bin/armcl" -mv7M4 --code_state=16 --float_support=FPv4SPD16 -me --include_path="C:/Users/mod_n/Documents/M.T advance diploma/ARM/4.NVIC_Exercises_WS/Exercise12" --include_path="C:/ti/ccs1270/ccs/tools/compiler/ti-cgt-arm_20.2.7.LTS/include" --define=ccs="ccs" --define=PART_TM4C123GH6PM -g --gcc --diag_warning=225 --diag_wrap=off --display_error_number --abi=eabi --preproc_with_compile --preproc_dependency="main.d_raw"  "../main.c"
Finished building: "../main.c"
 
Building file: "../tm4c123gh6pm_startup_ccs.c"
Invoking: Arm Compiler
"C:/ti/ccs1270/ccs/tools/compiler/ti-cgt-arm_20.2.7.LTS/bin/armcl" -mv7M4 --code_state=16 --float_support=FPv4SPD16 -me --include_path="C:/Users/mod_n/Documents/M.T advance diploma/ARM/4.NVIC_Exercises_WS/Exercise12" --include_path="C:/ti/ccs1270/ccs/tools/compiler/ti-cgt-arm_20.2.7.LTS/include" --define=ccs="ccs" --define=PART_TM4C123GH6PM -g --gcc --diag_warning=225 --diag_wrap=off --display_error_number --abi=eabi --preproc_with_compile --preproc_dependency="tm4c123gh6pm_startup_ccs.d_raw"  "../tm4c123gh6pm_startup_ccs.c"
Finished building: "../tm4c123gh6pm_startup_ccs.c"
 
Building target: "Exercise12.out"
Invoking: Arm Linker
"C:/ti/ccs1270/ccs/tools/compiler/ti-cgt-arm_20.2.7.LTS/bin/armcl" -mv7M4 --code_state=16 --float_support=FPv4SPD16 -me --define=ccs="ccs" --define=PART_TM4C123GH6PM -g --gcc --diag_warning=225 --diag_wrap=off --display_error_number --abi=eabi -z -m"Exercise12.map" --heap_size=0 --stack_size=512 -i"C:/ti/ccs1270/ccs/tools/compiler/ti-cgt-arm_20.2.7.LTS/lib" -i"C:/ti/ccs1270/ccs/tools/compiler/ti-cgt-arm_20.2.7.LTS/include" --reread_libs --diag_wrap=off --display_error_number --warn_sections --xml_link_info="Exercise12_linkInfo.xml" --rom_model -o "Exercise12.out" "./main.obj" "./tm4c123gh6pm_startup_ccs.obj" "../tm4c123gh6pm.cmd"  -llibc.a 
<Linking>
Finished building target: "Exercise12.out"
 

**** Build Finished ****

**** Clean-only build of configuration Debug for project Exercise13 ****

"C:\\ti\\ccs1270\\ccs\\utils\\bin\\gmake" -k -j 12 clean -O 
 
DEL /F  "Exercise13.out" 
DEL /F "main.obj" "tm4c123gh6pm_startup_ccs.obj" 
DEL /F "main.d" "tm4c123gh6pm_startup_ccs.d" 
Finished clean
 

**** Build Finished ****

**** Build of configuration Debug for project Exercise13 ****

"C:\\ti\\ccs1270\\ccs\\utils\\bin\\gmake" -k -j 12 all -O 
 
Building file: "../main.c"
Invoking: Arm Compiler
"C:/ti/ccs1270/ccs/tools/compiler/ti-cgt-arm_20.2.7.LTS/bin/armcl" -mv7M4 --code_state=16 --float_support=FPv4SPD16 -me --include_path="C:/Users/mod_n/Documents/M.T advance diploma/ARM/4.NVIC_Exercises_WS/Exercise13" --include_path="C:/ti/ccs1270/ccs/tools/compiler/ti-cgt-arm_20.2.7.LTS/include" --define=ccs="ccs" --define=PART_TM4C123GH6PM -g --gcc --diag_warning=225 --diag_wrap=off --display_error_number --abi=eabi --preproc_with_compile --preproc_dependency="main.d_raw"  "../main.c"
Finished building: "../main.c"
 
Building file: "../tm4c123gh6pm_startup_ccs.c"
Invoking: Arm Compiler
"C:/ti/ccs1270/ccs/tools/compiler/ti-cgt-arm_20.2.7.LTS/bin/armcl" -mv7M4 --code_state=16 --float_support=FPv4SPD16 -me --include_path="C:/Users/mod_n/Documents/M.T advance diploma/ARM/4.NVIC_Exercises_WS/Exercise13" --include_path="C:/ti/ccs1270/ccs/tools/compiler/ti-cgt-arm_20.2.7.LTS/include" --define=ccs="ccs" --define=PART_TM4C123GH6PM -g --gcc --diag_warning=225 --diag_wrap=off --display_error_number --abi=eabi --preproc_with_compile --preproc_dependency="tm4c123gh6pm_startup_ccs.d_raw"  "../tm4c123gh6pm_startup_ccs.c"
Finished building: "../tm4c123gh6pm_startup_ccs.c"
 
Building target: "Exercise13.out"
Invoking: Arm Linker
"C:/ti/ccs1270/ccs/tools/compiler/ti-cgt-arm_20.2.7.LTS/bin/armcl" -mv7M4 --code_state=16 --float_support=FPv4SPD16 -me --define=ccs="ccs" --define=PART_TM4C123GH6PM -g --gcc --diag_warning=225 --diag_wrap=off --display_error_number --abi=eabi -z -m"Exercise13.map" --heap_size=0 --stack_size=512 -i"C:/ti/ccs1270/ccs/tools/compiler/ti-cgt-arm_20.2.7.LTS/lib" -i"C:/ti/ccs1270/ccs/tools/compiler/ti-cgt-arm_20.2.7.LTS/include" --reread_libs --diag_wrap=off --display_error_number --warn_sections --xml_link_info="Exercise13_linkInfo.xml" --rom_model -o "Exercise13.out" "./main.obj" "./tm4c123gh6pm_startup_ccs.obj" "../tm4c123gh6pm.cmd"  -llibc.a 
<Linking>
Finished building target: "Exercise13.out"
 

**** Build Finished ****

**** Clean-only build of configuration Debug for project Exercise14 ****

"C:\\ti\\ccs1270\\ccs\\utils\\bin\\gmake" -k -j 12 clean -O 
 
DEL /F  "Exercise14.out" 
DEL /F "main.obj" "tm4c123gh6pm_startup_ccs.obj" 
DEL /F "main.d" "tm4c123gh6pm_startup_ccs.d" 
Finished clean
 

**** Build Finished ****

**** Build of configuration Debug for project Exercise14 ****

"C:\\ti\\ccs1270\\ccs\\utils\\bin\\gmake" -k -j 12 all -O 
 
Building file: "../main.c"
Invoking: Arm Compiler
"C:/ti/ccs1270/ccs/tools/compiler/ti-cgt-arm_20.2.7.LTS/bin/armcl" -mv7M4 --code_state=16 --float_support=FPv4SPD16 -me --include_path="C:/Users/mod_n/Documents/M.T advance diploma/ARM/4.NVIC_Exercises_WS/Exercise14" --include_path="C:/ti/ccs1270/ccs/tools/compiler/ti-cgt-arm_20.2.7.LTS/include" --define=ccs="ccs" --define=PART_TM4C123GH6PM -g --gcc --diag_warning=225 --diag_wrap=off --display_error_number --abi=eabi --preproc_with_compile --preproc_dependency="main.d_raw"  "../main.c"
Finished building: "../main.c"
 
Building file: "../tm4c123gh6pm_startup_ccs.c"
Invoking: Arm Compiler
"C:/ti/ccs1270/ccs/tools/compiler/ti-cgt-arm_20.2.7.LTS/bin/armcl" -mv7M4 --code_state=16 --float_support=FPv4SPD16 -me --include_path="C:/Users/mod_n/Documents/M.T advance diploma/ARM/4.NVIC_Exercises_WS/Exercise14" --include_path="C:/ti/ccs1270/ccs/tools/compiler/ti-cgt-arm_20.2.7.LTS/include" --define=ccs="ccs" --define=PART_TM4C123GH6PM -g --gcc --diag_warning=225 --diag_wrap=off --display_error_number --abi=eabi --preproc_with_compile --preproc_dependency="tm4c123gh6pm_startup_ccs.d_raw"  "../tm4c123gh6pm_startup_ccs.c"
Finished building: "../tm4c123gh6pm_startup_ccs.c"
 
Building target: "Exercise14.out"
Invoking: Arm Linker
"C:/ti/ccs1270/ccs/tools/compiler/ti-cgt-arm_20.2.7.LTS/bin/armcl" -mv7M4 --code_state=16 --float_support=FPv4SPD16 -me --define=ccs="ccs" --define=PART_TM4C123GH6PM -g --gcc --diag_warning=225 --diag_wrap=off --display_error_number --abi=eabi -z -m"Exercise14.map" --heap_size=0 --stack_size=512 -i"C:/ti/ccs1270/ccs/tools/compiler/ti-cgt-arm_20.2.7.LTS/lib" -i"C:/ti/ccs1270/ccs/tools/compiler/ti-cgt-arm_20.2.7.LTS/include" --reread_libs --diag_wrap=off --display_error_number --warn_sections --xml_link_info="Exercise14_linkInfo.xml" --rom_model -o "Exercise14.out" "./main.obj" "./tm4c123gh6pm_startup_ccs.obj" "../tm4c123gh6pm.cmd"  -llibc.a 
<Linking>
Finished building target: "Exercise14.out"
 

**** Build Finished ****

**** Clean-only build of configuration Debug for project Exercise15 ****

"C:\\ti\\ccs1270\\ccs\\utils\\bin\\gmake" -k -j 12 clean -O 
 
DEL /F  "Exercise15.out" 
DEL /F "main.obj" "tm4c123gh6pm_startup_ccs.obj" 
DEL /F "main.d" "tm4c123gh6pm_startup_ccs.d" 
Finished clean
 

**** Build Finished ****

**** Build of configuration Debug for project Exercise15 ****

"C:\\ti\\ccs1270\\ccs\\utils\\bin\\gmake" -k -j 12 all -O 
 
Building file: "../main.c"
Invoking: Arm Compiler
"C:/ti/ccs1270/ccs/tools/compiler/ti-cgt-arm_20.2.7.LTS/bin/armcl" -mv7M4 --code_state=16 --float_support=FPv4SPD16 -me --include_path="C:/Users/mod_n/Documents/M.T advance diploma/ARM/4.NVIC_Exercises_WS/Exercise15" --include_path="C:/ti/ccs1270/ccs/tools/compiler/ti-cgt-arm_20.2.7.LTS/include" --define=ccs="ccs" --define=PART_TM4C123GH6PM -g --gcc --diag_warning=225 --diag_wrap=off --display_error_number --abi=eabi --preproc_with_compile --preproc_dependency="main.d_raw"  "../main.c"
Finished building: "../main.c"
 
Building file: "../tm4c123gh6pm_startup_ccs.c"
Invoking: Arm Compiler
"C:/ti/ccs1270/ccs/tools/compiler/ti-cgt-arm_20.2.7.LTS/bin/armcl" -mv7M4 --code_state=16 --float_support=FPv4SPD16 -me --include_path="C:/Users/mod_n/Documents/M.T advance diploma/ARM/4.NVIC_Exercises_WS/Exercise15" --include_path="C:/ti/ccs1270/ccs/tools/compiler/ti-cgt-arm_20.2.7.LTS/include" --define=ccs="ccs" --define=PART_TM4C123GH6PM -g --gcc --diag_warning=225 --diag_wrap=off --display_error_number --abi=eabi --preproc_with_compile --preproc_dependency="tm4c123gh6pm_startup_ccs.d_raw"  "../tm4c123gh6pm_startup_ccs.c"
Finished building: "../tm4c123gh6pm_startup_ccs.c"
 
Building target: "Exercise15.out"
Invoking: Arm Linker
"C:/ti/ccs1270/ccs/tools/compiler/ti-cgt-arm_20.2.7.LTS/bin/armcl" -mv7M4 --code_state=16 --float_support=FPv4SPD16 -me --define=ccs="ccs" --define=PART_TM4C123GH6PM -g --gcc --diag_warning=225 --diag_wrap=off --display_error_number --abi=eabi -z -m"Exercise15.map" --heap_size=0 --stack_size=512 -i"C:/ti/ccs1270/ccs/tools/compiler/ti-cgt-arm_20.2.7.LTS/lib" -i"C:/ti/ccs1270/ccs/tools/compiler/ti-cgt-arm_20.2.7.LTS/include" --reread_libs --diag_wrap=off --display_error_number --warn_sections --xml_link_info="Exercise15_linkInfo.xml" --rom_model -o "Exercise15.out" "./main.obj" "./tm4c123gh6pm_startup_ccs.obj" "../tm4c123gh6pm.cmd"  -llibc.a 
<Linking>
Finished building target: "Exercise15.out"
 

**** Build Finished ****

**** Clean-only build of configuration Debug for project Exercise2 ****

"C:\\ti\\ccs1270\\ccs\\utils\\bin\\gmake" -k -j 12 clean -O 
 
DEL /F  "Exercise2.out" 
DEL /F "main.obj" "tm4c123gh6pm_startup_ccs.obj" 
DEL /F "main.d" "tm4c123gh6pm_startup_ccs.d" 
Finished clean
 

**** Build Finished ****

**** Build of configuration Debug for project Exercise2 ****

"C:\\ti\\ccs1270\\ccs\\utils\\bin\\gmake" -k -j 12 all -O 
 
Building file: "../main.c"
Invoking: Arm Compiler
"C:/ti/ccs1270/ccs/tools/compiler/ti-cgt-arm_20.2.7.LTS/bin/armcl" -mv7M4 --code_state=16 --float_support=FPv4SPD16 -me --include_path="C:/Users/mod_n/Documents/M.T advance diploma/ARM/3.PLL_Exercises_WS/Exercise2" --include_path="C:/ti/ccs1270/ccs/tools/compiler/ti-cgt-arm_20.2.7.LTS/include" --define=ccs="ccs" --define=PART_TM4C123GH6PM -g --gcc --diag_warning=225 --diag_wrap=off --display_error_number --abi=eabi --preproc_with_compile --preproc_dependency="main.d_raw"  "../main.c"
Finished building: "../main.c"
 
Building file: "../tm4c123gh6pm_startup_ccs.c"
Invoking: Arm Compiler
"C:/ti/ccs1270/ccs/tools/compiler/ti-cgt-arm_20.2.7.LTS/bin/armcl" -mv7M4 --code_state=16 --float_support=FPv4SPD16 -me --include_path="C:/Users/mod_n/Documents/M.T advance diploma/ARM/3.PLL_Exercises_WS/Exercise2" --include_path="C:/ti/ccs1270/ccs/tools/compiler/ti-cgt-arm_20.2.7.LTS/include" --define=ccs="ccs" --define=PART_TM4C123GH6PM -g --gcc --diag_warning=225 --diag_wrap=off --display_error_number --abi=eabi --preproc_with_compile --preproc_dependency="tm4c123gh6pm_startup_ccs.d_raw"  "../tm4c123gh6pm_startup_ccs.c"
Finished building: "../tm4c123gh6pm_startup_ccs.c"
 
Building target: "Exercise2.out"
Invoking: Arm Linker
"C:/ti/ccs1270/ccs/tools/compiler/ti-cgt-arm_20.2.7.LTS/bin/armcl" -mv7M4 --code_state=16 --float_support=FPv4SPD16 -me --define=ccs="ccs" --define=PART_TM4C123GH6PM -g --gcc --diag_warning=225 --diag_wrap=off --display_error_number --abi=eabi -z -m"Exercise2.map" --heap_size=0 --stack_size=512 -i"C:/ti/ccs1270/ccs/tools/compiler/ti-cgt-arm_20.2.7.LTS/lib" -i"C:/ti/ccs1270/ccs/tools/compiler/ti-cgt-arm_20.2.7.LTS/include" --reread_libs --diag_wrap=off --display_error_number --warn_sections --xml_link_info="Exercise2_linkInfo.xml" --rom_model -o "Exercise2.out" "./main.obj" "./tm4c123gh6pm_startup_ccs.obj" "../tm4c123gh6pm.cmd"  -llibc.a 
<Linking>
Finished building target: "Exercise2.out"
 

**** Build Finished ****

**** Clean-only build of configuration Debug for project Exercise3 ****

"C:\\ti\\ccs1270\\ccs\\utils\\bin\\gmake" -k -j 12 clean -O 
 
DEL /F  "Exercise3.out" 
DEL /F "main.obj" "tm4c123gh6pm_startup_ccs.obj" 
DEL /F "main.d" "tm4c123gh6pm_startup_ccs.d" 
Finished clean
 

**** Build Finished ****

**** Build of configuration Debug for project Exercise3 ****

"C:\\ti\\ccs1270\\ccs\\utils\\bin\\gmake" -k -j 12 all -O 
 
Building file: "../tm4c123gh6pm_startup_ccs.c"
Invoking: Arm Compiler
"C:/ti/ccs1270/ccs/tools/compiler/ti-cgt-arm_20.2.7.LTS/bin/armcl" -mv7M4 --code_state=16 --float_support=FPv4SPD16 -me --include_path="C:/Users/mod_n/Documents/M.T advance diploma/ARM/1.GPIO_Exercises_WS/Exercise3" --include_path="C:/ti/ccs1270/ccs/tools/compiler/ti-cgt-arm_20.2.7.LTS/include" --define=ccs="ccs" --define=PART_TM4C123GH6PM -g --gcc --diag_warning=225 --diag_wrap=off --display_error_number --abi=eabi --preproc_with_compile --preproc_dependency="tm4c123gh6pm_startup_ccs.d_raw"  "../tm4c123gh6pm_startup_ccs.c"
Finished building: "../tm4c123gh6pm_startup_ccs.c"
 
Building file: "../main.c"
Invoking: Arm Compiler
"C:/ti/ccs1270/ccs/tools/compiler/ti-cgt-arm_20.2.7.LTS/bin/armcl" -mv7M4 --code_state=16 --float_support=FPv4SPD16 -me --include_path="C:/Users/mod_n/Documents/M.T advance diploma/ARM/1.GPIO_Exercises_WS/Exercise3" --include_path="C:/ti/ccs1270/ccs/tools/compiler/ti-cgt-arm_20.2.7.LTS/include" --define=ccs="ccs" --define=PART_TM4C123GH6PM -g --gcc --diag_warning=225 --diag_wrap=off --display_error_number --abi=eabi --preproc_with_compile --preproc_dependency="main.d_raw"  "../main.c"
Finished building: "../main.c"
 
Building target: "Exercise3.out"
Invoking: Arm Linker
"C:/ti/ccs1270/ccs/tools/compiler/ti-cgt-arm_20.2.7.LTS/bin/armcl" -mv7M4 --code_state=16 --float_support=FPv4SPD16 -me --define=ccs="ccs" --define=PART_TM4C123GH6PM -g --gcc --diag_warning=225 --diag_wrap=off --display_error_number --abi=eabi -z -m"Exercise3.map" --heap_size=0 --stack_size=512 -i"C:/ti/ccs1270/ccs/tools/compiler/ti-cgt-arm_20.2.7.LTS/lib" -i"C:/ti/ccs1270/ccs/tools/compiler/ti-cgt-arm_20.2.7.LTS/include" --reread_libs --diag_wrap=off --display_error_number --warn_sections --xml_link_info="Exercise3_linkInfo.xml" --rom_model -o "Exercise3.out" "./main.obj" "./tm4c123gh6pm_startup_ccs.obj" "../tm4c123gh6pm.cmd"  -llibc.a 
<Linking>
Finished building target: "Exercise3.out"
 

**** Build Finished ****

**** Clean-only build of configuration Debug for project Exercise3_Bit_Band_Sol1 ****

"C:\\ti\\ccs1270\\ccs\\utils\\bin\\gmake" -k -j 12 clean -O 
 
DEL /F  "Exercise3_Bit_Band_Sol1.out" 
DEL /F "main.obj" "tm4c123gh6pm_startup_ccs.obj" 
DEL /F "main.d" "tm4c123gh6pm_startup_ccs.d" 
Finished clean
 

**** Build Finished ****

**** Build of configuration Debug for project Exercise3_Bit_Band_Sol1 ****

"C:\\ti\\ccs1270\\ccs\\utils\\bin\\gmake" -k -j 12 all -O 
 
Building file: "../main.c"
Invoking: Arm Compiler
"C:/ti/ccs1270/ccs/tools/compiler/ti-cgt-arm_20.2.7.LTS/bin/armcl" -mv7M4 --code_state=16 --float_support=FPv4SPD16 -me --include_path="C:/Users/mod_n/Documents/M.T advance diploma/ARM/1.GPIO_Exercises_WS/Exercise3_Bit_Band_Sol1" --include_path="C:/ti/ccs1270/ccs/tools/compiler/ti-cgt-arm_20.2.7.LTS/include" --define=ccs="ccs" --define=PART_TM4C123GH6PM -g --gcc --diag_warning=225 --diag_wrap=off --display_error_number --abi=eabi --preproc_with_compile --preproc_dependency="main.d_raw"  "../main.c"
Finished building: "../main.c"
 
Building file: "../tm4c123gh6pm_startup_ccs.c"
Invoking: Arm Compiler
"C:/ti/ccs1270/ccs/tools/compiler/ti-cgt-arm_20.2.7.LTS/bin/armcl" -mv7M4 --code_state=16 --float_support=FPv4SPD16 -me --include_path="C:/Users/mod_n/Documents/M.T advance diploma/ARM/1.GPIO_Exercises_WS/Exercise3_Bit_Band_Sol1" --include_path="C:/ti/ccs1270/ccs/tools/compiler/ti-cgt-arm_20.2.7.LTS/include" --define=ccs="ccs" --define=PART_TM4C123GH6PM -g --gcc --diag_warning=225 --diag_wrap=off --display_error_number --abi=eabi --preproc_with_compile --preproc_dependency="tm4c123gh6pm_startup_ccs.d_raw"  "../tm4c123gh6pm_startup_ccs.c"
Finished building: "../tm4c123gh6pm_startup_ccs.c"
 
Building target: "Exercise3_Bit_Band_Sol1.out"
Invoking: Arm Linker
"C:/ti/ccs1270/ccs/tools/compiler/ti-cgt-arm_20.2.7.LTS/bin/armcl" -mv7M4 --code_state=16 --float_support=FPv4SPD16 -me --define=ccs="ccs" --define=PART_TM4C123GH6PM -g --gcc --diag_warning=225 --diag_wrap=off --display_error_number --abi=eabi -z -m"Exercise3_Bit_Band_Sol1.map" --heap_size=0 --stack_size=512 -i"C:/ti/ccs1270/ccs/tools/compiler/ti-cgt-arm_20.2.7.LTS/lib" -i"C:/ti/ccs1270/ccs/tools/compiler/ti-cgt-arm_20.2.7.LTS/include" --reread_libs --diag_wrap=off --display_error_number --warn_sections --xml_link_info="Exercise3_Bit_Band_Sol1_linkInfo.xml" --rom_model -o "Exercise3_Bit_Band_Sol1.out" "./main.obj" "./tm4c123gh6pm_startup_ccs.obj" "../tm4c123gh6pm.cmd"  -llibc.a 
<Linking>
Finished building target: "Exercise3_Bit_Band_Sol1.out"
 

**** Build Finished ****

**** Clean-only build of configuration Debug for project Exercise3_Bit_Band_Sol2 ****

"C:\\ti\\ccs1270\\ccs\\utils\\bin\\gmake" -k -j 12 clean -O 
 
DEL /F  "Exercise3_Bit_Band_Sol2.out" 
DEL /F "main.obj" "tm4c123gh6pm_startup_ccs.obj" 
DEL /F "main.d" "tm4c123gh6pm_startup_ccs.d" 
Finished clean
 

**** Build Finished ****

**** Build of configuration Debug for project Exercise3_Bit_Band_Sol2 ****

"C:\\ti\\ccs1270\\ccs\\utils\\bin\\gmake" -k -j 12 all -O 
 
Building file: "../main.c"
Invoking: Arm Compiler
"C:/ti/ccs1270/ccs/tools/compiler/ti-cgt-arm_20.2.7.LTS/bin/armcl" -mv7M4 --code_state=16 --float_support=FPv4SPD16 -me --include_path="C:/Users/mod_n/Documents/M.T advance diploma/ARM/1.GPIO_Exercises_WS/Exercise3_Bit_Band_Sol2" --include_path="C:/ti/ccs1270/ccs/tools/compiler/ti-cgt-arm_20.2.7.LTS/include" --define=ccs="ccs" --define=PART_TM4C123GH6PM -g --gcc --diag_warning=225 --diag_wrap=off --display_error_number --abi=eabi --preproc_with_compile --preproc_dependency="main.d_raw"  "../main.c"
Finished building: "../main.c"
 
Building file: "../tm4c123gh6pm_startup_ccs.c"
Invoking: Arm Compiler
"C:/ti/ccs1270/ccs/tools/compiler/ti-cgt-arm_20.2.7.LTS/bin/armcl" -mv7M4 --code_state=16 --float_support=FPv4SPD16 -me --include_path="C:/Users/mod_n/Documents/M.T advance diploma/ARM/1.GPIO_Exercises_WS/Exercise3_Bit_Band_Sol2" --include_path="C:/ti/ccs1270/ccs/tools/compiler/ti-cgt-arm_20.2.7.LTS/include" --define=ccs="ccs" --define=PART_TM4C123GH6PM -g --gcc --diag_warning=225 --diag_wrap=off --display_error_number --abi=eabi --preproc_with_compile --preproc_dependency="tm4c123gh6pm_startup_ccs.d_raw"  "../tm4c123gh6pm_startup_ccs.c"
Finished building: "../tm4c123gh6pm_startup_ccs.c"
 
Building target: "Exercise3_Bit_Band_Sol2.out"
Invoking: Arm Linker
"C:/ti/ccs1270/ccs/tools/compiler/ti-cgt-arm_20.2.7.LTS/bin/armcl" -mv7M4 --code_state=16 --float_support=FPv4SPD16 -me --define=ccs="ccs" --define=PART_TM4C123GH6PM -g --gcc --diag_warning=225 --diag_wrap=off --display_error_number --abi=eabi -z -m"Exercise3_Bit_Band_Sol2.map" --heap_size=0 --stack_size=512 -i"C:/ti/ccs1270/ccs/tools/compiler/ti-cgt-arm_20.2.7.LTS/lib" -i"C:/ti/ccs1270/ccs/tools/compiler/ti-cgt-arm_20.2.7.LTS/include" --reread_libs --diag_wrap=off --display_error_number --warn_sections --xml_link_info="Exercise3_Bit_Band_Sol2_linkInfo.xml" --rom_model -o "Exercise3_Bit_Band_Sol2.out" "./main.obj" "./tm4c123gh6pm_startup_ccs.obj" "../tm4c123gh6pm.cmd"  -llibc.a 
<Linking>
Finished building target: "Exercise3_Bit_Band_Sol2.out"
 

**** Build Finished ****

**** Clean-only build of configuration Debug for project Exercise4 ****

"C:\\ti\\ccs1270\\ccs\\utils\\bin\\gmake" -k -j 12 clean -O 
 
DEL /F  "Exercise4.out" 
DEL /F "main.obj" "tm4c123gh6pm_startup_ccs.obj" 
DEL /F "main.d" "tm4c123gh6pm_startup_ccs.d" 
Finished clean
 

**** Build Finished ****

**** Build of configuration Debug for project Exercise4 ****

"C:\\ti\\ccs1270\\ccs\\utils\\bin\\gmake" -k -j 12 all -O 
 
Building file: "../tm4c123gh6pm_startup_ccs.c"
Invoking: Arm Compiler
"C:/ti/ccs1270/ccs/tools/compiler/ti-cgt-arm_20.2.7.LTS/bin/armcl" -mv7M4 --code_state=16 --float_support=FPv4SPD16 -me --include_path="C:/Users/mod_n/Documents/M.T advance diploma/ARM/4.NVIC_Exercises_WS/Exercise4" --include_path="C:/ti/ccs1270/ccs/tools/compiler/ti-cgt-arm_20.2.7.LTS/include" --define=ccs="ccs" --define=PART_TM4C123GH6PM -g --gcc --diag_warning=225 --diag_wrap=off --display_error_number --abi=eabi --preproc_with_compile --preproc_dependency="tm4c123gh6pm_startup_ccs.d_raw"  "../tm4c123gh6pm_startup_ccs.c"
Finished building: "../tm4c123gh6pm_startup_ccs.c"
 
Building file: "../main.c"
Invoking: Arm Compiler
"C:/ti/ccs1270/ccs/tools/compiler/ti-cgt-arm_20.2.7.LTS/bin/armcl" -mv7M4 --code_state=16 --float_support=FPv4SPD16 -me --include_path="C:/Users/mod_n/Documents/M.T advance diploma/ARM/4.NVIC_Exercises_WS/Exercise4" --include_path="C:/ti/ccs1270/ccs/tools/compiler/ti-cgt-arm_20.2.7.LTS/include" --define=ccs="ccs" --define=PART_TM4C123GH6PM -g --gcc --diag_warning=225 --diag_wrap=off --display_error_number --abi=eabi --preproc_with_compile --preproc_dependency="main.d_raw"  "../main.c"
Finished building: "../main.c"
 
Building target: "Exercise4.out"
Invoking: Arm Linker
"C:/ti/ccs1270/ccs/tools/compiler/ti-cgt-arm_20.2.7.LTS/bin/armcl" -mv7M4 --code_state=16 --float_support=FPv4SPD16 -me --define=ccs="ccs" --define=PART_TM4C123GH6PM -g --gcc --diag_warning=225 --diag_wrap=off --display_error_number --abi=eabi -z -m"Exercise4.map" --heap_size=0 --stack_size=512 -i"C:/ti/ccs1270/ccs/tools/compiler/ti-cgt-arm_20.2.7.LTS/lib" -i"C:/ti/ccs1270/ccs/tools/compiler/ti-cgt-arm_20.2.7.LTS/include" --reread_libs --diag_wrap=off --display_error_number --warn_sections --xml_link_info="Exercise4_linkInfo.xml" --rom_model -o "Exercise4.out" "./main.obj" "./tm4c123gh6pm_startup_ccs.obj" "../tm4c123gh6pm.cmd"  -llibc.a 
<Linking>
Finished building target: "Exercise4.out"
 

**** Build Finished ****

**** Clean-only build of configuration Debug for project Exercise5 ****

"C:\\ti\\ccs1270\\ccs\\utils\\bin\\gmake" -k -j 12 clean -O 
 
DEL /F  "Exercise5.out" 
DEL /F "main.obj" "tm4c123gh6pm_startup_ccs.obj" 
DEL /F "main.d" "tm4c123gh6pm_startup_ccs.d" 
Finished clean
 

**** Build Finished ****

**** Build of configuration Debug for project Exercise5 ****

"C:\\ti\\ccs1270\\ccs\\utils\\bin\\gmake" -k -j 12 all -O 
 
Building file: "../tm4c123gh6pm_startup_ccs.c"
Invoking: Arm Compiler
"C:/ti/ccs1270/ccs/tools/compiler/ti-cgt-arm_20.2.7.LTS/bin/armcl" -mv7M4 --code_state=16 --float_support=FPv4SPD16 -me --include_path="C:/Users/mod_n/Documents/M.T advance diploma/ARM/4.NVIC_Exercises_WS/Exercise5" --include_path="C:/ti/ccs1270/ccs/tools/compiler/ti-cgt-arm_20.2.7.LTS/include" --define=ccs="ccs" --define=PART_TM4C123GH6PM -g --gcc --diag_warning=225 --diag_wrap=off --display_error_number --abi=eabi --preproc_with_compile --preproc_dependency="tm4c123gh6pm_startup_ccs.d_raw"  "../tm4c123gh6pm_startup_ccs.c"
Finished building: "../tm4c123gh6pm_startup_ccs.c"
 
Building file: "../main.c"
Invoking: Arm Compiler
"C:/ti/ccs1270/ccs/tools/compiler/ti-cgt-arm_20.2.7.LTS/bin/armcl" -mv7M4 --code_state=16 --float_support=FPv4SPD16 -me --include_path="C:/Users/mod_n/Documents/M.T advance diploma/ARM/4.NVIC_Exercises_WS/Exercise5" --include_path="C:/ti/ccs1270/ccs/tools/compiler/ti-cgt-arm_20.2.7.LTS/include" --define=ccs="ccs" --define=PART_TM4C123GH6PM -g --gcc --diag_warning=225 --diag_wrap=off --display_error_number --abi=eabi --preproc_with_compile --preproc_dependency="main.d_raw"  "../main.c"
Finished building: "../main.c"
 
Building target: "Exercise5.out"
Invoking: Arm Linker
"C:/ti/ccs1270/ccs/tools/compiler/ti-cgt-arm_20.2.7.LTS/bin/armcl" -mv7M4 --code_state=16 --float_support=FPv4SPD16 -me --define=ccs="ccs" --define=PART_TM4C123GH6PM -g --gcc --diag_warning=225 --diag_wrap=off --display_error_number --abi=eabi -z -m"Exercise5.map" --heap_size=0 --stack_size=512 -i"C:/ti/ccs1270/ccs/tools/compiler/ti-cgt-arm_20.2.7.LTS/lib" -i"C:/ti/ccs1270/ccs/tools/compiler/ti-cgt-arm_20.2.7.LTS/include" --reread_libs --diag_wrap=off --display_error_number --warn_sections --xml_link_info="Exercise5_linkInfo.xml" --rom_model -o "Exercise5.out" "./main.obj" "./tm4c123gh6pm_startup_ccs.obj" "../tm4c123gh6pm.cmd"  -llibc.a 
<Linking>
Finished building target: "Exercise5.out"
 

**** Build Finished ****

**** Clean-only build of configuration Debug for project Exercise6 ****

"C:\\ti\\ccs1270\\ccs\\utils\\bin\\gmake" -k -j 12 clean -O 
 
DEL /F  "Exercise6.out" 
DEL /F "main.obj" "tm4c123gh6pm_startup_ccs.obj" 
DEL /F "main.d" "tm4c123gh6pm_startup_ccs.d" 
Finished clean
 

**** Build Finished ****

**** Build of configuration Debug for project Exercise6 ****

"C:\\ti\\ccs1270\\ccs\\utils\\bin\\gmake" -k -j 12 all -O 
 
Building file: "../main.c"
Invoking: Arm Compiler
"C:/ti/ccs1270/ccs/tools/compiler/ti-cgt-arm_20.2.7.LTS/bin/armcl" -mv7M4 --code_state=16 --float_support=FPv4SPD16 -me --include_path="C:/Users/mod_n/Documents/M.T advance diploma/ARM/4.NVIC_Exercises_WS/Exercise6" --include_path="C:/ti/ccs1270/ccs/tools/compiler/ti-cgt-arm_20.2.7.LTS/include" --define=ccs="ccs" --define=PART_TM4C123GH6PM -g --gcc --diag_warning=225 --diag_wrap=off --display_error_number --abi=eabi --preproc_with_compile --preproc_dependency="main.d_raw"  "../main.c"
Finished building: "../main.c"
 
Building file: "../tm4c123gh6pm_startup_ccs.c"
Invoking: Arm Compiler
"C:/ti/ccs1270/ccs/tools/compiler/ti-cgt-arm_20.2.7.LTS/bin/armcl" -mv7M4 --code_state=16 --float_support=FPv4SPD16 -me --include_path="C:/Users/mod_n/Documents/M.T advance diploma/ARM/4.NVIC_Exercises_WS/Exercise6" --include_path="C:/ti/ccs1270/ccs/tools/compiler/ti-cgt-arm_20.2.7.LTS/include" --define=ccs="ccs" --define=PART_TM4C123GH6PM -g --gcc --diag_warning=225 --diag_wrap=off --display_error_number --abi=eabi --preproc_with_compile --preproc_dependency="tm4c123gh6pm_startup_ccs.d_raw"  "../tm4c123gh6pm_startup_ccs.c"
Finished building: "../tm4c123gh6pm_startup_ccs.c"
 
Building target: "Exercise6.out"
Invoking: Arm Linker
"C:/ti/ccs1270/ccs/tools/compiler/ti-cgt-arm_20.2.7.LTS/bin/armcl" -mv7M4 --code_state=16 --float_support=FPv4SPD16 -me --define=ccs="ccs" --define=PART_TM4C123GH6PM -g --gcc --diag_warning=225 --diag_wrap=off --display_error_number --abi=eabi -z -m"Exercise6.map" --heap_size=0 --stack_size=512 -i"C:/ti/ccs1270/ccs/tools/compiler/ti-cgt-arm_20.2.7.LTS/lib" -i"C:/ti/ccs1270/ccs/tools/compiler/ti-cgt-arm_20.2.7.LTS/include" --reread_libs --diag_wrap=off --display_error_number --warn_sections --xml_link_info="Exercise6_linkInfo.xml" --rom_model -o "Exercise6.out" "./main.obj" "./tm4c123gh6pm_startup_ccs.obj" "../tm4c123gh6pm.cmd"  -llibc.a 
<Linking>
Finished building target: "Exercise6.out"
 

**** Build Finished ****

**** Clean-only build of configuration Debug for project Exercise7 ****

"C:\\ti\\ccs1270\\ccs\\utils\\bin\\gmake" -k -j 12 clean -O 
 
DEL /F  "Exercise7.out" 
DEL /F "main.obj" "tm4c123gh6pm_startup_ccs.obj" 
DEL /F "main.d" "tm4c123gh6pm_startup_ccs.d" 
Finished clean
 

**** Build Finished ****

**** Build of configuration Debug for project Exercise7 ****

"C:\\ti\\ccs1270\\ccs\\utils\\bin\\gmake" -k -j 12 all -O 
 
Building file: "../tm4c123gh6pm_startup_ccs.c"
Invoking: Arm Compiler
"C:/ti/ccs1270/ccs/tools/compiler/ti-cgt-arm_20.2.7.LTS/bin/armcl" -mv7M4 --code_state=16 --float_support=FPv4SPD16 -me --include_path="C:/Users/mod_n/Documents/M.T advance diploma/ARM/4.NVIC_Exercises_WS/Exercise7" --include_path="C:/ti/ccs1270/ccs/tools/compiler/ti-cgt-arm_20.2.7.LTS/include" --define=ccs="ccs" --define=PART_TM4C123GH6PM -g --gcc --diag_warning=225 --diag_wrap=off --display_error_number --abi=eabi --preproc_with_compile --preproc_dependency="tm4c123gh6pm_startup_ccs.d_raw"  "../tm4c123gh6pm_startup_ccs.c"
Finished building: "../tm4c123gh6pm_startup_ccs.c"
 
Building file: "../main.c"
Invoking: Arm Compiler
"C:/ti/ccs1270/ccs/tools/compiler/ti-cgt-arm_20.2.7.LTS/bin/armcl" -mv7M4 --code_state=16 --float_support=FPv4SPD16 -me --include_path="C:/Users/mod_n/Documents/M.T advance diploma/ARM/4.NVIC_Exercises_WS/Exercise7" --include_path="C:/ti/ccs1270/ccs/tools/compiler/ti-cgt-arm_20.2.7.LTS/include" --define=ccs="ccs" --define=PART_TM4C123GH6PM -g --gcc --diag_warning=225 --diag_wrap=off --display_error_number --abi=eabi --preproc_with_compile --preproc_dependency="main.d_raw"  "../main.c"
Finished building: "../main.c"
 
Building target: "Exercise7.out"
Invoking: Arm Linker
"C:/ti/ccs1270/ccs/tools/compiler/ti-cgt-arm_20.2.7.LTS/bin/armcl" -mv7M4 --code_state=16 --float_support=FPv4SPD16 -me --define=ccs="ccs" --define=PART_TM4C123GH6PM -g --gcc --diag_warning=225 --diag_wrap=off --display_error_number --abi=eabi -z -m"Exercise7.map" --heap_size=0 --stack_size=512 -i"C:/ti/ccs1270/ccs/tools/compiler/ti-cgt-arm_20.2.7.LTS/lib" -i"C:/ti/ccs1270/ccs/tools/compiler/ti-cgt-arm_20.2.7.LTS/include" --reread_libs --diag_wrap=off --display_error_number --warn_sections --xml_link_info="Exercise7_linkInfo.xml" --rom_model -o "Exercise7.out" "./main.obj" "./tm4c123gh6pm_startup_ccs.obj" "../tm4c123gh6pm.cmd"  -llibc.a 
<Linking>
Finished building target: "Exercise7.out"
 

**** Build Finished ****

**** Clean-only build of configuration Debug for project Exercise8 ****

"C:\\ti\\ccs1270\\ccs\\utils\\bin\\gmake" -k -j 12 clean -O 
 
DEL /F  "Exercise8.out" 
DEL /F "main.obj" "tm4c123gh6pm_startup_ccs.obj" 
DEL /F "main.d" "tm4c123gh6pm_startup_ccs.d" 
Finished clean
 

**** Build Finished ****

**** Build of configuration Debug for project Exercise8 ****

"C:\\ti\\ccs1270\\ccs\\utils\\bin\\gmake" -k -j 12 all -O 
 
Building file: "../main.c"
Invoking: Arm Compiler
"C:/ti/ccs1270/ccs/tools/compiler/ti-cgt-arm_20.2.7.LTS/bin/armcl" -mv7M4 --code_state=16 --float_support=FPv4SPD16 -me --include_path="C:/Users/mod_n/Documents/M.T advance diploma/ARM/4.NVIC_Exercises_WS/Exercise8" --include_path="C:/ti/ccs1270/ccs/tools/compiler/ti-cgt-arm_20.2.7.LTS/include" --define=ccs="ccs" --define=PART_TM4C123GH6PM -g --gcc --diag_warning=225 --diag_wrap=off --display_error_number --abi=eabi --preproc_with_compile --preproc_dependency="main.d_raw"  "../main.c"
Finished building: "../main.c"
 
Building file: "../tm4c123gh6pm_startup_ccs.c"
Invoking: Arm Compiler
"C:/ti/ccs1270/ccs/tools/compiler/ti-cgt-arm_20.2.7.LTS/bin/armcl" -mv7M4 --code_state=16 --float_support=FPv4SPD16 -me --include_path="C:/Users/mod_n/Documents/M.T advance diploma/ARM/4.NVIC_Exercises_WS/Exercise8" --include_path="C:/ti/ccs1270/ccs/tools/compiler/ti-cgt-arm_20.2.7.LTS/include" --define=ccs="ccs" --define=PART_TM4C123GH6PM -g --gcc --diag_warning=225 --diag_wrap=off --display_error_number --abi=eabi --preproc_with_compile --preproc_dependency="tm4c123gh6pm_startup_ccs.d_raw"  "../tm4c123gh6pm_startup_ccs.c"
Finished building: "../tm4c123gh6pm_startup_ccs.c"
 
Building target: "Exercise8.out"
Invoking: Arm Linker
"C:/ti/ccs1270/ccs/tools/compiler/ti-cgt-arm_20.2.7.LTS/bin/armcl" -mv7M4 --code_state=16 --float_support=FPv4SPD16 -me --define=ccs="ccs" --define=PART_TM4C123GH6PM -g --gcc --diag_warning=225 --diag_wrap=off --display_error_number --abi=eabi -z -m"Exercise8.map" --heap_size=0 --stack_size=512 -i"C:/ti/ccs1270/ccs/tools/compiler/ti-cgt-arm_20.2.7.LTS/lib" -i"C:/ti/ccs1270/ccs/tools/compiler/ti-cgt-arm_20.2.7.LTS/include" --reread_libs --diag_wrap=off --display_error_number --warn_sections --xml_link_info="Exercise8_linkInfo.xml" --rom_model -o "Exercise8.out" "./main.obj" "./tm4c123gh6pm_startup_ccs.obj" "../tm4c123gh6pm.cmd"  -llibc.a 
<Linking>
Finished building target: "Exercise8.out"
 

**** Build Finished ****

**** Clean-only build of configuration Debug for project Exercise9 ****

"C:\\ti\\ccs1270\\ccs\\utils\\bin\\gmake" -k -j 12 clean -O 
 
DEL /F  "Exercise9.out" 
DEL /F "main.obj" "tm4c123gh6pm_startup_ccs.obj" 
DEL /F "main.d" "tm4c123gh6pm_startup_ccs.d" 
Finished clean
 

**** Build Finished ****

**** Build of configuration Debug for project Exercise9 ****

"C:\\ti\\ccs1270\\ccs\\utils\\bin\\gmake" -k -j 12 all -O 
 
Building file: "../tm4c123gh6pm_startup_ccs.c"
Invoking: Arm Compiler
"C:/ti/ccs1270/ccs/tools/compiler/ti-cgt-arm_20.2.7.LTS/bin/armcl" -mv7M4 --code_state=16 --float_support=FPv4SPD16 -me --include_path="C:/Users/mod_n/Documents/M.T advance diploma/ARM/4.NVIC_Exercises_WS/Exercise9" --include_path="C:/ti/ccs1270/ccs/tools/compiler/ti-cgt-arm_20.2.7.LTS/include" --define=ccs="ccs" --define=PART_TM4C123GH6PM -g --gcc --diag_warning=225 --diag_wrap=off --display_error_number --abi=eabi --preproc_with_compile --preproc_dependency="tm4c123gh6pm_startup_ccs.d_raw"  "../tm4c123gh6pm_startup_ccs.c"
Finished building: "../tm4c123gh6pm_startup_ccs.c"
 
Building file: "../main.c"
Invoking: Arm Compiler
"C:/ti/ccs1270/ccs/tools/compiler/ti-cgt-arm_20.2.7.LTS/bin/armcl" -mv7M4 --code_state=16 --float_support=FPv4SPD16 -me --include_path="C:/Users/mod_n/Documents/M.T advance diploma/ARM/4.NVIC_Exercises_WS/Exercise9" --include_path="C:/ti/ccs1270/ccs/tools/compiler/ti-cgt-arm_20.2.7.LTS/include" --define=ccs="ccs" --define=PART_TM4C123GH6PM -g --gcc --diag_warning=225 --diag_wrap=off --display_error_number --abi=eabi --preproc_with_compile --preproc_dependency="main.d_raw"  "../main.c"
Finished building: "../main.c"
 
Building target: "Exercise9.out"
Invoking: Arm Linker
"C:/ti/ccs1270/ccs/tools/compiler/ti-cgt-arm_20.2.7.LTS/bin/armcl" -mv7M4 --code_state=16 --float_support=FPv4SPD16 -me --define=ccs="ccs" --define=PART_TM4C123GH6PM -g --gcc --diag_warning=225 --diag_wrap=off --display_error_number --abi=eabi -z -m"Exercise9.map" --heap_size=0 --stack_size=512 -i"C:/ti/ccs1270/ccs/tools/compiler/ti-cgt-arm_20.2.7.LTS/lib" -i"C:/ti/ccs1270/ccs/tools/compiler/ti-cgt-arm_20.2.7.LTS/include" --reread_libs --diag_wrap=off --display_error_number --warn_sections --xml_link_info="Exercise9_linkInfo.xml" --rom_model -o "Exercise9.out" "./main.obj" "./tm4c123gh6pm_startup_ccs.obj" "../tm4c123gh6pm.cmd"  -llibc.a 
<Linking>
Finished building target: "Exercise9.out"
 

**** Build Finished ****

**** Clean-only build of configuration Debug for project PLL_ex2 ****

"C:\\ti\\ccs1270\\ccs\\utils\\bin\\gmake" -k -j 12 clean -O 
 
DEL /F  "PLL_ex2.out" 
DEL /F "main.obj" "tm4c123gh6pm_startup_ccs.obj" 
DEL /F "main.d" "tm4c123gh6pm_startup_ccs.d" 
Could Not Find C:\Users\mod_n\Documents\M.T advance diploma\ARM\ARM exrecise\GPIO\PLL_ex2\Debug\PLL_ex2.out
Finished clean
 

**** Build Finished ****

**** Build of configuration Debug for project PLL_ex2 ****

"C:\\ti\\ccs1270\\ccs\\utils\\bin\\gmake" -k -j 12 all -O 
 
Building file: "../tm4c123gh6pm_startup_ccs.c"
Invoking: Arm Compiler
"C:/ti/ccs1270/ccs/tools/compiler/ti-cgt-arm_20.2.7.LTS/bin/armcl" -mv7M4 --code_state=16 --float_support=FPv4SPD16 -me --include_path="C:/Users/mod_n/Documents/M.T advance diploma/ARM/ARM exrecise/GPIO/PLL_ex2" --include_path="C:/ti/ccs1270/ccs/tools/compiler/ti-cgt-arm_20.2.7.LTS/include" --define=ccs="ccs" --define=PART_TM4C123GH6PM -g --gcc --diag_warning=225 --diag_wrap=off --display_error_number --abi=eabi --preproc_with_compile --preproc_dependency="tm4c123gh6pm_startup_ccs.d_raw"  "../tm4c123gh6pm_startup_ccs.c"
 
>> Compilation failure
subdir_rules.mk:9: recipe for target 'tm4c123gh6pm_startup_ccs.obj' failed
"../tm4c123gh6pm_startup_ccs.c", line 85: error #20: identifier "SysTick_ISR" is undefined
1 error detected in the compilation of "../tm4c123gh6pm_startup_ccs.c".
gmake: *** [tm4c123gh6pm_startup_ccs.obj] Error 1
Building file: "../main.c"
Invoking: Arm Compiler
"C:/ti/ccs1270/ccs/tools/compiler/ti-cgt-arm_20.2.7.LTS/bin/armcl" -mv7M4 --code_state=16 --float_support=FPv4SPD16 -me --include_path="C:/Users/mod_n/Documents/M.T advance diploma/ARM/ARM exrecise/GPIO/PLL_ex2" --include_path="C:/ti/ccs1270/ccs/tools/compiler/ti-cgt-arm_20.2.7.LTS/include" --define=ccs="ccs" --define=PART_TM4C123GH6PM -g --gcc --diag_warning=225 --diag_wrap=off --display_error_number --abi=eabi --preproc_with_compile --preproc_dependency="main.d_raw"  "../main.c"
"../main.c", line 99: warning #552-D: variable "count" was set but never used
Finished building: "../main.c"
 
gmake: Target 'all' not remade because of errors.

**** Build Finished ****

**** Clean-only build of configuration Debug for project UART0_ex2 ****

"C:\\ti\\ccs1270\\ccs\\utils\\bin\\gmake" -k -j 12 clean -O 
 
DEL /F  "UART0_ex2.out" 
DEL /F "UART.obj" "main.obj" "tm4c123gh6pm_startup_ccs.obj" "uart0.obj" 
DEL /F "UART.d" "main.d" "tm4c123gh6pm_startup_ccs.d" "uart0.d" 
Finished clean
 

**** Build Finished ****

**** Build of configuration Debug for project UART0_ex2 ****

"C:\\ti\\ccs1270\\ccs\\utils\\bin\\gmake" -k -j 12 all -O 
 
Building file: "../main.c"
Invoking: Arm Compiler
"C:/ti/ccs1270/ccs/tools/compiler/ti-cgt-arm_20.2.7.LTS/bin/armcl" -mv7M4 --code_state=16 --float_support=FPv4SPD16 -me --include_path="C:/Users/mod_n/Documents/M.T advance diploma/ARM/ARM exrecise/GPIO/UART0_ex2" --include_path="C:/ti/ccs1270/ccs/tools/compiler/ti-cgt-arm_20.2.7.LTS/include" --define=ccs="ccs" --define=PART_TM4C123GH6PM -g --gcc --diag_warning=225 --diag_wrap=off --display_error_number --abi=eabi --preproc_with_compile --preproc_dependency="main.d_raw"  "../main.c"
Finished building: "../main.c"
 
Building file: "../UART.c"
Invoking: Arm Compiler
"C:/ti/ccs1270/ccs/tools/compiler/ti-cgt-arm_20.2.7.LTS/bin/armcl" -mv7M4 --code_state=16 --float_support=FPv4SPD16 -me --include_path="C:/Users/mod_n/Documents/M.T advance diploma/ARM/ARM exrecise/GPIO/UART0_ex2" --include_path="C:/ti/ccs1270/ccs/tools/compiler/ti-cgt-arm_20.2.7.LTS/include" --define=ccs="ccs" --define=PART_TM4C123GH6PM -g --gcc --diag_warning=225 --diag_wrap=off --display_error_number --abi=eabi --preproc_with_compile --preproc_dependency="UART.d_raw"  "../UART.c"
Finished building: "../UART.c"
 
Building file: "../tm4c123gh6pm_startup_ccs.c"
Invoking: Arm Compiler
"C:/ti/ccs1270/ccs/tools/compiler/ti-cgt-arm_20.2.7.LTS/bin/armcl" -mv7M4 --code_state=16 --float_support=FPv4SPD16 -me --include_path="C:/Users/mod_n/Documents/M.T advance diploma/ARM/ARM exrecise/GPIO/UART0_ex2" --include_path="C:/ti/ccs1270/ccs/tools/compiler/ti-cgt-arm_20.2.7.LTS/include" --define=ccs="ccs" --define=PART_TM4C123GH6PM -g --gcc --diag_warning=225 --diag_wrap=off --display_error_number --abi=eabi --preproc_with_compile --preproc_dependency="tm4c123gh6pm_startup_ccs.d_raw"  "../tm4c123gh6pm_startup_ccs.c"
Finished building: "../tm4c123gh6pm_startup_ccs.c"
 
Building file: "../uart0.c"
Invoking: Arm Compiler
"C:/ti/ccs1270/ccs/tools/compiler/ti-cgt-arm_20.2.7.LTS/bin/armcl" -mv7M4 --code_state=16 --float_support=FPv4SPD16 -me --include_path="C:/Users/mod_n/Documents/M.T advance diploma/ARM/ARM exrecise/GPIO/UART0_ex2" --include_path="C:/ti/ccs1270/ccs/tools/compiler/ti-cgt-arm_20.2.7.LTS/include" --define=ccs="ccs" --define=PART_TM4C123GH6PM -g --gcc --diag_warning=225 --diag_wrap=off --display_error_number --abi=eabi --preproc_with_compile --preproc_dependency="uart0.d_raw"  "../uart0.c"
Finished building: "../uart0.c"
 
Building target: "UART0_ex2.out"
Invoking: Arm Linker
"C:/ti/ccs1270/ccs/tools/compiler/ti-cgt-arm_20.2.7.LTS/bin/armcl" -mv7M4 --code_state=16 --float_support=FPv4SPD16 -me --define=ccs="ccs" --define=PART_TM4C123GH6PM -g --gcc --diag_warning=225 --diag_wrap=off --display_error_number --abi=eabi -z -m"UART0_ex2.map" --heap_size=0 --stack_size=512 -i"C:/ti/ccs1270/ccs/tools/compiler/ti-cgt-arm_20.2.7.LTS/lib" -i"C:/ti/ccs1270/ccs/tools/compiler/ti-cgt-arm_20.2.7.LTS/include" --reread_libs --diag_wrap=off --display_error_number --warn_sections --xml_link_info="UART0_ex2_linkInfo.xml" --rom_model -o "UART0_ex2.out" "./UART.obj" "./main.obj" "./tm4c123gh6pm_startup_ccs.obj" "./uart0.obj" "../tm4c123gh6pm.cmd"  -llibc.a 
<Linking>
Finished building target: "UART0_ex2.out"
 

**** Build Finished ****

**** Clean-only build of configuration Debug for project UART_ex1 ****

"C:\\ti\\ccs1270\\ccs\\utils\\bin\\gmake" -k -j 12 clean -O 
 
DEL /F  "UART_ex1.out" 
DEL /F "UART.obj" "main.obj" "tm4c123gh6pm_startup_ccs.obj" "uart0.obj" 
DEL /F "UART.d" "main.d" "tm4c123gh6pm_startup_ccs.d" "uart0.d" 
Finished clean
 

**** Build Finished ****

**** Build of configuration Debug for project UART_ex1 ****

"C:\\ti\\ccs1270\\ccs\\utils\\bin\\gmake" -k -j 12 all -O 
 
Building file: "../main.c"
Invoking: Arm Compiler
"C:/ti/ccs1270/ccs/tools/compiler/ti-cgt-arm_20.2.7.LTS/bin/armcl" -mv7M4 --code_state=16 --float_support=FPv4SPD16 -me --include_path="C:/Users/mod_n/Documents/M.T advance diploma/ARM/ARM exrecise/GPIO/UART_ex1" --include_path="C:/ti/ccs1270/ccs/tools/compiler/ti-cgt-arm_20.2.7.LTS/include" --define=ccs="ccs" --define=PART_TM4C123GH6PM -g --gcc --diag_warning=225 --diag_wrap=off --display_error_number --abi=eabi --preproc_with_compile --preproc_dependency="main.d_raw"  "../main.c"
Finished building: "../main.c"
 
Building file: "../UART.c"
Invoking: Arm Compiler
"C:/ti/ccs1270/ccs/tools/compiler/ti-cgt-arm_20.2.7.LTS/bin/armcl" -mv7M4 --code_state=16 --float_support=FPv4SPD16 -me --include_path="C:/Users/mod_n/Documents/M.T advance diploma/ARM/ARM exrecise/GPIO/UART_ex1" --include_path="C:/ti/ccs1270/ccs/tools/compiler/ti-cgt-arm_20.2.7.LTS/include" --define=ccs="ccs" --define=PART_TM4C123GH6PM -g --gcc --diag_warning=225 --diag_wrap=off --display_error_number --abi=eabi --preproc_with_compile --preproc_dependency="UART.d_raw"  "../UART.c"
Finished building: "../UART.c"
 
Building file: "../tm4c123gh6pm_startup_ccs.c"
Invoking: Arm Compiler
"C:/ti/ccs1270/ccs/tools/compiler/ti-cgt-arm_20.2.7.LTS/bin/armcl" -mv7M4 --code_state=16 --float_support=FPv4SPD16 -me --include_path="C:/Users/mod_n/Documents/M.T advance diploma/ARM/ARM exrecise/GPIO/UART_ex1" --include_path="C:/ti/ccs1270/ccs/tools/compiler/ti-cgt-arm_20.2.7.LTS/include" --define=ccs="ccs" --define=PART_TM4C123GH6PM -g --gcc --diag_warning=225 --diag_wrap=off --display_error_number --abi=eabi --preproc_with_compile --preproc_dependency="tm4c123gh6pm_startup_ccs.d_raw"  "../tm4c123gh6pm_startup_ccs.c"
Finished building: "../tm4c123gh6pm_startup_ccs.c"
 
Building file: "../uart0.c"
Invoking: Arm Compiler
"C:/ti/ccs1270/ccs/tools/compiler/ti-cgt-arm_20.2.7.LTS/bin/armcl" -mv7M4 --code_state=16 --float_support=FPv4SPD16 -me --include_path="C:/Users/mod_n/Documents/M.T advance diploma/ARM/ARM exrecise/GPIO/UART_ex1" --include_path="C:/ti/ccs1270/ccs/tools/compiler/ti-cgt-arm_20.2.7.LTS/include" --define=ccs="ccs" --define=PART_TM4C123GH6PM -g --gcc --diag_warning=225 --diag_wrap=off --display_error_number --abi=eabi --preproc_with_compile --preproc_dependency="uart0.d_raw"  "../uart0.c"
Finished building: "../uart0.c"
 
Building target: "UART_ex1.out"
Invoking: Arm Linker
"C:/ti/ccs1270/ccs/tools/compiler/ti-cgt-arm_20.2.7.LTS/bin/armcl" -mv7M4 --code_state=16 --float_support=FPv4SPD16 -me --define=ccs="ccs" --define=PART_TM4C123GH6PM -g --gcc --diag_warning=225 --diag_wrap=off --display_error_number --abi=eabi -z -m"UART_ex1.map" --heap_size=0 --stack_size=512 -i"C:/ti/ccs1270/ccs/tools/compiler/ti-cgt-arm_20.2.7.LTS/lib" -i"C:/ti/ccs1270/ccs/tools/compiler/ti-cgt-arm_20.2.7.LTS/include" --reread_libs --diag_wrap=off --display_error_number --warn_sections --xml_link_info="UART_ex1_linkInfo.xml" --rom_model -o "UART_ex1.out" "./UART.obj" "./main.obj" "./tm4c123gh6pm_startup_ccs.obj" "./uart0.obj" "../tm4c123gh6pm.cmd"  -llibc.a 
<Linking>
Finished building target: "UART_ex1.out"
 

**** Build Finished ****

**** Clean-only build of configuration Debug for project ex1 ****

"C:\\ti\\ccs1270\\ccs\\utils\\bin\\gmake" -k -j 12 clean -O 
 
DEL /F  "ex1.out" 
DEL /F "main.obj" "tm4c123gh6pm_startup_ccs.obj" 
DEL /F "main.d" "tm4c123gh6pm_startup_ccs.d" 
Finished clean
 

**** Build Finished ****

**** Build of configuration Debug for project ex1 ****

"C:\\ti\\ccs1270\\ccs\\utils\\bin\\gmake" -k -j 12 all -O 
 
Building file: "../tm4c123gh6pm_startup_ccs.c"
Invoking: Arm Compiler
"C:/ti/ccs1270/ccs/tools/compiler/ti-cgt-arm_20.2.7.LTS/bin/armcl" -mv7M4 --code_state=16 --float_support=FPv4SPD16 -me --include_path="C:/Users/mod_n/Documents/M.T advance diploma/ARM/ARM exrecise/GPIO/ex1" --include_path="C:/ti/ccs1270/ccs/tools/compiler/ti-cgt-arm_20.2.7.LTS/include" --define=ccs="ccs" --define=PART_TM4C123GH6PM -g --gcc --diag_warning=225 --diag_wrap=off --display_error_number --abi=eabi --preproc_with_compile --preproc_dependency="tm4c123gh6pm_startup_ccs.d_raw"  "../tm4c123gh6pm_startup_ccs.c"
Finished building: "../tm4c123gh6pm_startup_ccs.c"
 
Building file: "../main.c"
Invoking: Arm Compiler
"C:/ti/ccs1270/ccs/tools/compiler/ti-cgt-arm_20.2.7.LTS/bin/armcl" -mv7M4 --code_state=16 --float_support=FPv4SPD16 -me --include_path="C:/Users/mod_n/Documents/M.T advance diploma/ARM/ARM exrecise/GPIO/ex1" --include_path="C:/ti/ccs1270/ccs/tools/compiler/ti-cgt-arm_20.2.7.LTS/include" --define=ccs="ccs" --define=PART_TM4C123GH6PM -g --gcc --diag_warning=225 --diag_wrap=off --display_error_number --abi=eabi --preproc_with_compile --preproc_dependency="main.d_raw"  "../main.c"
Finished building: "../main.c"
 
Building target: "ex1.out"
Invoking: Arm Linker
"C:/ti/ccs1270/ccs/tools/compiler/ti-cgt-arm_20.2.7.LTS/bin/armcl" -mv7M4 --code_state=16 --float_support=FPv4SPD16 -me --define=ccs="ccs" --define=PART_TM4C123GH6PM -g --gcc --diag_warning=225 --diag_wrap=off --display_error_number --abi=eabi -z -m"ex1.map" --heap_size=0 --stack_size=512 -i"C:/ti/ccs1270/ccs/tools/compiler/ti-cgt-arm_20.2.7.LTS/lib" -i"C:/ti/ccs1270/ccs/tools/compiler/ti-cgt-arm_20.2.7.LTS/include" --reread_libs --diag_wrap=off --display_error_number --warn_sections --xml_link_info="ex1_linkInfo.xml" --rom_model -o "ex1.out" "./main.obj" "./tm4c123gh6pm_startup_ccs.obj" "../tm4c123gh6pm.cmd"  -llibc.a 
<Linking>
Finished building target: "ex1.out"
 

**** Build Finished ****

**** Clean-only build of configuration Debug for project ex2 ****

"C:\\ti\\ccs1270\\ccs\\utils\\bin\\gmake" -k -j 12 clean -O 
 
DEL /F  "ex2.out" 
DEL /F "main.obj" "tm4c123gh6pm_startup_ccs.obj" 
DEL /F "main.d" "tm4c123gh6pm_startup_ccs.d" 
Finished clean
 

**** Build Finished ****

**** Build of configuration Debug for project ex2 ****

"C:\\ti\\ccs1270\\ccs\\utils\\bin\\gmake" -k -j 12 all -O 
 
Building file: "../main.c"
Invoking: Arm Compiler
"C:/ti/ccs1270/ccs/tools/compiler/ti-cgt-arm_20.2.7.LTS/bin/armcl" -mv7M4 --code_state=16 --float_support=FPv4SPD16 -me --include_path="C:/Users/mod_n/Documents/M.T advance diploma/ARM/ARM exrecise/GPIO/ex2" --include_path="C:/ti/ccs1270/ccs/tools/compiler/ti-cgt-arm_20.2.7.LTS/include" --define=ccs="ccs" --define=PART_TM4C123GH6PM -g --gcc --diag_warning=225 --diag_wrap=off --display_error_number --abi=eabi --preproc_with_compile --preproc_dependency="main.d_raw"  "../main.c"
Finished building: "../main.c"
 
Building file: "../tm4c123gh6pm_startup_ccs.c"
Invoking: Arm Compiler
"C:/ti/ccs1270/ccs/tools/compiler/ti-cgt-arm_20.2.7.LTS/bin/armcl" -mv7M4 --code_state=16 --float_support=FPv4SPD16 -me --include_path="C:/Users/mod_n/Documents/M.T advance diploma/ARM/ARM exrecise/GPIO/ex2" --include_path="C:/ti/ccs1270/ccs/tools/compiler/ti-cgt-arm_20.2.7.LTS/include" --define=ccs="ccs" --define=PART_TM4C123GH6PM -g --gcc --diag_warning=225 --diag_wrap=off --display_error_number --abi=eabi --preproc_with_compile --preproc_dependency="tm4c123gh6pm_startup_ccs.d_raw"  "../tm4c123gh6pm_startup_ccs.c"
Finished building: "../tm4c123gh6pm_startup_ccs.c"
 
Building target: "ex2.out"
Invoking: Arm Linker
"C:/ti/ccs1270/ccs/tools/compiler/ti-cgt-arm_20.2.7.LTS/bin/armcl" -mv7M4 --code_state=16 --float_support=FPv4SPD16 -me --define=ccs="ccs" --define=PART_TM4C123GH6PM -g --gcc --diag_warning=225 --diag_wrap=off --display_error_number --abi=eabi -z -m"ex2.map" --heap_size=0 --stack_size=512 -i"C:/ti/ccs1270/ccs/tools/compiler/ti-cgt-arm_20.2.7.LTS/lib" -i"C:/ti/ccs1270/ccs/tools/compiler/ti-cgt-arm_20.2.7.LTS/include" --reread_libs --diag_wrap=off --display_error_number --warn_sections --xml_link_info="ex2_linkInfo.xml" --rom_model -o "ex2.out" "./main.obj" "./tm4c123gh6pm_startup_ccs.obj" "../tm4c123gh6pm.cmd"  -llibc.a 
<Linking>
Finished building target: "ex2.out"
 

**** Build Finished ****

**** Clean-only build of configuration Debug for project ex2_NVIC ****

"C:\\ti\\ccs1270\\ccs\\utils\\bin\\gmake" -k -j 12 clean -O 
 
DEL /F  "ex2_NVIC.out" 
DEL /F "main.obj" "tm4c123gh6pm_startup_ccs.obj" 
DEL /F "main.d" "tm4c123gh6pm_startup_ccs.d" 
Finished clean
 

**** Build Finished ****

**** Build of configuration Debug for project ex2_NVIC ****

"C:\\ti\\ccs1270\\ccs\\utils\\bin\\gmake" -k -j 12 all -O 
 
Building file: "../tm4c123gh6pm_startup_ccs.c"
Invoking: Arm Compiler
"C:/ti/ccs1270/ccs/tools/compiler/ti-cgt-arm_20.2.7.LTS/bin/armcl" -mv7M4 --code_state=16 --float_support=FPv4SPD16 -me --include_path="C:/Users/mod_n/Documents/M.T advance diploma/ARM/ARM exrecise/GPIO/ex2_NVIC" --include_path="C:/ti/ccs1270/ccs/tools/compiler/ti-cgt-arm_20.2.7.LTS/include" --define=ccs="ccs" --define=PART_TM4C123GH6PM -g --gcc --diag_warning=225 --diag_wrap=off --display_error_number --abi=eabi --preproc_with_compile --preproc_dependency="tm4c123gh6pm_startup_ccs.d_raw"  "../tm4c123gh6pm_startup_ccs.c"
Finished building: "../tm4c123gh6pm_startup_ccs.c"
 
Building file: "../main.c"
Invoking: Arm Compiler
"C:/ti/ccs1270/ccs/tools/compiler/ti-cgt-arm_20.2.7.LTS/bin/armcl" -mv7M4 --code_state=16 --float_support=FPv4SPD16 -me --include_path="C:/Users/mod_n/Documents/M.T advance diploma/ARM/ARM exrecise/GPIO/ex2_NVIC" --include_path="C:/ti/ccs1270/ccs/tools/compiler/ti-cgt-arm_20.2.7.LTS/include" --define=ccs="ccs" --define=PART_TM4C123GH6PM -g --gcc --diag_warning=225 --diag_wrap=off --display_error_number --abi=eabi --preproc_with_compile --preproc_dependency="main.d_raw"  "../main.c"
"../main.c", line 148: warning #112-D: statement is unreachable
Finished building: "../main.c"
 
Building target: "ex2_NVIC.out"
Invoking: Arm Linker
"C:/ti/ccs1270/ccs/tools/compiler/ti-cgt-arm_20.2.7.LTS/bin/armcl" -mv7M4 --code_state=16 --float_support=FPv4SPD16 -me --define=ccs="ccs" --define=PART_TM4C123GH6PM -g --gcc --diag_warning=225 --diag_wrap=off --display_error_number --abi=eabi -z -m"ex2_NVIC.map" --heap_size=0 --stack_size=512 -i"C:/ti/ccs1270/ccs/tools/compiler/ti-cgt-arm_20.2.7.LTS/lib" -i"C:/ti/ccs1270/ccs/tools/compiler/ti-cgt-arm_20.2.7.LTS/include" --reread_libs --diag_wrap=off --display_error_number --warn_sections --xml_link_info="ex2_NVIC_linkInfo.xml" --rom_model -o "ex2_NVIC.out" "./main.obj" "./tm4c123gh6pm_startup_ccs.obj" "../tm4c123gh6pm.cmd"  -llibc.a 
<Linking>
Finished building target: "ex2_NVIC.out"
 

**** Build Finished ****

**** Clean-only build of configuration Debug for project ex3 ****

"C:\\ti\\ccs1270\\ccs\\utils\\bin\\gmake" -k -j 12 clean -O 
 
DEL /F  "ex3.out" 
DEL /F "main.obj" "tm4c123gh6pm_startup_ccs.obj" 
DEL /F "main.d" "tm4c123gh6pm_startup_ccs.d" 
Finished clean
 

**** Build Finished ****

**** Build of configuration Debug for project ex3 ****

"C:\\ti\\ccs1270\\ccs\\utils\\bin\\gmake" -k -j 12 all -O 
 
Building file: "../main.c"
Invoking: Arm Compiler
"C:/ti/ccs1270/ccs/tools/compiler/ti-cgt-arm_20.2.7.LTS/bin/armcl" -mv7M4 --code_state=16 --float_support=FPv4SPD16 -me --include_path="C:/Users/mod_n/Documents/M.T advance diploma/ARM/ARM exrecise/GPIO/ex3" --include_path="C:/ti/ccs1270/ccs/tools/compiler/ti-cgt-arm_20.2.7.LTS/include" --define=ccs="ccs" --define=PART_TM4C123GH6PM -g --gcc --diag_warning=225 --diag_wrap=off --display_error_number --abi=eabi --preproc_with_compile --preproc_dependency="main.d_raw"  "../main.c"
Finished building: "../main.c"
 
Building file: "../tm4c123gh6pm_startup_ccs.c"
Invoking: Arm Compiler
"C:/ti/ccs1270/ccs/tools/compiler/ti-cgt-arm_20.2.7.LTS/bin/armcl" -mv7M4 --code_state=16 --float_support=FPv4SPD16 -me --include_path="C:/Users/mod_n/Documents/M.T advance diploma/ARM/ARM exrecise/GPIO/ex3" --include_path="C:/ti/ccs1270/ccs/tools/compiler/ti-cgt-arm_20.2.7.LTS/include" --define=ccs="ccs" --define=PART_TM4C123GH6PM -g --gcc --diag_warning=225 --diag_wrap=off --display_error_number --abi=eabi --preproc_with_compile --preproc_dependency="tm4c123gh6pm_startup_ccs.d_raw"  "../tm4c123gh6pm_startup_ccs.c"
Finished building: "../tm4c123gh6pm_startup_ccs.c"
 
Building target: "ex3.out"
Invoking: Arm Linker
"C:/ti/ccs1270/ccs/tools/compiler/ti-cgt-arm_20.2.7.LTS/bin/armcl" -mv7M4 --code_state=16 --float_support=FPv4SPD16 -me --define=ccs="ccs" --define=PART_TM4C123GH6PM -g --gcc --diag_warning=225 --diag_wrap=off --display_error_number --abi=eabi -z -m"ex3.map" --heap_size=0 --stack_size=512 -i"C:/ti/ccs1270/ccs/tools/compiler/ti-cgt-arm_20.2.7.LTS/lib" -i"C:/ti/ccs1270/ccs/tools/compiler/ti-cgt-arm_20.2.7.LTS/include" --reread_libs --diag_wrap=off --display_error_number --warn_sections --xml_link_info="ex3_linkInfo.xml" --rom_model -o "ex3.out" "./main.obj" "./tm4c123gh6pm_startup_ccs.obj" "../tm4c123gh6pm.cmd"  -llibc.a 
<Linking>
Finished building target: "ex3.out"
 

**** Build Finished ****

**** Clean-only build of configuration Debug for project ex4_NIVC(SYSTICK) ****

"C:\\ti\\ccs1270\\ccs\\utils\\bin\\gmake" -k -j 12 clean -O 
 
DEL /F  "ex4_NIVC(SYSTICK).out" 
DEL /F "main.obj" "tm4c123gh6pm_startup_ccs.obj" 
DEL /F "main.d" "tm4c123gh6pm_startup_ccs.d" 
Finished clean
 

**** Build Finished ****

**** Build of configuration Debug for project ex4_NIVC(SYSTICK) ****

"C:\\ti\\ccs1270\\ccs\\utils\\bin\\gmake" -k -j 12 all -O 
 
Building file: "../tm4c123gh6pm_startup_ccs.c"
Invoking: Arm Compiler
"C:/ti/ccs1270/ccs/tools/compiler/ti-cgt-arm_20.2.7.LTS/bin/armcl" -mv7M4 --code_state=16 --float_support=FPv4SPD16 -me --include_path="C:/Users/mod_n/Documents/M.T advance diploma/ARM/ARM exrecise/GPIO/ex4_NIVC(SYSTICK)" --include_path="C:/ti/ccs1270/ccs/tools/compiler/ti-cgt-arm_20.2.7.LTS/include" --define=ccs="ccs" --define=PART_TM4C123GH6PM -g --gcc --diag_warning=225 --diag_wrap=off --display_error_number --abi=eabi --preproc_with_compile --preproc_dependency="tm4c123gh6pm_startup_ccs.d_raw"  "../tm4c123gh6pm_startup_ccs.c"
Finished building: "../tm4c123gh6pm_startup_ccs.c"
 
Building file: "../main.c"
Invoking: Arm Compiler
"C:/ti/ccs1270/ccs/tools/compiler/ti-cgt-arm_20.2.7.LTS/bin/armcl" -mv7M4 --code_state=16 --float_support=FPv4SPD16 -me --include_path="C:/Users/mod_n/Documents/M.T advance diploma/ARM/ARM exrecise/GPIO/ex4_NIVC(SYSTICK)" --include_path="C:/ti/ccs1270/ccs/tools/compiler/ti-cgt-arm_20.2.7.LTS/include" --define=ccs="ccs" --define=PART_TM4C123GH6PM -g --gcc --diag_warning=225 --diag_wrap=off --display_error_number --abi=eabi --preproc_with_compile --preproc_dependency="main.d_raw"  "../main.c"
Finished building: "../main.c"
 
Building target: "ex4_NIVC(SYSTICK).out"
Invoking: Arm Linker
"C:/ti/ccs1270/ccs/tools/compiler/ti-cgt-arm_20.2.7.LTS/bin/armcl" -mv7M4 --code_state=16 --float_support=FPv4SPD16 -me --define=ccs="ccs" --define=PART_TM4C123GH6PM -g --gcc --diag_warning=225 --diag_wrap=off --display_error_number --abi=eabi -z -m"ex4_NIVC(SYSTICK).map" --heap_size=0 --stack_size=512 -i"C:/ti/ccs1270/ccs/tools/compiler/ti-cgt-arm_20.2.7.LTS/lib" -i"C:/ti/ccs1270/ccs/tools/compiler/ti-cgt-arm_20.2.7.LTS/include" --reread_libs --diag_wrap=off --display_error_number --warn_sections --xml_link_info="ex4_NIVC(SYSTICK)_linkInfo.xml" --rom_model -o "ex4_NIVC(SYSTICK).out" "./main.obj" "./tm4c123gh6pm_startup_ccs.obj" "../tm4c123gh6pm.cmd"  -llibc.a 
<Linking>
Finished building target: "ex4_NIVC(SYSTICK).out"
 

**** Build Finished ****

**** Clean-only build of configuration Debug for project exx1 ****

"C:\\ti\\ccs1270\\ccs\\utils\\bin\\gmake" -k -j 12 clean -O 
 
DEL /F  "exx1.out" 
DEL /F "main.obj" "tm4c123gh6pm_startup_ccs.obj" 
DEL /F "main.d" "tm4c123gh6pm_startup_ccs.d" 
Finished clean
 

**** Build Finished ****

**** Build of configuration Debug for project exx1 ****

"C:\\ti\\ccs1270\\ccs\\utils\\bin\\gmake" -k -j 12 all -O 
 
Building file: "../tm4c123gh6pm_startup_ccs.c"
Invoking: Arm Compiler
"C:/ti/ccs1270/ccs/tools/compiler/ti-cgt-arm_20.2.7.LTS/bin/armcl" -mv7M4 --code_state=16 --float_support=FPv4SPD16 -me --include_path="C:/Users/mod_n/Documents/M.T advance diploma/ARM/ARM exrecise/GPIO/exx1" --include_path="C:/ti/ccs1270/ccs/tools/compiler/ti-cgt-arm_20.2.7.LTS/include" --define=ccs="ccs" --define=PART_TM4C123GH6PM -g --gcc --diag_warning=225 --diag_wrap=off --display_error_number --abi=eabi --preproc_with_compile --preproc_dependency="tm4c123gh6pm_startup_ccs.d_raw"  "../tm4c123gh6pm_startup_ccs.c"
Finished building: "../tm4c123gh6pm_startup_ccs.c"
 
Building file: "../main.c"
Invoking: Arm Compiler
"C:/ti/ccs1270/ccs/tools/compiler/ti-cgt-arm_20.2.7.LTS/bin/armcl" -mv7M4 --code_state=16 --float_support=FPv4SPD16 -me --include_path="C:/Users/mod_n/Documents/M.T advance diploma/ARM/ARM exrecise/GPIO/exx1" --include_path="C:/ti/ccs1270/ccs/tools/compiler/ti-cgt-arm_20.2.7.LTS/include" --define=ccs="ccs" --define=PART_TM4C123GH6PM -g --gcc --diag_warning=225 --diag_wrap=off --display_error_number --abi=eabi --preproc_with_compile --preproc_dependency="main.d_raw"  "../main.c"
Finished building: "../main.c"
 
Building target: "exx1.out"
Invoking: Arm Linker
"C:/ti/ccs1270/ccs/tools/compiler/ti-cgt-arm_20.2.7.LTS/bin/armcl" -mv7M4 --code_state=16 --float_support=FPv4SPD16 -me --define=ccs="ccs" --define=PART_TM4C123GH6PM -g --gcc --diag_warning=225 --diag_wrap=off --display_error_number --abi=eabi -z -m"exx1.map" --heap_size=0 --stack_size=512 -i"C:/ti/ccs1270/ccs/tools/compiler/ti-cgt-arm_20.2.7.LTS/lib" -i"C:/ti/ccs1270/ccs/tools/compiler/ti-cgt-arm_20.2.7.LTS/include" --reread_libs --diag_wrap=off --display_error_number --warn_sections --xml_link_info="exx1_linkInfo.xml" --rom_model -o "exx1.out" "./main.obj" "./tm4c123gh6pm_startup_ccs.obj" "../tm4c123gh6pm.cmd"  -llibc.a 
<Linking>
Finished building target: "exx1.out"
 

**** Build Finished ****

**** Clean-only build of configuration Debug for project exxxx ****

"C:\\ti\\ccs1270\\ccs\\utils\\bin\\gmake" -k -j 12 clean -O 
 
DEL /F  "exxxx.out" 
DEL /F "main.obj" "tm4c123gh6pm_startup_ccs.obj" 
DEL /F "main.d" "tm4c123gh6pm_startup_ccs.d" 
Could Not Find C:\Users\mod_n\Documents\M.T advance diploma\ARM\ARM exrecise\GPIO\exxxx\Debug\exxxx.out
Finished clean
 

**** Build Finished ****

**** Build of configuration Debug for project exxxx ****

"C:\\ti\\ccs1270\\ccs\\utils\\bin\\gmake" -k -j 12 all -O 
 
Building file: "../tm4c123gh6pm_startup_ccs.c"
Invoking: Arm Compiler
"C:/ti/ccs1270/ccs/tools/compiler/ti-cgt-arm_20.2.7.LTS/bin/armcl" -mv7M4 --code_state=16 --float_support=FPv4SPD16 -me --include_path="C:/Users/mod_n/Documents/M.T advance diploma/ARM/ARM exrecise/GPIO/exxxx" --include_path="C:/ti/ccs1270/ccs/tools/compiler/ti-cgt-arm_20.2.7.LTS/include" --define=ccs="ccs" --define=PART_TM4C123GH6PM -g --gcc --diag_warning=225 --diag_wrap=off --display_error_number --abi=eabi --preproc_with_compile --preproc_dependency="tm4c123gh6pm_startup_ccs.d_raw"  "../tm4c123gh6pm_startup_ccs.c"
Finished building: "../tm4c123gh6pm_startup_ccs.c"
 
Building file: "../main.c"
Invoking: Arm Compiler
"C:/ti/ccs1270/ccs/tools/compiler/ti-cgt-arm_20.2.7.LTS/bin/armcl" -mv7M4 --code_state=16 --float_support=FPv4SPD16 -me --include_path="C:/Users/mod_n/Documents/M.T advance diploma/ARM/ARM exrecise/GPIO/exxxx" --include_path="C:/ti/ccs1270/ccs/tools/compiler/ti-cgt-arm_20.2.7.LTS/include" --define=ccs="ccs" --define=PART_TM4C123GH6PM -g --gcc --diag_warning=225 --diag_wrap=off --display_error_number --abi=eabi --preproc_with_compile --preproc_dependency="main.d_raw"  "../main.c"
"../main.c", line 145: warning #225-D: function "SysTick_Init" declared implicitly
"../main.c", line 168: warning #112-D: statement is unreachable
Finished building: "../main.c"
 
Building target: "exxxx.out"
Invoking: Arm Linker
"C:/ti/ccs1270/ccs/tools/compiler/ti-cgt-arm_20.2.7.LTS/bin/armcl" -mv7M4 --code_state=16 --float_support=FPv4SPD16 -me --define=ccs="ccs" --define=PART_TM4C123GH6PM -g --gcc --diag_warning=225 --diag_wrap=off --display_error_number --abi=eabi -z -m"exxxx.map" --heap_size=0 --stack_size=512 -i"C:/ti/ccs1270/ccs/tools/compiler/ti-cgt-arm_20.2.7.LTS/lib" -i"C:/ti/ccs1270/ccs/tools/compiler/ti-cgt-arm_20.2.7.LTS/include" --reread_libs --diag_wrap=off --display_error_number --warn_sections --xml_link_info="exxxx_linkInfo.xml" --rom_model -o "exxxx.out" "./main.obj" "./tm4c123gh6pm_startup_ccs.obj" "../tm4c123gh6pm.cmd"  -llibc.a 
<Linking>
 
 undefined    first referenced
  symbol          in file     
 ---------    ----------------
 SysTick_Init ./main.obj      
 
error #10234-D: unresolved symbols remain
error #10010: errors encountered during linking; "exxxx.out" not built
 
>> Compilation failure
makefile:136: recipe for target 'exxxx.out' failed
gmake[1]: *** [exxxx.out] Error 1
makefile:132: recipe for target 'all' failed
gmake: *** [all] Error 2

**** Build Finished ****

**** Build of configuration Debug for project AUTOSAR_Project ****

"C:\\ti\\ccs1270\\ccs\\utils\\bin\\gmake" -k -j 12 all -O 
 
Building file: "../Led.c"
Invoking: Arm Compiler
"C:/ti/ccs1270/ccs/tools/compiler/ti-cgt-arm_20.2.7.LTS/bin/armcl" -mv7M4 --code_state=16 --float_support=FPv4SPD16 -me --include_path="C:/Users/mod_n/Documents/M.T advance diploma/Projects/AUTOSAR_Project_WS/AUTOSAR_Project" --include_path="C:/ti/ccs1270/ccs/tools/compiler/ti-cgt-arm_20.2.7.LTS/include" --define=ccs="ccs" --define=PART_TM4C123GH6PM -g --gcc --diag_warning=225 --diag_wrap=off --display_error_number --abi=eabi --preproc_with_compile --preproc_dependency="Led.d_raw"  "../Led.c"
 
>> Compilation failure
subdir_rules.mk:9: recipe for target 'Led.obj' failed
"..\Port.h", line 55: fatal error #35: #error directive: "The AR version of Port_Cfg.h does not match the expected version"
1 catastrophic error detected in the compilation of "../Led.c".
Compilation terminated.
gmake: *** [Led.obj] Error 1
Building file: "../Port.c"
Invoking: Arm Compiler
"C:/ti/ccs1270/ccs/tools/compiler/ti-cgt-arm_20.2.7.LTS/bin/armcl" -mv7M4 --code_state=16 --float_support=FPv4SPD16 -me --include_path="C:/Users/mod_n/Documents/M.T advance diploma/Projects/AUTOSAR_Project_WS/AUTOSAR_Project" --include_path="C:/ti/ccs1270/ccs/tools/compiler/ti-cgt-arm_20.2.7.LTS/include" --define=ccs="ccs" --define=PART_TM4C123GH6PM -g --gcc --diag_warning=225 --diag_wrap=off --display_error_number --abi=eabi --preproc_with_compile --preproc_dependency="Port.d_raw"  "../Port.c"
 
>> Compilation failure
subdir_rules.mk:9: recipe for target 'Port.obj' failed
"..\Port.h", line 55: fatal error #35: #error directive: "The AR version of Port_Cfg.h does not match the expected version"
1 catastrophic error detected in the compilation of "../Port.c".
Compilation terminated.
gmake: *** [Port.obj] Error 1
Building file: "../Button.c"
Invoking: Arm Compiler
"C:/ti/ccs1270/ccs/tools/compiler/ti-cgt-arm_20.2.7.LTS/bin/armcl" -mv7M4 --code_state=16 --float_support=FPv4SPD16 -me --include_path="C:/Users/mod_n/Documents/M.T advance diploma/Projects/AUTOSAR_Project_WS/AUTOSAR_Project" --include_path="C:/ti/ccs1270/ccs/tools/compiler/ti-cgt-arm_20.2.7.LTS/include" --define=ccs="ccs" --define=PART_TM4C123GH6PM -g --gcc --diag_warning=225 --diag_wrap=off --display_error_number --abi=eabi --preproc_with_compile --preproc_dependency="Button.d_raw"  "../Button.c"
Finished building: "../Button.c"
 
gmake: Target 'all' not remade because of errors.

**** Build Finished ****

**** Build of configuration Debug for project AUTOSAR_Project ****

"C:\\ti\\ccs1270\\ccs\\utils\\bin\\gmake" -k -j 12 all -O 
 
Building file: "../Port.c"
Invoking: Arm Compiler
"C:/ti/ccs1270/ccs/tools/compiler/ti-cgt-arm_20.2.7.LTS/bin/armcl" -mv7M4 --code_state=16 --float_support=FPv4SPD16 -me --include_path="C:/Users/mod_n/Documents/M.T advance diploma/Projects/AUTOSAR_Project_WS/AUTOSAR_Project" --include_path="C:/ti/ccs1270/ccs/tools/compiler/ti-cgt-arm_20.2.7.LTS/include" --define=ccs="ccs" --define=PART_TM4C123GH6PM -g --gcc --diag_warning=225 --diag_wrap=off --display_error_number --abi=eabi --preproc_with_compile --preproc_dependency="Port.d_raw"  "../Port.c"
 
>> Compilation failure
subdir_rules.mk:9: recipe for target 'Port.obj' failed
"../Port.c", line 74: error #20: identifier "PortGpio_Ptr" is undefined
"../Port.c", line 42: warning #552-D: variable "Port_Ptr" was set but never used
"../Port.c", line 153: error #20: identifier "OUTPUT" is undefined
"../Port.c", line 166: error #20: identifier "INPUT" is undefined
3 errors detected in the compilation of "../Port.c".
gmake: *** [Port.obj] Error 1
Building file: "../Button.c"
Invoking: Arm Compiler
"C:/ti/ccs1270/ccs/tools/compiler/ti-cgt-arm_20.2.7.LTS/bin/armcl" -mv7M4 --code_state=16 --float_support=FPv4SPD16 -me --include_path="C:/Users/mod_n/Documents/M.T advance diploma/Projects/AUTOSAR_Project_WS/AUTOSAR_Project" --include_path="C:/ti/ccs1270/ccs/tools/compiler/ti-cgt-arm_20.2.7.LTS/include" --define=ccs="ccs" --define=PART_TM4C123GH6PM -g --gcc --diag_warning=225 --diag_wrap=off --display_error_number --abi=eabi --preproc_with_compile --preproc_dependency="Button.d_raw"  "../Button.c"
Finished building: "../Button.c"
 
Building file: "../Led.c"
Invoking: Arm Compiler
"C:/ti/ccs1270/ccs/tools/compiler/ti-cgt-arm_20.2.7.LTS/bin/armcl" -mv7M4 --code_state=16 --float_support=FPv4SPD16 -me --include_path="C:/Users/mod_n/Documents/M.T advance diploma/Projects/AUTOSAR_Project_WS/AUTOSAR_Project" --include_path="C:/ti/ccs1270/ccs/tools/compiler/ti-cgt-arm_20.2.7.LTS/include" --define=ccs="ccs" --define=PART_TM4C123GH6PM -g --gcc --diag_warning=225 --diag_wrap=off --display_error_number --abi=eabi --preproc_with_compile --preproc_dependency="Led.d_raw"  "../Led.c"
Finished building: "../Led.c"
 
gmake: Target 'all' not remade because of errors.

**** Build Finished ****

**** Build of configuration Debug for project Challenge ****

"C:\\ti\\ccs1270\\ccs\\utils\\bin\\gmake" -k -j 12 all -O 
 
gmake[1]: 'Challenge.out' is up to date.

**** Build Finished ****

**** Build of configuration Debug for project Exercise1 ****

"C:\\ti\\ccs1270\\ccs\\utils\\bin\\gmake" -k -j 12 all -O 
 
gmake[1]: 'Exercise1.out' is up to date.

**** Build Finished ****

**** Build of configuration Debug for project Exercise10 ****

"C:\\ti\\ccs1270\\ccs\\utils\\bin\\gmake" -k -j 12 all -O 
 
gmake[1]: 'Exercise10.out' is up to date.

**** Build Finished ****

**** Build of configuration Debug for project Exercise11 ****

"C:\\ti\\ccs1270\\ccs\\utils\\bin\\gmake" -k -j 12 all -O 
 
gmake[1]: 'Exercise11.out' is up to date.

**** Build Finished ****

**** Build of configuration Debug for project Exercise12 ****

"C:\\ti\\ccs1270\\ccs\\utils\\bin\\gmake" -k -j 12 all -O 
 
gmake[1]: 'Exercise12.out' is up to date.

**** Build Finished ****

**** Build of configuration Debug for project Exercise13 ****

"C:\\ti\\ccs1270\\ccs\\utils\\bin\\gmake" -k -j 12 all -O 
 
gmake[1]: 'Exercise13.out' is up to date.

**** Build Finished ****

**** Build of configuration Debug for project Exercise14 ****

"C:\\ti\\ccs1270\\ccs\\utils\\bin\\gmake" -k -j 12 all -O 
 
gmake[1]: 'Exercise14.out' is up to date.

**** Build Finished ****

**** Build of configuration Debug for project Exercise15 ****

"C:\\ti\\ccs1270\\ccs\\utils\\bin\\gmake" -k -j 12 all -O 
 
gmake[1]: 'Exercise15.out' is up to date.

**** Build Finished ****

**** Build of configuration Debug for project Exercise2 ****

"C:\\ti\\ccs1270\\ccs\\utils\\bin\\gmake" -k -j 12 all -O 
 
gmake[1]: 'Exercise2.out' is up to date.

**** Build Finished ****

**** Build of configuration Debug for project Exercise3 ****

"C:\\ti\\ccs1270\\ccs\\utils\\bin\\gmake" -k -j 12 all -O 
 
gmake[1]: 'Exercise3.out' is up to date.

**** Build Finished ****

**** Build of configuration Debug for project Exercise3_Bit_Band_Sol1 ****

"C:\\ti\\ccs1270\\ccs\\utils\\bin\\gmake" -k -j 12 all -O 
 
gmake[1]: 'Exercise3_Bit_Band_Sol1.out' is up to date.

**** Build Finished ****

**** Build of configuration Debug for project Exercise3_Bit_Band_Sol2 ****

"C:\\ti\\ccs1270\\ccs\\utils\\bin\\gmake" -k -j 12 all -O 
 
gmake[1]: 'Exercise3_Bit_Band_Sol2.out' is up to date.

**** Build Finished ****

**** Build of configuration Debug for project Exercise4 ****

"C:\\ti\\ccs1270\\ccs\\utils\\bin\\gmake" -k -j 12 all -O 
 
gmake[1]: 'Exercise4.out' is up to date.

**** Build Finished ****

**** Build of configuration Debug for project Exercise5 ****

"C:\\ti\\ccs1270\\ccs\\utils\\bin\\gmake" -k -j 12 all -O 
 
gmake[1]: 'Exercise5.out' is up to date.

**** Build Finished ****

**** Build of configuration Debug for project Exercise6 ****

"C:\\ti\\ccs1270\\ccs\\utils\\bin\\gmake" -k -j 12 all -O 
 
gmake[1]: 'Exercise6.out' is up to date.

**** Build Finished ****

**** Build of configuration Debug for project Exercise7 ****

"C:\\ti\\ccs1270\\ccs\\utils\\bin\\gmake" -k -j 12 all -O 
 
gmake[1]: 'Exercise7.out' is up to date.

**** Build Finished ****

**** Build of configuration Debug for project Exercise8 ****

"C:\\ti\\ccs1270\\ccs\\utils\\bin\\gmake" -k -j 12 all -O 
 
gmake[1]: 'Exercise8.out' is up to date.

**** Build Finished ****

**** Build of configuration Debug for project Exercise9 ****

"C:\\ti\\ccs1270\\ccs\\utils\\bin\\gmake" -k -j 12 all -O 
 
gmake[1]: 'Exercise9.out' is up to date.

**** Build Finished ****

**** Build of configuration Debug for project PLL_ex2 ****

"C:\\ti\\ccs1270\\ccs\\utils\\bin\\gmake" -k -j 12 all -O 
 
Building file: "../tm4c123gh6pm_startup_ccs.c"
Invoking: Arm Compiler
"C:/ti/ccs1270/ccs/tools/compiler/ti-cgt-arm_20.2.7.LTS/bin/armcl" -mv7M4 --code_state=16 --float_support=FPv4SPD16 -me --include_path="C:/Users/mod_n/Documents/M.T advance diploma/ARM/ARM exrecise/GPIO/PLL_ex2" --include_path="C:/ti/ccs1270/ccs/tools/compiler/ti-cgt-arm_20.2.7.LTS/include" --define=ccs="ccs" --define=PART_TM4C123GH6PM -g --gcc --diag_warning=225 --diag_wrap=off --display_error_number --abi=eabi --preproc_with_compile --preproc_dependency="tm4c123gh6pm_startup_ccs.d_raw"  "../tm4c123gh6pm_startup_ccs.c"
 
>> Compilation failure
subdir_rules.mk:9: recipe for target 'tm4c123gh6pm_startup_ccs.obj' failed
"../tm4c123gh6pm_startup_ccs.c", line 85: error #20: identifier "SysTick_ISR" is undefined
1 error detected in the compilation of "../tm4c123gh6pm_startup_ccs.c".
gmake: *** [tm4c123gh6pm_startup_ccs.obj] Error 1
gmake: Target 'all' not remade because of errors.

**** Build Finished ****

**** Build of configuration Debug for project UART0_ex2 ****

"C:\\ti\\ccs1270\\ccs\\utils\\bin\\gmake" -k -j 12 all -O 
 
gmake[1]: 'UART0_ex2.out' is up to date.

**** Build Finished ****

**** Build of configuration Debug for project UART_ex1 ****

"C:\\ti\\ccs1270\\ccs\\utils\\bin\\gmake" -k -j 12 all -O 
 
gmake[1]: 'UART_ex1.out' is up to date.

**** Build Finished ****

**** Build of configuration Debug for project ex1 ****

"C:\\ti\\ccs1270\\ccs\\utils\\bin\\gmake" -k -j 12 all -O 
 
gmake[1]: 'ex1.out' is up to date.

**** Build Finished ****

**** Build of configuration Debug for project ex2 ****

"C:\\ti\\ccs1270\\ccs\\utils\\bin\\gmake" -k -j 12 all -O 
 
gmake[1]: 'ex2.out' is up to date.

**** Build Finished ****

**** Build of configuration Debug for project ex2_NVIC ****

"C:\\ti\\ccs1270\\ccs\\utils\\bin\\gmake" -k -j 12 all -O 
 
gmake[1]: 'ex2_NVIC.out' is up to date.

**** Build Finished ****

**** Build of configuration Debug for project ex3 ****

"C:\\ti\\ccs1270\\ccs\\utils\\bin\\gmake" -k -j 12 all -O 
 
gmake[1]: 'ex3.out' is up to date.

**** Build Finished ****

**** Build of configuration Debug for project ex4_NIVC(SYSTICK) ****

"C:\\ti\\ccs1270\\ccs\\utils\\bin\\gmake" -k -j 12 all -O 
 
gmake[1]: 'ex4_NIVC(SYSTICK).out' is up to date.

**** Build Finished ****

**** Build of configuration Debug for project exx1 ****

"C:\\ti\\ccs1270\\ccs\\utils\\bin\\gmake" -k -j 12 all -O 
 
gmake[1]: 'exx1.out' is up to date.

**** Build Finished ****

**** Build of configuration Debug for project exxxx ****

"C:\\ti\\ccs1270\\ccs\\utils\\bin\\gmake" -k -j 12 all -O 
 
Building target: "exxxx.out"
Invoking: Arm Linker
"C:/ti/ccs1270/ccs/tools/compiler/ti-cgt-arm_20.2.7.LTS/bin/armcl" -mv7M4 --code_state=16 --float_support=FPv4SPD16 -me --define=ccs="ccs" --define=PART_TM4C123GH6PM -g --gcc --diag_warning=225 --diag_wrap=off --display_error_number --abi=eabi -z -m"exxxx.map" --heap_size=0 --stack_size=512 -i"C:/ti/ccs1270/ccs/tools/compiler/ti-cgt-arm_20.2.7.LTS/lib" -i"C:/ti/ccs1270/ccs/tools/compiler/ti-cgt-arm_20.2.7.LTS/include" --reread_libs --diag_wrap=off --display_error_number --warn_sections --xml_link_info="exxxx_linkInfo.xml" --rom_model -o "exxxx.out" "./main.obj" "./tm4c123gh6pm_startup_ccs.obj" "../tm4c123gh6pm.cmd"  -llibc.a 
<Linking>
 
 undefined    first referenced
  symbol          in file     
 ---------    ----------------
 SysTick_Init ./main.obj      
 
error #10234-D: unresolved symbols remain
error #10010: errors encountered during linking; "exxxx.out" not built
 
>> Compilation failure
makefile:136: recipe for target 'exxxx.out' failed
gmake[1]: *** [exxxx.out] Error 1
makefile:132: recipe for target 'all' failed
gmake: *** [all] Error 2

**** Build Finished ****

**** Build of configuration Debug for project AUTOSAR_Project ****

"C:\\ti\\ccs1270\\ccs\\utils\\bin\\gmake" -k -j 12 all -O 
 
Building file: "../Port.c"
Invoking: Arm Compiler
"C:/ti/ccs1270/ccs/tools/compiler/ti-cgt-arm_20.2.7.LTS/bin/armcl" -mv7M4 --code_state=16 --float_support=FPv4SPD16 -me --include_path="C:/Users/mod_n/Documents/M.T advance diploma/Projects/AUTOSAR_Project_WS/AUTOSAR_Project" --include_path="C:/ti/ccs1270/ccs/tools/compiler/ti-cgt-arm_20.2.7.LTS/include" --define=ccs="ccs" --define=PART_TM4C123GH6PM -g --gcc --diag_warning=225 --diag_wrap=off --display_error_number --abi=eabi --preproc_with_compile --preproc_dependency="Port.d_raw"  "../Port.c"
 
>> Compilation failure
subdir_rules.mk:9: recipe for target 'Port.obj' failed
"../Port.c", line 153: error #20: identifier "OUTPUT" is undefined
"../Port.c", line 166: error #20: identifier "INPUT" is undefined
2 errors detected in the compilation of "../Port.c".
gmake: *** [Port.obj] Error 1
Building file: "../Button.c"
Invoking: Arm Compiler
"C:/ti/ccs1270/ccs/tools/compiler/ti-cgt-arm_20.2.7.LTS/bin/armcl" -mv7M4 --code_state=16 --float_support=FPv4SPD16 -me --include_path="C:/Users/mod_n/Documents/M.T advance diploma/Projects/AUTOSAR_Project_WS/AUTOSAR_Project" --include_path="C:/ti/ccs1270/ccs/tools/compiler/ti-cgt-arm_20.2.7.LTS/include" --define=ccs="ccs" --define=PART_TM4C123GH6PM -g --gcc --diag_warning=225 --diag_wrap=off --display_error_number --abi=eabi --preproc_with_compile --preproc_dependency="Button.d_raw"  "../Button.c"
Finished building: "../Button.c"
 
Building file: "../Led.c"
Invoking: Arm Compiler
"C:/ti/ccs1270/ccs/tools/compiler/ti-cgt-arm_20.2.7.LTS/bin/armcl" -mv7M4 --code_state=16 --float_support=FPv4SPD16 -me --include_path="C:/Users/mod_n/Documents/M.T advance diploma/Projects/AUTOSAR_Project_WS/AUTOSAR_Project" --include_path="C:/ti/ccs1270/ccs/tools/compiler/ti-cgt-arm_20.2.7.LTS/include" --define=ccs="ccs" --define=PART_TM4C123GH6PM -g --gcc --diag_warning=225 --diag_wrap=off --display_error_number --abi=eabi --preproc_with_compile --preproc_dependency="Led.d_raw"  "../Led.c"
Finished building: "../Led.c"
 
gmake: Target 'all' not remade because of errors.

**** Build Finished ****

**** Build of configuration Debug for project Challenge ****

"C:\\ti\\ccs1270\\ccs\\utils\\bin\\gmake" -k -j 12 all -O 
 
gmake[1]: 'Challenge.out' is up to date.

**** Build Finished ****

**** Build of configuration Debug for project Exercise1 ****

"C:\\ti\\ccs1270\\ccs\\utils\\bin\\gmake" -k -j 12 all -O 
 
gmake[1]: 'Exercise1.out' is up to date.

**** Build Finished ****

**** Build of configuration Debug for project Exercise10 ****

"C:\\ti\\ccs1270\\ccs\\utils\\bin\\gmake" -k -j 12 all -O 
 
gmake[1]: 'Exercise10.out' is up to date.

**** Build Finished ****

**** Build of configuration Debug for project Exercise11 ****

"C:\\ti\\ccs1270\\ccs\\utils\\bin\\gmake" -k -j 12 all -O 
 
gmake[1]: 'Exercise11.out' is up to date.

**** Build Finished ****

**** Build of configuration Debug for project Exercise12 ****

"C:\\ti\\ccs1270\\ccs\\utils\\bin\\gmake" -k -j 12 all -O 
 
gmake[1]: 'Exercise12.out' is up to date.

**** Build Finished ****

**** Build of configuration Debug for project Exercise13 ****

"C:\\ti\\ccs1270\\ccs\\utils\\bin\\gmake" -k -j 12 all -O 
 
gmake[1]: 'Exercise13.out' is up to date.

**** Build Finished ****

**** Build of configuration Debug for project Exercise14 ****

"C:\\ti\\ccs1270\\ccs\\utils\\bin\\gmake" -k -j 12 all -O 
 
gmake[1]: 'Exercise14.out' is up to date.

**** Build Finished ****

**** Build of configuration Debug for project Exercise15 ****

"C:\\ti\\ccs1270\\ccs\\utils\\bin\\gmake" -k -j 12 all -O 
 
gmake[1]: 'Exercise15.out' is up to date.

**** Build Finished ****

**** Build of configuration Debug for project Exercise2 ****

"C:\\ti\\ccs1270\\ccs\\utils\\bin\\gmake" -k -j 12 all -O 
 
gmake[1]: 'Exercise2.out' is up to date.

**** Build Finished ****

**** Build of configuration Debug for project Exercise3 ****

"C:\\ti\\ccs1270\\ccs\\utils\\bin\\gmake" -k -j 12 all -O 
 
gmake[1]: 'Exercise3.out' is up to date.

**** Build Finished ****

**** Build of configuration Debug for project Exercise3_Bit_Band_Sol1 ****

"C:\\ti\\ccs1270\\ccs\\utils\\bin\\gmake" -k -j 12 all -O 
 
gmake[1]: 'Exercise3_Bit_Band_Sol1.out' is up to date.

**** Build Finished ****

**** Build of configuration Debug for project Exercise3_Bit_Band_Sol2 ****

"C:\\ti\\ccs1270\\ccs\\utils\\bin\\gmake" -k -j 12 all -O 
 
gmake[1]: 'Exercise3_Bit_Band_Sol2.out' is up to date.

**** Build Finished ****

**** Build of configuration Debug for project Exercise4 ****

"C:\\ti\\ccs1270\\ccs\\utils\\bin\\gmake" -k -j 12 all -O 
 
gmake[1]: 'Exercise4.out' is up to date.

**** Build Finished ****

**** Build of configuration Debug for project Exercise5 ****

"C:\\ti\\ccs1270\\ccs\\utils\\bin\\gmake" -k -j 12 all -O 
 
gmake[1]: 'Exercise5.out' is up to date.

**** Build Finished ****

**** Build of configuration Debug for project Exercise6 ****

"C:\\ti\\ccs1270\\ccs\\utils\\bin\\gmake" -k -j 12 all -O 
 
gmake[1]: 'Exercise6.out' is up to date.

**** Build Finished ****

**** Build of configuration Debug for project Exercise7 ****

"C:\\ti\\ccs1270\\ccs\\utils\\bin\\gmake" -k -j 12 all -O 
 
gmake[1]: 'Exercise7.out' is up to date.

**** Build Finished ****

**** Build of configuration Debug for project Exercise8 ****

"C:\\ti\\ccs1270\\ccs\\utils\\bin\\gmake" -k -j 12 all -O 
 
gmake[1]: 'Exercise8.out' is up to date.

**** Build Finished ****

**** Build of configuration Debug for project Exercise9 ****

"C:\\ti\\ccs1270\\ccs\\utils\\bin\\gmake" -k -j 12 all -O 
 
gmake[1]: 'Exercise9.out' is up to date.

**** Build Finished ****

**** Build of configuration Debug for project PLL_ex2 ****

"C:\\ti\\ccs1270\\ccs\\utils\\bin\\gmake" -k -j 12 all -O 
 
Building file: "../tm4c123gh6pm_startup_ccs.c"
Invoking: Arm Compiler
"C:/ti/ccs1270/ccs/tools/compiler/ti-cgt-arm_20.2.7.LTS/bin/armcl" -mv7M4 --code_state=16 --float_support=FPv4SPD16 -me --include_path="C:/Users/mod_n/Documents/M.T advance diploma/ARM/ARM exrecise/GPIO/PLL_ex2" --include_path="C:/ti/ccs1270/ccs/tools/compiler/ti-cgt-arm_20.2.7.LTS/include" --define=ccs="ccs" --define=PART_TM4C123GH6PM -g --gcc --diag_warning=225 --diag_wrap=off --display_error_number --abi=eabi --preproc_with_compile --preproc_dependency="tm4c123gh6pm_startup_ccs.d_raw"  "../tm4c123gh6pm_startup_ccs.c"
 
>> Compilation failure
subdir_rules.mk:9: recipe for target 'tm4c123gh6pm_startup_ccs.obj' failed
"../tm4c123gh6pm_startup_ccs.c", line 85: error #20: identifier "SysTick_ISR" is undefined
1 error detected in the compilation of "../tm4c123gh6pm_startup_ccs.c".
gmake: *** [tm4c123gh6pm_startup_ccs.obj] Error 1
gmake: Target 'all' not remade because of errors.

**** Build Finished ****

**** Build of configuration Debug for project UART0_ex2 ****

"C:\\ti\\ccs1270\\ccs\\utils\\bin\\gmake" -k -j 12 all -O 
 
gmake[1]: 'UART0_ex2.out' is up to date.

**** Build Finished ****

**** Build of configuration Debug for project UART_ex1 ****

"C:\\ti\\ccs1270\\ccs\\utils\\bin\\gmake" -k -j 12 all -O 
 
gmake[1]: 'UART_ex1.out' is up to date.

**** Build Finished ****

**** Build of configuration Debug for project ex1 ****

"C:\\ti\\ccs1270\\ccs\\utils\\bin\\gmake" -k -j 12 all -O 
 
gmake[1]: 'ex1.out' is up to date.

**** Build Finished ****

**** Build of configuration Debug for project ex2 ****

"C:\\ti\\ccs1270\\ccs\\utils\\bin\\gmake" -k -j 12 all -O 
 
gmake[1]: 'ex2.out' is up to date.

**** Build Finished ****

**** Build of configuration Debug for project ex2_NVIC ****

"C:\\ti\\ccs1270\\ccs\\utils\\bin\\gmake" -k -j 12 all -O 
 
gmake[1]: 'ex2_NVIC.out' is up to date.

**** Build Finished ****

**** Build of configuration Debug for project ex3 ****

"C:\\ti\\ccs1270\\ccs\\utils\\bin\\gmake" -k -j 12 all -O 
 
gmake[1]: 'ex3.out' is up to date.

**** Build Finished ****

**** Build of configuration Debug for project ex4_NIVC(SYSTICK) ****

"C:\\ti\\ccs1270\\ccs\\utils\\bin\\gmake" -k -j 12 all -O 
 
gmake[1]: 'ex4_NIVC(SYSTICK).out' is up to date.

**** Build Finished ****

**** Build of configuration Debug for project exx1 ****

"C:\\ti\\ccs1270\\ccs\\utils\\bin\\gmake" -k -j 12 all -O 
 
gmake[1]: 'exx1.out' is up to date.

**** Build Finished ****

**** Build of configuration Debug for project exxxx ****

"C:\\ti\\ccs1270\\ccs\\utils\\bin\\gmake" -k -j 12 all -O 
 
Building target: "exxxx.out"
Invoking: Arm Linker
"C:/ti/ccs1270/ccs/tools/compiler/ti-cgt-arm_20.2.7.LTS/bin/armcl" -mv7M4 --code_state=16 --float_support=FPv4SPD16 -me --define=ccs="ccs" --define=PART_TM4C123GH6PM -g --gcc --diag_warning=225 --diag_wrap=off --display_error_number --abi=eabi -z -m"exxxx.map" --heap_size=0 --stack_size=512 -i"C:/ti/ccs1270/ccs/tools/compiler/ti-cgt-arm_20.2.7.LTS/lib" -i"C:/ti/ccs1270/ccs/tools/compiler/ti-cgt-arm_20.2.7.LTS/include" --reread_libs --diag_wrap=off --display_error_number --warn_sections --xml_link_info="exxxx_linkInfo.xml" --rom_model -o "exxxx.out" "./main.obj" "./tm4c123gh6pm_startup_ccs.obj" "../tm4c123gh6pm.cmd"  -llibc.a 
<Linking>
 
 undefined    first referenced
  symbol          in file     
 ---------    ----------------
 SysTick_Init ./main.obj      
 
error #10234-D: unresolved symbols remain
error #10010: errors encountered during linking; "exxxx.out" not built
 
>> Compilation failure
makefile:136: recipe for target 'exxxx.out' failed
gmake[1]: *** [exxxx.out] Error 1
makefile:132: recipe for target 'all' failed
gmake: *** [all] Error 2

**** Build Finished ****

**** Build of configuration Debug for project AUTOSAR_Project ****

"C:\\ti\\ccs1270\\ccs\\utils\\bin\\gmake" -k -j 12 all -O 
 
Building file: "../Port.c"
Invoking: Arm Compiler
"C:/ti/ccs1270/ccs/tools/compiler/ti-cgt-arm_20.2.7.LTS/bin/armcl" -mv7M4 --code_state=16 --float_support=FPv4SPD16 -me --include_path="C:/Users/mod_n/Documents/M.T advance diploma/Projects/AUTOSAR_Project_WS/AUTOSAR_Project" --include_path="C:/ti/ccs1270/ccs/tools/compiler/ti-cgt-arm_20.2.7.LTS/include" --define=ccs="ccs" --define=PART_TM4C123GH6PM -g --gcc --diag_warning=225 --diag_wrap=off --display_error_number --abi=eabi --preproc_with_compile --preproc_dependency="Port.d_raw"  "../Port.c"
Finished building: "../Port.c"
 
Building target: "AUTOSAR_Project.out"
Invoking: Arm Linker
"C:/ti/ccs1270/ccs/tools/compiler/ti-cgt-arm_20.2.7.LTS/bin/armcl" -mv7M4 --code_state=16 --float_support=FPv4SPD16 -me --define=ccs="ccs" --define=PART_TM4C123GH6PM -g --gcc --diag_warning=225 --diag_wrap=off --display_error_number --abi=eabi -z -m"AUTOSAR_Project.map" --heap_size=0 --stack_size=512 -i"C:/ti/ccs1270/ccs/tools/compiler/ti-cgt-arm_20.2.7.LTS/lib" -i"C:/ti/ccs1270/ccs/tools/compiler/ti-cgt-arm_20.2.7.LTS/include" --reread_libs --diag_wrap=off --display_error_number --warn_sections --xml_link_info="AUTOSAR_Project_linkInfo.xml" --rom_model -o "AUTOSAR_Project.out" "./App.obj" "./Button.obj" "./Det.obj" "./Dio.obj" "./Dio_PBcfg.obj" "./Gpt.obj" "./Led.obj" "./Mcu.obj" "./Os.obj" "./Port.obj" "./main.obj" "./tm4c123gh6pm_startup_ccs.obj" "../tm4c123gh6pm.cmd"  -llibc.a 
<Linking>
Finished building target: "AUTOSAR_Project.out"
 

**** Build Finished ****

**** Build of configuration Debug for project Challenge ****

"C:\\ti\\ccs1270\\ccs\\utils\\bin\\gmake" -k -j 12 all -O 
 
gmake[1]: 'Challenge.out' is up to date.

**** Build Finished ****

**** Build of configuration Debug for project Exercise1 ****

"C:\\ti\\ccs1270\\ccs\\utils\\bin\\gmake" -k -j 12 all -O 
 
gmake[1]: 'Exercise1.out' is up to date.

**** Build Finished ****

**** Build of configuration Debug for project Exercise10 ****

"C:\\ti\\ccs1270\\ccs\\utils\\bin\\gmake" -k -j 12 all -O 
 
gmake[1]: 'Exercise10.out' is up to date.

**** Build Finished ****

**** Build of configuration Debug for project Exercise11 ****

"C:\\ti\\ccs1270\\ccs\\utils\\bin\\gmake" -k -j 12 all -O 
 
gmake[1]: 'Exercise11.out' is up to date.

**** Build Finished ****

**** Build of configuration Debug for project Exercise12 ****

"C:\\ti\\ccs1270\\ccs\\utils\\bin\\gmake" -k -j 12 all -O 
 
gmake[1]: 'Exercise12.out' is up to date.

**** Build Finished ****

**** Build of configuration Debug for project Exercise13 ****

"C:\\ti\\ccs1270\\ccs\\utils\\bin\\gmake" -k -j 12 all -O 
 
gmake[1]: 'Exercise13.out' is up to date.

**** Build Finished ****

**** Build of configuration Debug for project Exercise14 ****

"C:\\ti\\ccs1270\\ccs\\utils\\bin\\gmake" -k -j 12 all -O 
 
gmake[1]: 'Exercise14.out' is up to date.

**** Build Finished ****

**** Build of configuration Debug for project Exercise15 ****

"C:\\ti\\ccs1270\\ccs\\utils\\bin\\gmake" -k -j 12 all -O 
 
gmake[1]: 'Exercise15.out' is up to date.

**** Build Finished ****

**** Build of configuration Debug for project Exercise2 ****

"C:\\ti\\ccs1270\\ccs\\utils\\bin\\gmake" -k -j 12 all -O 
 
gmake[1]: 'Exercise2.out' is up to date.

**** Build Finished ****

**** Build of configuration Debug for project Exercise3 ****

"C:\\ti\\ccs1270\\ccs\\utils\\bin\\gmake" -k -j 12 all -O 
 
gmake[1]: 'Exercise3.out' is up to date.

**** Build Finished ****

**** Build of configuration Debug for project Exercise3_Bit_Band_Sol1 ****

"C:\\ti\\ccs1270\\ccs\\utils\\bin\\gmake" -k -j 12 all -O 
 
gmake[1]: 'Exercise3_Bit_Band_Sol1.out' is up to date.

**** Build Finished ****

**** Build of configuration Debug for project Exercise3_Bit_Band_Sol2 ****

"C:\\ti\\ccs1270\\ccs\\utils\\bin\\gmake" -k -j 12 all -O 
 
gmake[1]: 'Exercise3_Bit_Band_Sol2.out' is up to date.

**** Build Finished ****

**** Build of configuration Debug for project Exercise4 ****

"C:\\ti\\ccs1270\\ccs\\utils\\bin\\gmake" -k -j 12 all -O 
 
gmake[1]: 'Exercise4.out' is up to date.

**** Build Finished ****

**** Build of configuration Debug for project Exercise5 ****

"C:\\ti\\ccs1270\\ccs\\utils\\bin\\gmake" -k -j 12 all -O 
 
gmake[1]: 'Exercise5.out' is up to date.

**** Build Finished ****

**** Build of configuration Debug for project Exercise6 ****

"C:\\ti\\ccs1270\\ccs\\utils\\bin\\gmake" -k -j 12 all -O 
 
gmake[1]: 'Exercise6.out' is up to date.

**** Build Finished ****

**** Build of configuration Debug for project Exercise7 ****

"C:\\ti\\ccs1270\\ccs\\utils\\bin\\gmake" -k -j 12 all -O 
 
gmake[1]: 'Exercise7.out' is up to date.

**** Build Finished ****

**** Build of configuration Debug for project Exercise8 ****

"C:\\ti\\ccs1270\\ccs\\utils\\bin\\gmake" -k -j 12 all -O 
 
gmake[1]: 'Exercise8.out' is up to date.

**** Build Finished ****

**** Build of configuration Debug for project Exercise9 ****

"C:\\ti\\ccs1270\\ccs\\utils\\bin\\gmake" -k -j 12 all -O 
 
gmake[1]: 'Exercise9.out' is up to date.

**** Build Finished ****

**** Build of configuration Debug for project PLL_ex2 ****

"C:\\ti\\ccs1270\\ccs\\utils\\bin\\gmake" -k -j 12 all -O 
 
Building file: "../tm4c123gh6pm_startup_ccs.c"
Invoking: Arm Compiler
"C:/ti/ccs1270/ccs/tools/compiler/ti-cgt-arm_20.2.7.LTS/bin/armcl" -mv7M4 --code_state=16 --float_support=FPv4SPD16 -me --include_path="C:/Users/mod_n/Documents/M.T advance diploma/ARM/ARM exrecise/GPIO/PLL_ex2" --include_path="C:/ti/ccs1270/ccs/tools/compiler/ti-cgt-arm_20.2.7.LTS/include" --define=ccs="ccs" --define=PART_TM4C123GH6PM -g --gcc --diag_warning=225 --diag_wrap=off --display_error_number --abi=eabi --preproc_with_compile --preproc_dependency="tm4c123gh6pm_startup_ccs.d_raw"  "../tm4c123gh6pm_startup_ccs.c"
 
>> Compilation failure
subdir_rules.mk:9: recipe for target 'tm4c123gh6pm_startup_ccs.obj' failed
"../tm4c123gh6pm_startup_ccs.c", line 85: error #20: identifier "SysTick_ISR" is undefined
1 error detected in the compilation of "../tm4c123gh6pm_startup_ccs.c".
gmake: *** [tm4c123gh6pm_startup_ccs.obj] Error 1
gmake: Target 'all' not remade because of errors.

**** Build Finished ****

**** Build of configuration Debug for project UART0_ex2 ****

"C:\\ti\\ccs1270\\ccs\\utils\\bin\\gmake" -k -j 12 all -O 
 
gmake[1]: 'UART0_ex2.out' is up to date.

**** Build Finished ****

**** Build of configuration Debug for project UART_ex1 ****

"C:\\ti\\ccs1270\\ccs\\utils\\bin\\gmake" -k -j 12 all -O 
 
gmake[1]: 'UART_ex1.out' is up to date.

**** Build Finished ****

**** Build of configuration Debug for project ex1 ****

"C:\\ti\\ccs1270\\ccs\\utils\\bin\\gmake" -k -j 12 all -O 
 
gmake[1]: 'ex1.out' is up to date.

**** Build Finished ****

**** Build of configuration Debug for project ex2 ****

"C:\\ti\\ccs1270\\ccs\\utils\\bin\\gmake" -k -j 12 all -O 
 
gmake[1]: 'ex2.out' is up to date.

**** Build Finished ****

**** Build of configuration Debug for project ex2_NVIC ****

"C:\\ti\\ccs1270\\ccs\\utils\\bin\\gmake" -k -j 12 all -O 
 
gmake[1]: 'ex2_NVIC.out' is up to date.

**** Build Finished ****

**** Build of configuration Debug for project ex3 ****

"C:\\ti\\ccs1270\\ccs\\utils\\bin\\gmake" -k -j 12 all -O 
 
gmake[1]: 'ex3.out' is up to date.

**** Build Finished ****

**** Build of configuration Debug for project ex4_NIVC(SYSTICK) ****

"C:\\ti\\ccs1270\\ccs\\utils\\bin\\gmake" -k -j 12 all -O 
 
gmake[1]: 'ex4_NIVC(SYSTICK).out' is up to date.

**** Build Finished ****

**** Build of configuration Debug for project exx1 ****

"C:\\ti\\ccs1270\\ccs\\utils\\bin\\gmake" -k -j 12 all -O 
 
gmake[1]: 'exx1.out' is up to date.

**** Build Finished ****

**** Build of configuration Debug for project exxxx ****

"C:\\ti\\ccs1270\\ccs\\utils\\bin\\gmake" -k -j 12 all -O 
 
Building target: "exxxx.out"
Invoking: Arm Linker
"C:/ti/ccs1270/ccs/tools/compiler/ti-cgt-arm_20.2.7.LTS/bin/armcl" -mv7M4 --code_state=16 --float_support=FPv4SPD16 -me --define=ccs="ccs" --define=PART_TM4C123GH6PM -g --gcc --diag_warning=225 --diag_wrap=off --display_error_number --abi=eabi -z -m"exxxx.map" --heap_size=0 --stack_size=512 -i"C:/ti/ccs1270/ccs/tools/compiler/ti-cgt-arm_20.2.7.LTS/lib" -i"C:/ti/ccs1270/ccs/tools/compiler/ti-cgt-arm_20.2.7.LTS/include" --reread_libs --diag_wrap=off --display_error_number --warn_sections --xml_link_info="exxxx_linkInfo.xml" --rom_model -o "exxxx.out" "./main.obj" "./tm4c123gh6pm_startup_ccs.obj" "../tm4c123gh6pm.cmd"  -llibc.a 
<Linking>
 
 undefined    first referenced
  symbol          in file     
 ---------    ----------------
 SysTick_Init ./main.obj      
 
error #10234-D: unresolved symbols remain
error #10010: errors encountered during linking; "exxxx.out" not built
 
>> Compilation failure
makefile:136: recipe for target 'exxxx.out' failed
gmake[1]: *** [exxxx.out] Error 1
makefile:132: recipe for target 'all' failed
gmake: *** [all] Error 2

**** Build Finished ****

**** Clean-only build of configuration Debug for project AUTOSAR_Project ****

"C:\\ti\\ccs1270\\ccs\\utils\\bin\\gmake" -k -j 12 clean -O 
 
DEL /F  "AUTOSAR_Project.out" 
DEL /F "App.obj" "Button.obj" "Det.obj" "Dio.obj" "Dio_PBcfg.obj" "Gpt.obj" "Led.obj" "Mcu.obj" "Os.obj" "Port.obj" "main.obj" "tm4c123gh6pm_startup_ccs.obj" 
DEL /F "App.d" "Button.d" "Det.d" "Dio.d" "Dio_PBcfg.d" "Gpt.d" "Led.d" "Mcu.d" "Os.d" "Port.d" "main.d" "tm4c123gh6pm_startup_ccs.d" 
Finished clean
 

**** Build Finished ****

**** Build of configuration Debug for project AUTOSAR_Project ****

"C:\\ti\\ccs1270\\ccs\\utils\\bin\\gmake" -k -j 12 all -O 
 
Building file: "../Button.c"
Invoking: Arm Compiler
"C:/ti/ccs1270/ccs/tools/compiler/ti-cgt-arm_20.2.7.LTS/bin/armcl" -mv7M4 --code_state=16 --float_support=FPv4SPD16 -me --include_path="C:/Users/mod_n/Documents/M.T advance diploma/Projects/AUTOSAR_Project_WS/AUTOSAR_Project" --include_path="C:/ti/ccs1270/ccs/tools/compiler/ti-cgt-arm_20.2.7.LTS/include" --define=ccs="ccs" --define=PART_TM4C123GH6PM -g --gcc --diag_warning=225 --diag_wrap=off --display_error_number --abi=eabi --preproc_with_compile --preproc_dependency="Button.d_raw"  "../Button.c"
 
>> Compilation failure
subdir_rules.mk:9: recipe for target 'Button.obj' failed
"../Button.c", line 25: error #137: struct "Port_ConfigType" has no field "port_num"
"../Button.c", line 26: error #137: struct "Port_ConfigType" has no field "pin_num"
"../Button.c", line 27: error #137: struct "Port_ConfigType" has no field "direction"
"../Button.c", line 28: error #137: struct "Port_ConfigType" has no field "resistor"
"../Button.c", line 29: error #137: struct "Port_ConfigType" has no field "initial_value"
5 errors detected in the compilation of "../Button.c".
gmake: *** [Button.obj] Error 1
Building file: "../Led.c"
Invoking: Arm Compiler
"C:/ti/ccs1270/ccs/tools/compiler/ti-cgt-arm_20.2.7.LTS/bin/armcl" -mv7M4 --code_state=16 --float_support=FPv4SPD16 -me --include_path="C:/Users/mod_n/Documents/M.T advance diploma/Projects/AUTOSAR_Project_WS/AUTOSAR_Project" --include_path="C:/ti/ccs1270/ccs/tools/compiler/ti-cgt-arm_20.2.7.LTS/include" --define=ccs="ccs" --define=PART_TM4C123GH6PM -g --gcc --diag_warning=225 --diag_wrap=off --display_error_number --abi=eabi --preproc_with_compile --preproc_dependency="Led.d_raw"  "../Led.c"
 
>> Compilation failure
subdir_rules.mk:9: recipe for target 'Led.obj' failed
"../Led.c", line 22: error #137: struct "Port_ConfigType" has no field "port_num"
"../Led.c", line 23: error #137: struct "Port_ConfigType" has no field "pin_num"
"../Led.c", line 24: error #137: struct "Port_ConfigType" has no field "direction"
"../Led.c", line 25: error #137: struct "Port_ConfigType" has no field "resistor"
"../Led.c", line 26: error #137: struct "Port_ConfigType" has no field "initial_value"
5 errors detected in the compilation of "../Led.c".
gmake: *** [Led.obj] Error 1
Building file: "../App.c"
Invoking: Arm Compiler
"C:/ti/ccs1270/ccs/tools/compiler/ti-cgt-arm_20.2.7.LTS/bin/armcl" -mv7M4 --code_state=16 --float_support=FPv4SPD16 -me --include_path="C:/Users/mod_n/Documents/M.T advance diploma/Projects/AUTOSAR_Project_WS/AUTOSAR_Project" --include_path="C:/ti/ccs1270/ccs/tools/compiler/ti-cgt-arm_20.2.7.LTS/include" --define=ccs="ccs" --define=PART_TM4C123GH6PM -g --gcc --diag_warning=225 --diag_wrap=off --display_error_number --abi=eabi --preproc_with_compile --preproc_dependency="App.d_raw"  "../App.c"
"../App.c", line 31: warning #225-D: function "Button_Init" declared implicitly
Finished building: "../App.c"
 
Building file: "../Det.c"
Invoking: Arm Compiler
"C:/ti/ccs1270/ccs/tools/compiler/ti-cgt-arm_20.2.7.LTS/bin/armcl" -mv7M4 --code_state=16 --float_support=FPv4SPD16 -me --include_path="C:/Users/mod_n/Documents/M.T advance diploma/Projects/AUTOSAR_Project_WS/AUTOSAR_Project" --include_path="C:/ti/ccs1270/ccs/tools/compiler/ti-cgt-arm_20.2.7.LTS/include" --define=ccs="ccs" --define=PART_TM4C123GH6PM -g --gcc --diag_warning=225 --diag_wrap=off --display_error_number --abi=eabi --preproc_with_compile --preproc_dependency="Det.d_raw"  "../Det.c"
"../Det.c", line 23: warning #112-D: statement is unreachable
Finished building: "../Det.c"
 
Building file: "../Dio.c"
Invoking: Arm Compiler
"C:/ti/ccs1270/ccs/tools/compiler/ti-cgt-arm_20.2.7.LTS/bin/armcl" -mv7M4 --code_state=16 --float_support=FPv4SPD16 -me --include_path="C:/Users/mod_n/Documents/M.T advance diploma/Projects/AUTOSAR_Project_WS/AUTOSAR_Project" --include_path="C:/ti/ccs1270/ccs/tools/compiler/ti-cgt-arm_20.2.7.LTS/include" --define=ccs="ccs" --define=PART_TM4C123GH6PM -g --gcc --diag_warning=225 --diag_wrap=off --display_error_number --abi=eabi --preproc_with_compile --preproc_dependency="Dio.d_raw"  "../Dio.c"
Finished building: "../Dio.c"
 
Building file: "../Dio_PBcfg.c"
Invoking: Arm Compiler
"C:/ti/ccs1270/ccs/tools/compiler/ti-cgt-arm_20.2.7.LTS/bin/armcl" -mv7M4 --code_state=16 --float_support=FPv4SPD16 -me --include_path="C:/Users/mod_n/Documents/M.T advance diploma/Projects/AUTOSAR_Project_WS/AUTOSAR_Project" --include_path="C:/ti/ccs1270/ccs/tools/compiler/ti-cgt-arm_20.2.7.LTS/include" --define=ccs="ccs" --define=PART_TM4C123GH6PM -g --gcc --diag_warning=225 --diag_wrap=off --display_error_number --abi=eabi --preproc_with_compile --preproc_dependency="Dio_PBcfg.d_raw"  "../Dio_PBcfg.c"
Finished building: "../Dio_PBcfg.c"
 
Building file: "../Gpt.c"
Invoking: Arm Compiler
"C:/ti/ccs1270/ccs/tools/compiler/ti-cgt-arm_20.2.7.LTS/bin/armcl" -mv7M4 --code_state=16 --float_support=FPv4SPD16 -me --include_path="C:/Users/mod_n/Documents/M.T advance diploma/Projects/AUTOSAR_Project_WS/AUTOSAR_Project" --include_path="C:/ti/ccs1270/ccs/tools/compiler/ti-cgt-arm_20.2.7.LTS/include" --define=ccs="ccs" --define=PART_TM4C123GH6PM -g --gcc --diag_warning=225 --diag_wrap=off --display_error_number --abi=eabi --preproc_with_compile --preproc_dependency="Gpt.d_raw"  "../Gpt.c"
Finished building: "../Gpt.c"
 
Building file: "../Mcu.c"
Invoking: Arm Compiler
"C:/ti/ccs1270/ccs/tools/compiler/ti-cgt-arm_20.2.7.LTS/bin/armcl" -mv7M4 --code_state=16 --float_support=FPv4SPD16 -me --include_path="C:/Users/mod_n/Documents/M.T advance diploma/Projects/AUTOSAR_Project_WS/AUTOSAR_Project" --include_path="C:/ti/ccs1270/ccs/tools/compiler/ti-cgt-arm_20.2.7.LTS/include" --define=ccs="ccs" --define=PART_TM4C123GH6PM -g --gcc --diag_warning=225 --diag_wrap=off --display_error_number --abi=eabi --preproc_with_compile --preproc_dependency="Mcu.d_raw"  "../Mcu.c"
Finished building: "../Mcu.c"
 
Building file: "../Port.c"
Invoking: Arm Compiler
"C:/ti/ccs1270/ccs/tools/compiler/ti-cgt-arm_20.2.7.LTS/bin/armcl" -mv7M4 --code_state=16 --float_support=FPv4SPD16 -me --include_path="C:/Users/mod_n/Documents/M.T advance diploma/Projects/AUTOSAR_Project_WS/AUTOSAR_Project" --include_path="C:/ti/ccs1270/ccs/tools/compiler/ti-cgt-arm_20.2.7.LTS/include" --define=ccs="ccs" --define=PART_TM4C123GH6PM -g --gcc --diag_warning=225 --diag_wrap=off --display_error_number --abi=eabi --preproc_with_compile --preproc_dependency="Port.d_raw"  "../Port.c"
 
>> Compilation failure
subdir_rules.mk:9: recipe for target 'Port.obj' failed
"../Port.c", line 67: error #29: expected an expression
"../Port.c", line 69: error #137: struct "<unnamed>" has no field "Port_Num"
"../Port.c", line 86: error #137: struct "<unnamed>" has no field "Port_Num"
"../Port.c", line 86: error #137: struct "Port_ConfigType" has no field "pin_num"
"../Port.c", line 86: error #137: struct "Port_ConfigType" has no field "Port_Point"
"../Port.c", line 86: error #137: struct "Port_ConfigType" has no field "pin_num"
"../Port.c", line 89: error #137: struct "Port_ConfigType" has no field "pin_num"
"../Port.c", line 91: error #137: struct "Port_ConfigType" has no field "port_num"
"../Port.c", line 91: error #137: struct "Port_ConfigType" has no field "pin_num"
"../Port.c", line 101: error #137: struct "Port_ConfigType" has no field "direction"
"../Port.c", line 103: error #137: struct "Port_ConfigType" has no field "pin_num"
"../Port.c", line 105: error #137: struct "Port_ConfigType" has no field "initial_value"
"../Port.c", line 107: error #137: struct "Port_ConfigType" has no field "pin_num"
"../Port.c", line 111: error #137: struct "Port_ConfigType" has no field "pin_num"
"../Port.c", line 115: error #137: struct "Port_ConfigType" has no field "direction"
"../Port.c", line 117: error #137: struct "Port_ConfigType" has no field "pin_num"
"../Port.c", line 165: error #137: struct "Port_ConfigType" has no field "port_num"
"../Port.c", line 181: error #137: struct "Port_ConfigType" has no field "port_num"
"../Port.c", line 181: error #137: struct "Port_ConfigType" has no field "pin_num"
"../Port.c", line 181: error #137: struct "Port_ConfigType" has no field "port_num"
"../Port.c", line 181: error #137: struct "Port_ConfigType" has no field "pin_num"
"../Port.c", line 184: error #137: struct "Port_ConfigType" has no field "pin_num"
"../Port.c", line 186: error #137: struct "Port_ConfigType" has no field "port_num"
"../Port.c", line 186: error #137: struct "Port_ConfigType" has no field "pin_num"
"../Port.c", line 195: error #137: struct "Port_ConfigType" has no field "direction"
"../Port.c", line 197: error #137: struct "Port_ConfigType" has no field "pin_num"
"../Port.c", line 199: error #137: struct "Port_ConfigType" has no field "initial_value"
"../Port.c", line 201: error #137: struct "Port_ConfigType" has no field "pin_num"
"../Port.c", line 205: error #137: struct "Port_ConfigType" has no field "pin_num"
"../Port.c", line 208: error #137: struct "Port_ConfigType" has no field "direction"
"../Port.c", line 210: error #137: struct "Port_ConfigType" has no field "pin_num"
"../Port.c", line 212: error #137: struct "Port_ConfigType" has no field "resistor"
"../Port.c", line 214: error #137: struct "Port_ConfigType" has no field "pin_num"
"../Port.c", line 216: error #137: struct "Port_ConfigType" has no field "resistor"
"../Port.c", line 218: error #137: struct "Port_ConfigType" has no field "pin_num"
"../Port.c", line 222: error #137: struct "Port_ConfigType" has no field "pin_num"
"../Port.c", line 223: error #137: struct "Port_ConfigType" has no field "pin_num"
"../Port.c", line 232: error #137: struct "Port_ConfigType" has no field "pin_num"
"../Port.c", line 233: error #137: struct "Port_ConfigType" has no field "pin_num"
"../Port.c", line 234: error #137: struct "Port_ConfigType" has no field "pin_num"
"../Port.c", line 235: error #137: struct "Port_ConfigType" has no field "pin_num"
"../Port.c", line 28: warning #552-D: variable "Port_Status" was set but never used
41 errors detected in the compilation of "../Port.c".
gmake: *** [Port.obj] Error 1
Building file: "../Os.c"
Invoking: Arm Compiler
"C:/ti/ccs1270/ccs/tools/compiler/ti-cgt-arm_20.2.7.LTS/bin/armcl" -mv7M4 --code_state=16 --float_support=FPv4SPD16 -me --include_path="C:/Users/mod_n/Documents/M.T advance diploma/Projects/AUTOSAR_Project_WS/AUTOSAR_Project" --include_path="C:/ti/ccs1270/ccs/tools/compiler/ti-cgt-arm_20.2.7.LTS/include" --define=ccs="ccs" --define=PART_TM4C123GH6PM -g --gcc --diag_warning=225 --diag_wrap=off --display_error_number --abi=eabi --preproc_with_compile --preproc_dependency="Os.d_raw"  "../Os.c"
Finished building: "../Os.c"
 
Building file: "../Port_PBCfg.c"
Invoking: Arm Compiler
"C:/ti/ccs1270/ccs/tools/compiler/ti-cgt-arm_20.2.7.LTS/bin/armcl" -mv7M4 --code_state=16 --float_support=FPv4SPD16 -me --include_path="C:/Users/mod_n/Documents/M.T advance diploma/Projects/AUTOSAR_Project_WS/AUTOSAR_Project" --include_path="C:/ti/ccs1270/ccs/tools/compiler/ti-cgt-arm_20.2.7.LTS/include" --define=ccs="ccs" --define=PART_TM4C123GH6PM -g --gcc --diag_warning=225 --diag_wrap=off --display_error_number --abi=eabi --preproc_with_compile --preproc_dependency="Port_PBCfg.d_raw"  "../Port_PBCfg.c"
 
>> Compilation failure
subdir_rules.mk:9: recipe for target 'Port_PBCfg.obj' failed
"../Port_PBCfg.c", line 39: error #102: "Port_ConfigPorts" has already been declared in the current scope
1 error detected in the compilation of "../Port_PBCfg.c".
gmake: *** [Port_PBCfg.obj] Error 1
Building file: "../main.c"
Invoking: Arm Compiler
"C:/ti/ccs1270/ccs/tools/compiler/ti-cgt-arm_20.2.7.LTS/bin/armcl" -mv7M4 --code_state=16 --float_support=FPv4SPD16 -me --include_path="C:/Users/mod_n/Documents/M.T advance diploma/Projects/AUTOSAR_Project_WS/AUTOSAR_Project" --include_path="C:/ti/ccs1270/ccs/tools/compiler/ti-cgt-arm_20.2.7.LTS/include" --define=ccs="ccs" --define=PART_TM4C123GH6PM -g --gcc --diag_warning=225 --diag_wrap=off --display_error_number --abi=eabi --preproc_with_compile --preproc_dependency="main.d_raw"  "../main.c"
Finished building: "../main.c"
 
Building file: "../tm4c123gh6pm_startup_ccs.c"
Invoking: Arm Compiler
"C:/ti/ccs1270/ccs/tools/compiler/ti-cgt-arm_20.2.7.LTS/bin/armcl" -mv7M4 --code_state=16 --float_support=FPv4SPD16 -me --include_path="C:/Users/mod_n/Documents/M.T advance diploma/Projects/AUTOSAR_Project_WS/AUTOSAR_Project" --include_path="C:/ti/ccs1270/ccs/tools/compiler/ti-cgt-arm_20.2.7.LTS/include" --define=ccs="ccs" --define=PART_TM4C123GH6PM -g --gcc --diag_warning=225 --diag_wrap=off --display_error_number --abi=eabi --preproc_with_compile --preproc_dependency="tm4c123gh6pm_startup_ccs.d_raw"  "../tm4c123gh6pm_startup_ccs.c"
Finished building: "../tm4c123gh6pm_startup_ccs.c"
 
gmake: Target 'all' not remade because of errors.

**** Build Finished ****

**** Build of configuration Debug for project AUTOSAR_Project ****

"C:\\ti\\ccs1270\\ccs\\utils\\bin\\gmake" -k -j 12 all -O 
 
Building file: "../Button.c"
Invoking: Arm Compiler
"C:/ti/ccs1270/ccs/tools/compiler/ti-cgt-arm_20.2.7.LTS/bin/armcl" -mv7M4 --code_state=16 --float_support=FPv4SPD16 -me --include_path="C:/Users/mod_n/Documents/M.T advance diploma/Projects/AUTOSAR_Project_WS/AUTOSAR_Project" --include_path="C:/ti/ccs1270/ccs/tools/compiler/ti-cgt-arm_20.2.7.LTS/include" --define=ccs="ccs" --define=PART_TM4C123GH6PM -g --gcc --diag_warning=225 --diag_wrap=off --display_error_number --abi=eabi --preproc_with_compile --preproc_dependency="Button.d_raw"  "../Button.c"
 
>> Compilation failure
subdir_rules.mk:9: recipe for target 'Button.obj' failed
"../Button.c", line 25: error #137: struct "Port_ConfigType" has no field "port_num"
"../Button.c", line 26: error #137: struct "Port_ConfigType" has no field "pin_num"
"../Button.c", line 27: error #137: struct "Port_ConfigType" has no field "direction"
"../Button.c", line 28: error #137: struct "Port_ConfigType" has no field "resistor"
"../Button.c", line 29: error #137: struct "Port_ConfigType" has no field "initial_value"
5 errors detected in the compilation of "../Button.c".
gmake: *** [Button.obj] Error 1
Building file: "../Led.c"
Invoking: Arm Compiler
"C:/ti/ccs1270/ccs/tools/compiler/ti-cgt-arm_20.2.7.LTS/bin/armcl" -mv7M4 --code_state=16 --float_support=FPv4SPD16 -me --include_path="C:/Users/mod_n/Documents/M.T advance diploma/Projects/AUTOSAR_Project_WS/AUTOSAR_Project" --include_path="C:/ti/ccs1270/ccs/tools/compiler/ti-cgt-arm_20.2.7.LTS/include" --define=ccs="ccs" --define=PART_TM4C123GH6PM -g --gcc --diag_warning=225 --diag_wrap=off --display_error_number --abi=eabi --preproc_with_compile --preproc_dependency="Led.d_raw"  "../Led.c"
 
>> Compilation failure
subdir_rules.mk:9: recipe for target 'Led.obj' failed
"../Led.c", line 22: error #137: struct "Port_ConfigType" has no field "port_num"
"../Led.c", line 23: error #137: struct "Port_ConfigType" has no field "pin_num"
"../Led.c", line 24: error #137: struct "Port_ConfigType" has no field "direction"
"../Led.c", line 25: error #137: struct "Port_ConfigType" has no field "resistor"
"../Led.c", line 26: error #137: struct "Port_ConfigType" has no field "initial_value"
5 errors detected in the compilation of "../Led.c".
gmake: *** [Led.obj] Error 1
Building file: "../Port.c"
Invoking: Arm Compiler
"C:/ti/ccs1270/ccs/tools/compiler/ti-cgt-arm_20.2.7.LTS/bin/armcl" -mv7M4 --code_state=16 --float_support=FPv4SPD16 -me --include_path="C:/Users/mod_n/Documents/M.T advance diploma/Projects/AUTOSAR_Project_WS/AUTOSAR_Project" --include_path="C:/ti/ccs1270/ccs/tools/compiler/ti-cgt-arm_20.2.7.LTS/include" --define=ccs="ccs" --define=PART_TM4C123GH6PM -g --gcc --diag_warning=225 --diag_wrap=off --display_error_number --abi=eabi --preproc_with_compile --preproc_dependency="Port.d_raw"  "../Port.c"
 
>> Compilation failure
subdir_rules.mk:9: recipe for target 'Port.obj' failed
"../Port.c", line 67: error #29: expected an expression
"../Port.c", line 69: error #137: struct "<unnamed>" has no field "Port_Num"
"../Port.c", line 86: error #137: struct "<unnamed>" has no field "Port_Num"
"../Port.c", line 86: error #137: struct "Port_ConfigType" has no field "pin_num"
"../Port.c", line 86: error #137: struct "Port_ConfigType" has no field "Port_Point"
"../Port.c", line 86: error #137: struct "Port_ConfigType" has no field "pin_num"
"../Port.c", line 89: error #137: struct "Port_ConfigType" has no field "pin_num"
"../Port.c", line 91: error #137: struct "Port_ConfigType" has no field "port_num"
"../Port.c", line 91: error #137: struct "Port_ConfigType" has no field "pin_num"
"../Port.c", line 101: error #137: struct "Port_ConfigType" has no field "direction"
"../Port.c", line 103: error #137: struct "Port_ConfigType" has no field "pin_num"
"../Port.c", line 105: error #137: struct "Port_ConfigType" has no field "initial_value"
"../Port.c", line 107: error #137: struct "Port_ConfigType" has no field "pin_num"
"../Port.c", line 111: error #137: struct "Port_ConfigType" has no field "pin_num"
"../Port.c", line 115: error #137: struct "Port_ConfigType" has no field "direction"
"../Port.c", line 117: error #137: struct "Port_ConfigType" has no field "pin_num"
"../Port.c", line 165: error #137: struct "Port_ConfigType" has no field "port_num"
"../Port.c", line 181: error #137: struct "Port_ConfigType" has no field "port_num"
"../Port.c", line 181: error #137: struct "Port_ConfigType" has no field "pin_num"
"../Port.c", line 181: error #137: struct "Port_ConfigType" has no field "port_num"
"../Port.c", line 181: error #137: struct "Port_ConfigType" has no field "pin_num"
"../Port.c", line 184: error #137: struct "Port_ConfigType" has no field "pin_num"
"../Port.c", line 186: error #137: struct "Port_ConfigType" has no field "port_num"
"../Port.c", line 186: error #137: struct "Port_ConfigType" has no field "pin_num"
"../Port.c", line 195: error #137: struct "Port_ConfigType" has no field "direction"
"../Port.c", line 197: error #137: struct "Port_ConfigType" has no field "pin_num"
"../Port.c", line 199: error #137: struct "Port_ConfigType" has no field "initial_value"
"../Port.c", line 201: error #137: struct "Port_ConfigType" has no field "pin_num"
"../Port.c", line 205: error #137: struct "Port_ConfigType" has no field "pin_num"
"../Port.c", line 208: error #137: struct "Port_ConfigType" has no field "direction"
"../Port.c", line 210: error #137: struct "Port_ConfigType" has no field "pin_num"
"../Port.c", line 212: error #137: struct "Port_ConfigType" has no field "resistor"
"../Port.c", line 214: error #137: struct "Port_ConfigType" has no field "pin_num"
"../Port.c", line 216: error #137: struct "Port_ConfigType" has no field "resistor"
"../Port.c", line 218: error #137: struct "Port_ConfigType" has no field "pin_num"
"../Port.c", line 222: error #137: struct "Port_ConfigType" has no field "pin_num"
"../Port.c", line 223: error #137: struct "Port_ConfigType" has no field "pin_num"
"../Port.c", line 232: error #137: struct "Port_ConfigType" has no field "pin_num"
"../Port.c", line 233: error #137: struct "Port_ConfigType" has no field "pin_num"
"../Port.c", line 234: error #137: struct "Port_ConfigType" has no field "pin_num"
"../Port.c", line 235: error #137: struct "Port_ConfigType" has no field "pin_num"
"../Port.c", line 28: warning #552-D: variable "Port_Status" was set but never used
41 errors detected in the compilation of "../Port.c".
gmake: *** [Port.obj] Error 1
Building file: "../Port_PBCfg.c"
Invoking: Arm Compiler
"C:/ti/ccs1270/ccs/tools/compiler/ti-cgt-arm_20.2.7.LTS/bin/armcl" -mv7M4 --code_state=16 --float_support=FPv4SPD16 -me --include_path="C:/Users/mod_n/Documents/M.T advance diploma/Projects/AUTOSAR_Project_WS/AUTOSAR_Project" --include_path="C:/ti/ccs1270/ccs/tools/compiler/ti-cgt-arm_20.2.7.LTS/include" --define=ccs="ccs" --define=PART_TM4C123GH6PM -g --gcc --diag_warning=225 --diag_wrap=off --display_error_number --abi=eabi --preproc_with_compile --preproc_dependency="Port_PBCfg.d_raw"  "../Port_PBCfg.c"
 
>> Compilation failure
subdir_rules.mk:9: recipe for target 'Port_PBCfg.obj' failed
"../Port_PBCfg.c", line 39: error #102: "Port_ConfigPorts" has already been declared in the current scope
1 error detected in the compilation of "../Port_PBCfg.c".
gmake: *** [Port_PBCfg.obj] Error 1
gmake: Target 'all' not remade because of errors.

**** Build Finished ****

**** Build of configuration Debug for project AUTOSAR_Project ****

"C:\\ti\\ccs1270\\ccs\\utils\\bin\\gmake" -k -j 12 all -O 
 
Building file: "../Button.c"
Invoking: Arm Compiler
"C:/ti/ccs1270/ccs/tools/compiler/ti-cgt-arm_20.2.7.LTS/bin/armcl" -mv7M4 --code_state=16 --float_support=FPv4SPD16 -me --include_path="C:/Users/mod_n/Documents/M.T advance diploma/Projects/AUTOSAR_Project_WS/AUTOSAR_Project" --include_path="C:/ti/ccs1270/ccs/tools/compiler/ti-cgt-arm_20.2.7.LTS/include" --define=ccs="ccs" --define=PART_TM4C123GH6PM -g --gcc --diag_warning=225 --diag_wrap=off --display_error_number --abi=eabi --preproc_with_compile --preproc_dependency="Button.d_raw"  "../Button.c"
 
>> Compilation failure
subdir_rules.mk:9: recipe for target 'Button.obj' failed
"../Button.c", line 25: error #137: struct "Port_ConfigType" has no field "port_num"
"../Button.c", line 26: error #137: struct "Port_ConfigType" has no field "pin_num"
"../Button.c", line 27: error #137: struct "Port_ConfigType" has no field "direction"
"../Button.c", line 28: error #137: struct "Port_ConfigType" has no field "resistor"
"../Button.c", line 29: error #137: struct "Port_ConfigType" has no field "initial_value"
5 errors detected in the compilation of "../Button.c".
gmake: *** [Button.obj] Error 1
Building file: "../Led.c"
Invoking: Arm Compiler
"C:/ti/ccs1270/ccs/tools/compiler/ti-cgt-arm_20.2.7.LTS/bin/armcl" -mv7M4 --code_state=16 --float_support=FPv4SPD16 -me --include_path="C:/Users/mod_n/Documents/M.T advance diploma/Projects/AUTOSAR_Project_WS/AUTOSAR_Project" --include_path="C:/ti/ccs1270/ccs/tools/compiler/ti-cgt-arm_20.2.7.LTS/include" --define=ccs="ccs" --define=PART_TM4C123GH6PM -g --gcc --diag_warning=225 --diag_wrap=off --display_error_number --abi=eabi --preproc_with_compile --preproc_dependency="Led.d_raw"  "../Led.c"
 
>> Compilation failure
subdir_rules.mk:9: recipe for target 'Led.obj' failed
"../Led.c", line 22: error #137: struct "Port_ConfigType" has no field "port_num"
"../Led.c", line 23: error #137: struct "Port_ConfigType" has no field "pin_num"
"../Led.c", line 24: error #137: struct "Port_ConfigType" has no field "direction"
"../Led.c", line 25: error #137: struct "Port_ConfigType" has no field "resistor"
"../Led.c", line 26: error #137: struct "Port_ConfigType" has no field "initial_value"
5 errors detected in the compilation of "../Led.c".
gmake: *** [Led.obj] Error 1
Building file: "../Port.c"
Invoking: Arm Compiler
"C:/ti/ccs1270/ccs/tools/compiler/ti-cgt-arm_20.2.7.LTS/bin/armcl" -mv7M4 --code_state=16 --float_support=FPv4SPD16 -me --include_path="C:/Users/mod_n/Documents/M.T advance diploma/Projects/AUTOSAR_Project_WS/AUTOSAR_Project" --include_path="C:/ti/ccs1270/ccs/tools/compiler/ti-cgt-arm_20.2.7.LTS/include" --define=ccs="ccs" --define=PART_TM4C123GH6PM -g --gcc --diag_warning=225 --diag_wrap=off --display_error_number --abi=eabi --preproc_with_compile --preproc_dependency="Port.d_raw"  "../Port.c"
 
>> Compilation failure
subdir_rules.mk:9: recipe for target 'Port.obj' failed
"../Port.c", line 68: error #29: expected an expression
"../Port.c", line 70: error #137: struct "<unnamed>" has no field "Port_Num"
"../Port.c", line 87: error #137: struct "<unnamed>" has no field "Port_Num"
"../Port.c", line 87: error #137: struct "Port_ConfigType" has no field "pin_num"
"../Port.c", line 87: error #137: struct "Port_ConfigType" has no field "Port_Point"
"../Port.c", line 87: error #137: struct "Port_ConfigType" has no field "pin_num"
"../Port.c", line 90: error #137: struct "Port_ConfigType" has no field "pin_num"
"../Port.c", line 92: error #137: struct "Port_ConfigType" has no field "port_num"
"../Port.c", line 92: error #137: struct "Port_ConfigType" has no field "pin_num"
"../Port.c", line 102: error #137: struct "Port_ConfigType" has no field "direction"
"../Port.c", line 104: error #137: struct "Port_ConfigType" has no field "pin_num"
"../Port.c", line 106: error #137: struct "Port_ConfigType" has no field "initial_value"
"../Port.c", line 108: error #137: struct "Port_ConfigType" has no field "pin_num"
"../Port.c", line 112: error #137: struct "Port_ConfigType" has no field "pin_num"
"../Port.c", line 116: error #137: struct "Port_ConfigType" has no field "direction"
"../Port.c", line 118: error #137: struct "Port_ConfigType" has no field "pin_num"
"../Port.c", line 166: error #137: struct "Port_ConfigType" has no field "port_num"
"../Port.c", line 182: error #137: struct "Port_ConfigType" has no field "port_num"
"../Port.c", line 182: error #137: struct "Port_ConfigType" has no field "pin_num"
"../Port.c", line 182: error #137: struct "Port_ConfigType" has no field "port_num"
"../Port.c", line 182: error #137: struct "Port_ConfigType" has no field "pin_num"
"../Port.c", line 185: error #137: struct "Port_ConfigType" has no field "pin_num"
"../Port.c", line 187: error #137: struct "Port_ConfigType" has no field "port_num"
"../Port.c", line 187: error #137: struct "Port_ConfigType" has no field "pin_num"
"../Port.c", line 196: error #137: struct "Port_ConfigType" has no field "direction"
"../Port.c", line 198: error #137: struct "Port_ConfigType" has no field "pin_num"
"../Port.c", line 200: error #137: struct "Port_ConfigType" has no field "initial_value"
"../Port.c", line 202: error #137: struct "Port_ConfigType" has no field "pin_num"
"../Port.c", line 206: error #137: struct "Port_ConfigType" has no field "pin_num"
"../Port.c", line 209: error #137: struct "Port_ConfigType" has no field "direction"
"../Port.c", line 211: error #137: struct "Port_ConfigType" has no field "pin_num"
"../Port.c", line 213: error #137: struct "Port_ConfigType" has no field "resistor"
"../Port.c", line 215: error #137: struct "Port_ConfigType" has no field "pin_num"
"../Port.c", line 217: error #137: struct "Port_ConfigType" has no field "resistor"
"../Port.c", line 219: error #137: struct "Port_ConfigType" has no field "pin_num"
"../Port.c", line 223: error #137: struct "Port_ConfigType" has no field "pin_num"
"../Port.c", line 224: error #137: struct "Port_ConfigType" has no field "pin_num"
"../Port.c", line 233: error #137: struct "Port_ConfigType" has no field "pin_num"
"../Port.c", line 234: error #137: struct "Port_ConfigType" has no field "pin_num"
"../Port.c", line 235: error #137: struct "Port_ConfigType" has no field "pin_num"
"../Port.c", line 236: error #137: struct "Port_ConfigType" has no field "pin_num"
"../Port.c", line 30: warning #552-D: variable "Port_Status" was set but never used
41 errors detected in the compilation of "../Port.c".
gmake: *** [Port.obj] Error 1
Building file: "../Port_PBCfg.c"
Invoking: Arm Compiler
"C:/ti/ccs1270/ccs/tools/compiler/ti-cgt-arm_20.2.7.LTS/bin/armcl" -mv7M4 --code_state=16 --float_support=FPv4SPD16 -me --include_path="C:/Users/mod_n/Documents/M.T advance diploma/Projects/AUTOSAR_Project_WS/AUTOSAR_Project" --include_path="C:/ti/ccs1270/ccs/tools/compiler/ti-cgt-arm_20.2.7.LTS/include" --define=ccs="ccs" --define=PART_TM4C123GH6PM -g --gcc --diag_warning=225 --diag_wrap=off --display_error_number --abi=eabi --preproc_with_compile --preproc_dependency="Port_PBCfg.d_raw"  "../Port_PBCfg.c"
 
>> Compilation failure
subdir_rules.mk:9: recipe for target 'Port_PBCfg.obj' failed
"../Port_PBCfg.c", line 39: error #102: "Port_ConfigPorts" has already been declared in the current scope
1 error detected in the compilation of "../Port_PBCfg.c".
gmake: *** [Port_PBCfg.obj] Error 1
gmake: Target 'all' not remade because of errors.

**** Build Finished ****

**** Build of configuration Debug for project AUTOSAR_Project ****

"C:\\ti\\ccs1270\\ccs\\utils\\bin\\gmake" -k -j 12 all -O 
 
Building file: "../Button.c"
Invoking: Arm Compiler
"C:/ti/ccs1270/ccs/tools/compiler/ti-cgt-arm_20.2.7.LTS/bin/armcl" -mv7M4 --code_state=16 --float_support=FPv4SPD16 -me --include_path="C:/Users/mod_n/Documents/M.T advance diploma/Projects/AUTOSAR_Project_WS/AUTOSAR_Project" --include_path="C:/ti/ccs1270/ccs/tools/compiler/ti-cgt-arm_20.2.7.LTS/include" --define=ccs="ccs" --define=PART_TM4C123GH6PM -g --gcc --diag_warning=225 --diag_wrap=off --display_error_number --abi=eabi --preproc_with_compile --preproc_dependency="Button.d_raw"  "../Button.c"
 
>> Compilation failure
subdir_rules.mk:9: recipe for target 'Button.obj' failed
"../Button.c", line 25: error #137: struct "Port_ConfigType" has no field "port_num"
"../Button.c", line 26: error #137: struct "Port_ConfigType" has no field "pin_num"
"../Button.c", line 27: error #137: struct "Port_ConfigType" has no field "direction"
"../Button.c", line 28: error #137: struct "Port_ConfigType" has no field "resistor"
"../Button.c", line 29: error #137: struct "Port_ConfigType" has no field "initial_value"
5 errors detected in the compilation of "../Button.c".
gmake: *** [Button.obj] Error 1
Building file: "../Led.c"
Invoking: Arm Compiler
"C:/ti/ccs1270/ccs/tools/compiler/ti-cgt-arm_20.2.7.LTS/bin/armcl" -mv7M4 --code_state=16 --float_support=FPv4SPD16 -me --include_path="C:/Users/mod_n/Documents/M.T advance diploma/Projects/AUTOSAR_Project_WS/AUTOSAR_Project" --include_path="C:/ti/ccs1270/ccs/tools/compiler/ti-cgt-arm_20.2.7.LTS/include" --define=ccs="ccs" --define=PART_TM4C123GH6PM -g --gcc --diag_warning=225 --diag_wrap=off --display_error_number --abi=eabi --preproc_with_compile --preproc_dependency="Led.d_raw"  "../Led.c"
 
>> Compilation failure
subdir_rules.mk:9: recipe for target 'Led.obj' failed
"../Led.c", line 22: error #137: struct "Port_ConfigType" has no field "port_num"
"../Led.c", line 23: error #137: struct "Port_ConfigType" has no field "pin_num"
"../Led.c", line 24: error #137: struct "Port_ConfigType" has no field "direction"
"../Led.c", line 25: error #137: struct "Port_ConfigType" has no field "resistor"
"../Led.c", line 26: error #137: struct "Port_ConfigType" has no field "initial_value"
5 errors detected in the compilation of "../Led.c".
gmake: *** [Led.obj] Error 1
Building file: "../Port.c"
Invoking: Arm Compiler
"C:/ti/ccs1270/ccs/tools/compiler/ti-cgt-arm_20.2.7.LTS/bin/armcl" -mv7M4 --code_state=16 --float_support=FPv4SPD16 -me --include_path="C:/Users/mod_n/Documents/M.T advance diploma/Projects/AUTOSAR_Project_WS/AUTOSAR_Project" --include_path="C:/ti/ccs1270/ccs/tools/compiler/ti-cgt-arm_20.2.7.LTS/include" --define=ccs="ccs" --define=PART_TM4C123GH6PM -g --gcc --diag_warning=225 --diag_wrap=off --display_error_number --abi=eabi --preproc_with_compile --preproc_dependency="Port.d_raw"  "../Port.c"
 
>> Compilation failure
subdir_rules.mk:9: recipe for target 'Port.obj' failed
"../Port.c", line 70: error #137: struct "<unnamed>" has no field "Port_Num"
"../Port.c", line 87: error #137: struct "<unnamed>" has no field "Port_Num"
"../Port.c", line 87: error #137: struct "Port_ConfigType" has no field "pin_num"
"../Port.c", line 87: error #137: struct "Port_ConfigType" has no field "Port_Point"
"../Port.c", line 87: error #137: struct "Port_ConfigType" has no field "pin_num"
"../Port.c", line 90: error #137: struct "Port_ConfigType" has no field "pin_num"
"../Port.c", line 92: error #137: struct "Port_ConfigType" has no field "port_num"
"../Port.c", line 92: error #137: struct "Port_ConfigType" has no field "pin_num"
"../Port.c", line 102: error #137: struct "Port_ConfigType" has no field "direction"
"../Port.c", line 104: error #137: struct "Port_ConfigType" has no field "pin_num"
"../Port.c", line 106: error #137: struct "Port_ConfigType" has no field "initial_value"
"../Port.c", line 108: error #137: struct "Port_ConfigType" has no field "pin_num"
"../Port.c", line 112: error #137: struct "Port_ConfigType" has no field "pin_num"
"../Port.c", line 116: error #137: struct "Port_ConfigType" has no field "direction"
"../Port.c", line 118: error #137: struct "Port_ConfigType" has no field "pin_num"
"../Port.c", line 166: error #137: struct "Port_ConfigType" has no field "port_num"
"../Port.c", line 182: error #137: struct "Port_ConfigType" has no field "port_num"
"../Port.c", line 182: error #137: struct "Port_ConfigType" has no field "pin_num"
"../Port.c", line 182: error #137: struct "Port_ConfigType" has no field "port_num"
"../Port.c", line 182: error #137: struct "Port_ConfigType" has no field "pin_num"
"../Port.c", line 185: error #137: struct "Port_ConfigType" has no field "pin_num"
"../Port.c", line 187: error #137: struct "Port_ConfigType" has no field "port_num"
"../Port.c", line 187: error #137: struct "Port_ConfigType" has no field "pin_num"
"../Port.c", line 196: error #137: struct "Port_ConfigType" has no field "direction"
"../Port.c", line 198: error #137: struct "Port_ConfigType" has no field "pin_num"
"../Port.c", line 200: error #137: struct "Port_ConfigType" has no field "initial_value"
"../Port.c", line 202: error #137: struct "Port_ConfigType" has no field "pin_num"
"../Port.c", line 206: error #137: struct "Port_ConfigType" has no field "pin_num"
"../Port.c", line 209: error #137: struct "Port_ConfigType" has no field "direction"
"../Port.c", line 211: error #137: struct "Port_ConfigType" has no field "pin_num"
"../Port.c", line 213: error #137: struct "Port_ConfigType" has no field "resistor"
"../Port.c", line 215: error #137: struct "Port_ConfigType" has no field "pin_num"
"../Port.c", line 217: error #137: struct "Port_ConfigType" has no field "resistor"
"../Port.c", line 219: error #137: struct "Port_ConfigType" has no field "pin_num"
"../Port.c", line 223: error #137: struct "Port_ConfigType" has no field "pin_num"
"../Port.c", line 224: error #137: struct "Port_ConfigType" has no field "pin_num"
"../Port.c", line 233: error #137: struct "Port_ConfigType" has no field "pin_num"
"../Port.c", line 234: error #137: struct "Port_ConfigType" has no field "pin_num"
"../Port.c", line 235: error #137: struct "Port_ConfigType" has no field "pin_num"
"../Port.c", line 236: error #137: struct "Port_ConfigType" has no field "pin_num"
"../Port.c", line 30: warning #552-D: variable "Port_Status" was set but never used
40 errors detected in the compilation of "../Port.c".
gmake: *** [Port.obj] Error 1
Building file: "../Port_PBCfg.c"
Invoking: Arm Compiler
"C:/ti/ccs1270/ccs/tools/compiler/ti-cgt-arm_20.2.7.LTS/bin/armcl" -mv7M4 --code_state=16 --float_support=FPv4SPD16 -me --include_path="C:/Users/mod_n/Documents/M.T advance diploma/Projects/AUTOSAR_Project_WS/AUTOSAR_Project" --include_path="C:/ti/ccs1270/ccs/tools/compiler/ti-cgt-arm_20.2.7.LTS/include" --define=ccs="ccs" --define=PART_TM4C123GH6PM -g --gcc --diag_warning=225 --diag_wrap=off --display_error_number --abi=eabi --preproc_with_compile --preproc_dependency="Port_PBCfg.d_raw"  "../Port_PBCfg.c"
Finished building: "../Port_PBCfg.c"
 
gmake: Target 'all' not remade because of errors.

**** Build Finished ****

**** Build of configuration Debug for project AUTOSAR_Project ****

"C:\\ti\\ccs1270\\ccs\\utils\\bin\\gmake" -k -j 12 all -O 
 
Building file: "../Button.c"
Invoking: Arm Compiler
"C:/ti/ccs1270/ccs/tools/compiler/ti-cgt-arm_20.2.7.LTS/bin/armcl" -mv7M4 --code_state=16 --float_support=FPv4SPD16 -me --include_path="C:/Users/mod_n/Documents/M.T advance diploma/Projects/AUTOSAR_Project_WS/AUTOSAR_Project" --include_path="C:/ti/ccs1270/ccs/tools/compiler/ti-cgt-arm_20.2.7.LTS/include" --define=ccs="ccs" --define=PART_TM4C123GH6PM -g --gcc --diag_warning=225 --diag_wrap=off --display_error_number --abi=eabi --preproc_with_compile --preproc_dependency="Button.d_raw"  "../Button.c"
 
>> Compilation failure
subdir_rules.mk:9: recipe for target 'Button.obj' failed
"../Button.c", line 25: error #137: struct "Port_ConfigType" has no field "port_num"
"../Button.c", line 26: error #137: struct "Port_ConfigType" has no field "pin_num"
"../Button.c", line 27: error #137: struct "Port_ConfigType" has no field "direction"
"../Button.c", line 28: error #137: struct "Port_ConfigType" has no field "resistor"
"../Button.c", line 29: error #137: struct "Port_ConfigType" has no field "initial_value"
5 errors detected in the compilation of "../Button.c".
gmake: *** [Button.obj] Error 1
Building file: "../Led.c"
Invoking: Arm Compiler
"C:/ti/ccs1270/ccs/tools/compiler/ti-cgt-arm_20.2.7.LTS/bin/armcl" -mv7M4 --code_state=16 --float_support=FPv4SPD16 -me --include_path="C:/Users/mod_n/Documents/M.T advance diploma/Projects/AUTOSAR_Project_WS/AUTOSAR_Project" --include_path="C:/ti/ccs1270/ccs/tools/compiler/ti-cgt-arm_20.2.7.LTS/include" --define=ccs="ccs" --define=PART_TM4C123GH6PM -g --gcc --diag_warning=225 --diag_wrap=off --display_error_number --abi=eabi --preproc_with_compile --preproc_dependency="Led.d_raw"  "../Led.c"
 
>> Compilation failure
subdir_rules.mk:9: recipe for target 'Led.obj' failed
"../Led.c", line 22: error #137: struct "Port_ConfigType" has no field "port_num"
"../Led.c", line 23: error #137: struct "Port_ConfigType" has no field "pin_num"
"../Led.c", line 24: error #137: struct "Port_ConfigType" has no field "direction"
"../Led.c", line 25: error #137: struct "Port_ConfigType" has no field "resistor"
"../Led.c", line 26: error #137: struct "Port_ConfigType" has no field "initial_value"
5 errors detected in the compilation of "../Led.c".
gmake: *** [Led.obj] Error 1
Building file: "../Port.c"
Invoking: Arm Compiler
"C:/ti/ccs1270/ccs/tools/compiler/ti-cgt-arm_20.2.7.LTS/bin/armcl" -mv7M4 --code_state=16 --float_support=FPv4SPD16 -me --include_path="C:/Users/mod_n/Documents/M.T advance diploma/Projects/AUTOSAR_Project_WS/AUTOSAR_Project" --include_path="C:/ti/ccs1270/ccs/tools/compiler/ti-cgt-arm_20.2.7.LTS/include" --define=ccs="ccs" --define=PART_TM4C123GH6PM -g --gcc --diag_warning=225 --diag_wrap=off --display_error_number --abi=eabi --preproc_with_compile --preproc_dependency="Port.d_raw"  "../Port.c"
 
>> Compilation failure
subdir_rules.mk:9: recipe for target 'Port.obj' failed
"../Port.c", line 70: error #137: struct "<unnamed>" has no field "Port_Num"
"../Port.c", line 87: error #137: struct "<unnamed>" has no field "Port_Num"
"../Port.c", line 87: error #137: struct "Port_ConfigType" has no field "pin_num"
"../Port.c", line 87: error #137: struct "Port_ConfigType" has no field "Port_Point"
"../Port.c", line 87: error #137: struct "Port_ConfigType" has no field "pin_num"
"../Port.c", line 90: error #137: struct "Port_ConfigType" has no field "pin_num"
"../Port.c", line 92: error #137: struct "Port_ConfigType" has no field "port_num"
"../Port.c", line 92: error #137: struct "Port_ConfigType" has no field "pin_num"
"../Port.c", line 102: error #137: struct "Port_ConfigType" has no field "direction"
"../Port.c", line 104: error #137: struct "Port_ConfigType" has no field "pin_num"
"../Port.c", line 106: error #137: struct "Port_ConfigType" has no field "initial_value"
"../Port.c", line 108: error #137: struct "Port_ConfigType" has no field "pin_num"
"../Port.c", line 112: error #137: struct "Port_ConfigType" has no field "pin_num"
"../Port.c", line 116: error #137: struct "Port_ConfigType" has no field "direction"
"../Port.c", line 118: error #137: struct "Port_ConfigType" has no field "pin_num"
"../Port.c", line 166: error #137: struct "Port_ConfigType" has no field "port_num"
"../Port.c", line 182: error #137: struct "Port_ConfigType" has no field "port_num"
"../Port.c", line 182: error #137: struct "Port_ConfigType" has no field "pin_num"
"../Port.c", line 182: error #137: struct "Port_ConfigType" has no field "port_num"
"../Port.c", line 182: error #137: struct "Port_ConfigType" has no field "pin_num"
"../Port.c", line 185: error #137: struct "Port_ConfigType" has no field "pin_num"
"../Port.c", line 187: error #137: struct "Port_ConfigType" has no field "port_num"
"../Port.c", line 187: error #137: struct "Port_ConfigType" has no field "pin_num"
"../Port.c", line 196: error #137: struct "Port_ConfigType" has no field "direction"
"../Port.c", line 198: error #137: struct "Port_ConfigType" has no field "pin_num"
"../Port.c", line 200: error #137: struct "Port_ConfigType" has no field "initial_value"
"../Port.c", line 202: error #137: struct "Port_ConfigType" has no field "pin_num"
"../Port.c", line 206: error #137: struct "Port_ConfigType" has no field "pin_num"
"../Port.c", line 209: error #137: struct "Port_ConfigType" has no field "direction"
"../Port.c", line 211: error #137: struct "Port_ConfigType" has no field "pin_num"
"../Port.c", line 213: error #137: struct "Port_ConfigType" has no field "resistor"
"../Port.c", line 215: error #137: struct "Port_ConfigType" has no field "pin_num"
"../Port.c", line 217: error #137: struct "Port_ConfigType" has no field "resistor"
"../Port.c", line 219: error #137: struct "Port_ConfigType" has no field "pin_num"
"../Port.c", line 223: error #137: struct "Port_ConfigType" has no field "pin_num"
"../Port.c", line 224: error #137: struct "Port_ConfigType" has no field "pin_num"
"../Port.c", line 233: error #137: struct "Port_ConfigType" has no field "pin_num"
"../Port.c", line 234: error #137: struct "Port_ConfigType" has no field "pin_num"
"../Port.c", line 235: error #137: struct "Port_ConfigType" has no field "pin_num"
"../Port.c", line 236: error #137: struct "Port_ConfigType" has no field "pin_num"
"../Port.c", line 30: warning #552-D: variable "Port_Status" was set but never used
40 errors detected in the compilation of "../Port.c".
gmake: *** [Port.obj] Error 1
gmake: Target 'all' not remade because of errors.

**** Build Finished ****

**** Build of configuration Debug for project AUTOSAR_Project ****

"C:\\ti\\ccs1270\\ccs\\utils\\bin\\gmake" -k -j 12 all -O 
 
Building file: "../Button.c"
Invoking: Arm Compiler
"C:/ti/ccs1270/ccs/tools/compiler/ti-cgt-arm_20.2.7.LTS/bin/armcl" -mv7M4 --code_state=16 --float_support=FPv4SPD16 -me --include_path="C:/Users/mod_n/Documents/M.T advance diploma/Projects/AUTOSAR_Project_WS/AUTOSAR_Project" --include_path="C:/ti/ccs1270/ccs/tools/compiler/ti-cgt-arm_20.2.7.LTS/include" --define=ccs="ccs" --define=PART_TM4C123GH6PM -g --gcc --diag_warning=225 --diag_wrap=off --display_error_number --abi=eabi --preproc_with_compile --preproc_dependency="Button.d_raw"  "../Button.c"
 
>> Compilation failure
subdir_rules.mk:9: recipe for target 'Button.obj' failed
"../Button.c", line 25: error #137: struct "Port_ConfigType" has no field "port_num"
"../Button.c", line 26: error #137: struct "Port_ConfigType" has no field "pin_num"
"../Button.c", line 27: error #137: struct "Port_ConfigType" has no field "direction"
"../Button.c", line 28: error #137: struct "Port_ConfigType" has no field "resistor"
"../Button.c", line 29: error #137: struct "Port_ConfigType" has no field "initial_value"
5 errors detected in the compilation of "../Button.c".
gmake: *** [Button.obj] Error 1
Building file: "../Led.c"
Invoking: Arm Compiler
"C:/ti/ccs1270/ccs/tools/compiler/ti-cgt-arm_20.2.7.LTS/bin/armcl" -mv7M4 --code_state=16 --float_support=FPv4SPD16 -me --include_path="C:/Users/mod_n/Documents/M.T advance diploma/Projects/AUTOSAR_Project_WS/AUTOSAR_Project" --include_path="C:/ti/ccs1270/ccs/tools/compiler/ti-cgt-arm_20.2.7.LTS/include" --define=ccs="ccs" --define=PART_TM4C123GH6PM -g --gcc --diag_warning=225 --diag_wrap=off --display_error_number --abi=eabi --preproc_with_compile --preproc_dependency="Led.d_raw"  "../Led.c"
 
>> Compilation failure
subdir_rules.mk:9: recipe for target 'Led.obj' failed
"../Led.c", line 22: error #137: struct "Port_ConfigType" has no field "port_num"
"../Led.c", line 23: error #137: struct "Port_ConfigType" has no field "pin_num"
"../Led.c", line 24: error #137: struct "Port_ConfigType" has no field "direction"
"../Led.c", line 25: error #137: struct "Port_ConfigType" has no field "resistor"
"../Led.c", line 26: error #137: struct "Port_ConfigType" has no field "initial_value"
5 errors detected in the compilation of "../Led.c".
gmake: *** [Led.obj] Error 1
Building file: "../Port.c"
Invoking: Arm Compiler
"C:/ti/ccs1270/ccs/tools/compiler/ti-cgt-arm_20.2.7.LTS/bin/armcl" -mv7M4 --code_state=16 --float_support=FPv4SPD16 -me --include_path="C:/Users/mod_n/Documents/M.T advance diploma/Projects/AUTOSAR_Project_WS/AUTOSAR_Project" --include_path="C:/ti/ccs1270/ccs/tools/compiler/ti-cgt-arm_20.2.7.LTS/include" --define=ccs="ccs" --define=PART_TM4C123GH6PM -g --gcc --diag_warning=225 --diag_wrap=off --display_error_number --abi=eabi --preproc_with_compile --preproc_dependency="Port.d_raw"  "../Port.c"
 
>> Compilation failure
subdir_rules.mk:9: recipe for target 'Port.obj' failed
"../Port.c", line 87: error #156: expression must have struct or union type
"../Port.c", line 90: error #137: struct "Port_ConfigType" has no field "pin_num"
"../Port.c", line 106: error #137: struct "Port_ConfigType" has no field "initial_value"
"../Port.c", line 164: error #156: expression must have struct or union type
"../Port.c", line 167: error #20: identifier "ConfigPtr" is undefined
"../Port.c", line 183: error #20: identifier "ConfigPtr" is undefined
"../Port.c", line 223: error #137: struct "Port_ConfigType" has no field "port_num"
"../Port.c", line 239: error #137: struct "Port_ConfigType" has no field "port_num"
"../Port.c", line 239: error #137: struct "Port_ConfigType" has no field "pin_num"
"../Port.c", line 239: error #137: struct "Port_ConfigType" has no field "port_num"
"../Port.c", line 239: error #137: struct "Port_ConfigType" has no field "pin_num"
"../Port.c", line 242: error #137: struct "Port_ConfigType" has no field "pin_num"
"../Port.c", line 244: error #137: struct "Port_ConfigType" has no field "port_num"
"../Port.c", line 244: error #137: struct "Port_ConfigType" has no field "pin_num"
"../Port.c", line 253: error #137: struct "Port_ConfigType" has no field "direction"
"../Port.c", line 255: error #137: struct "Port_ConfigType" has no field "pin_num"
"../Port.c", line 257: error #137: struct "Port_ConfigType" has no field "initial_value"
"../Port.c", line 259: error #137: struct "Port_ConfigType" has no field "pin_num"
"../Port.c", line 263: error #137: struct "Port_ConfigType" has no field "pin_num"
"../Port.c", line 266: error #137: struct "Port_ConfigType" has no field "direction"
"../Port.c", line 268: error #137: struct "Port_ConfigType" has no field "pin_num"
"../Port.c", line 270: error #137: struct "Port_ConfigType" has no field "resistor"
"../Port.c", line 272: error #137: struct "Port_ConfigType" has no field "pin_num"
"../Port.c", line 274: error #137: struct "Port_ConfigType" has no field "resistor"
"../Port.c", line 276: error #137: struct "Port_ConfigType" has no field "pin_num"
"../Port.c", line 280: error #137: struct "Port_ConfigType" has no field "pin_num"
"../Port.c", line 281: error #137: struct "Port_ConfigType" has no field "pin_num"
"../Port.c", line 290: error #137: struct "Port_ConfigType" has no field "pin_num"
"../Port.c", line 291: error #137: struct "Port_ConfigType" has no field "pin_num"
"../Port.c", line 292: error #137: struct "Port_ConfigType" has no field "pin_num"
"../Port.c", line 293: error #137: struct "Port_ConfigType" has no field "pin_num"
"../Port.c", line 30: warning #552-D: variable "Port_Status" was set but never used
31 errors detected in the compilation of "../Port.c".
gmake: *** [Port.obj] Error 1
gmake: Target 'all' not remade because of errors.

**** Build Finished ****

**** Build of configuration Debug for project AUTOSAR_Project ****

"C:\\ti\\ccs1270\\ccs\\utils\\bin\\gmake" -k -j 12 all -O 
 
Building file: "../Button.c"
Invoking: Arm Compiler
"C:/ti/ccs1270/ccs/tools/compiler/ti-cgt-arm_20.2.7.LTS/bin/armcl" -mv7M4 --code_state=16 --float_support=FPv4SPD16 -me --include_path="C:/Users/mod_n/Documents/M.T advance diploma/Projects/AUTOSAR_Project_WS/AUTOSAR_Project" --include_path="C:/ti/ccs1270/ccs/tools/compiler/ti-cgt-arm_20.2.7.LTS/include" --define=ccs="ccs" --define=PART_TM4C123GH6PM -g --gcc --diag_warning=225 --diag_wrap=off --display_error_number --abi=eabi --preproc_with_compile --preproc_dependency="Button.d_raw"  "../Button.c"
 
>> Compilation failure
subdir_rules.mk:9: recipe for target 'Button.obj' failed
"../Button.c", line 25: error #137: struct "Port_ConfigType" has no field "port_num"
"../Button.c", line 26: error #137: struct "Port_ConfigType" has no field "pin_num"
"../Button.c", line 27: error #137: struct "Port_ConfigType" has no field "direction"
"../Button.c", line 28: error #137: struct "Port_ConfigType" has no field "resistor"
"../Button.c", line 29: error #137: struct "Port_ConfigType" has no field "initial_value"
5 errors detected in the compilation of "../Button.c".
gmake: *** [Button.obj] Error 1
Building file: "../Led.c"
Invoking: Arm Compiler
"C:/ti/ccs1270/ccs/tools/compiler/ti-cgt-arm_20.2.7.LTS/bin/armcl" -mv7M4 --code_state=16 --float_support=FPv4SPD16 -me --include_path="C:/Users/mod_n/Documents/M.T advance diploma/Projects/AUTOSAR_Project_WS/AUTOSAR_Project" --include_path="C:/ti/ccs1270/ccs/tools/compiler/ti-cgt-arm_20.2.7.LTS/include" --define=ccs="ccs" --define=PART_TM4C123GH6PM -g --gcc --diag_warning=225 --diag_wrap=off --display_error_number --abi=eabi --preproc_with_compile --preproc_dependency="Led.d_raw"  "../Led.c"
 
>> Compilation failure
subdir_rules.mk:9: recipe for target 'Led.obj' failed
"../Led.c", line 22: error #137: struct "Port_ConfigType" has no field "port_num"
"../Led.c", line 23: error #137: struct "Port_ConfigType" has no field "pin_num"
"../Led.c", line 24: error #137: struct "Port_ConfigType" has no field "direction"
"../Led.c", line 25: error #137: struct "Port_ConfigType" has no field "resistor"
"../Led.c", line 26: error #137: struct "Port_ConfigType" has no field "initial_value"
5 errors detected in the compilation of "../Led.c".
gmake: *** [Led.obj] Error 1
Building file: "../Port.c"
Invoking: Arm Compiler
"C:/ti/ccs1270/ccs/tools/compiler/ti-cgt-arm_20.2.7.LTS/bin/armcl" -mv7M4 --code_state=16 --float_support=FPv4SPD16 -me --include_path="C:/Users/mod_n/Documents/M.T advance diploma/Projects/AUTOSAR_Project_WS/AUTOSAR_Project" --include_path="C:/ti/ccs1270/ccs/tools/compiler/ti-cgt-arm_20.2.7.LTS/include" --define=ccs="ccs" --define=PART_TM4C123GH6PM -g --gcc --diag_warning=225 --diag_wrap=off --display_error_number --abi=eabi --preproc_with_compile --preproc_dependency="Port.d_raw"  "../Port.c"
 
>> Compilation failure
subdir_rules.mk:9: recipe for target 'Port.obj' failed
"../Port.c", line 150: error #20: identifier "PORT_NOT_INITIALIZED" is undefined
"../Port.c", line 154: error #20: identifier "error" is undefined
"../Port.c", line 163: error #20: identifier "error" is undefined
"../Port.c", line 242: error #20: identifier "PORT_NOT_INITIALIZED" is undefined
"../Port.c", line 246: error #20: identifier "error" is undefined
"../Port.c", line 258: error #20: identifier "error" is undefined
"../Port.c", line 267: error #20: identifier "error" is undefined
"../Port.c", line 353: error #137: struct "Port_ConfigType" has no field "port_num"
"../Port.c", line 369: error #137: struct "Port_ConfigType" has no field "port_num"
"../Port.c", line 369: error #137: struct "Port_ConfigType" has no field "pin_num"
"../Port.c", line 369: error #137: struct "Port_ConfigType" has no field "port_num"
"../Port.c", line 369: error #137: struct "Port_ConfigType" has no field "pin_num"
"../Port.c", line 372: error #137: struct "Port_ConfigType" has no field "pin_num"
"../Port.c", line 374: error #137: struct "Port_ConfigType" has no field "port_num"
"../Port.c", line 374: error #137: struct "Port_ConfigType" has no field "pin_num"
"../Port.c", line 383: error #137: struct "Port_ConfigType" has no field "direction"
"../Port.c", line 385: error #137: struct "Port_ConfigType" has no field "pin_num"
"../Port.c", line 387: error #137: struct "Port_ConfigType" has no field "initial_value"
"../Port.c", line 389: error #137: struct "Port_ConfigType" has no field "pin_num"
"../Port.c", line 393: error #137: struct "Port_ConfigType" has no field "pin_num"
"../Port.c", line 396: error #137: struct "Port_ConfigType" has no field "direction"
"../Port.c", line 398: error #137: struct "Port_ConfigType" has no field "pin_num"
"../Port.c", line 400: error #137: struct "Port_ConfigType" has no field "resistor"
"../Port.c", line 402: error #137: struct "Port_ConfigType" has no field "pin_num"
"../Port.c", line 404: error #137: struct "Port_ConfigType" has no field "resistor"
"../Port.c", line 406: error #137: struct "Port_ConfigType" has no field "pin_num"
"../Port.c", line 410: error #137: struct "Port_ConfigType" has no field "pin_num"
"../Port.c", line 411: error #137: struct "Port_ConfigType" has no field "pin_num"
"../Port.c", line 420: error #137: struct "Port_ConfigType" has no field "pin_num"
"../Port.c", line 421: error #137: struct "Port_ConfigType" has no field "pin_num"
"../Port.c", line 422: error #137: struct "Port_ConfigType" has no field "pin_num"
"../Port.c", line 423: error #137: struct "Port_ConfigType" has no field "pin_num"
32 errors detected in the compilation of "../Port.c".
gmake: *** [Port.obj] Error 1
Building file: "../Port_PBCfg.c"
Invoking: Arm Compiler
"C:/ti/ccs1270/ccs/tools/compiler/ti-cgt-arm_20.2.7.LTS/bin/armcl" -mv7M4 --code_state=16 --float_support=FPv4SPD16 -me --include_path="C:/Users/mod_n/Documents/M.T advance diploma/Projects/AUTOSAR_Project_WS/AUTOSAR_Project" --include_path="C:/ti/ccs1270/ccs/tools/compiler/ti-cgt-arm_20.2.7.LTS/include" --define=ccs="ccs" --define=PART_TM4C123GH6PM -g --gcc --diag_warning=225 --diag_wrap=off --display_error_number --abi=eabi --preproc_with_compile --preproc_dependency="Port_PBCfg.d_raw"  "../Port_PBCfg.c"
Finished building: "../Port_PBCfg.c"
 
gmake: Target 'all' not remade because of errors.

**** Build Finished ****

**** Build of configuration Debug for project AUTOSAR_Project ****

"C:\\ti\\ccs1270\\ccs\\utils\\bin\\gmake" -k -j 12 all -O 
 
Building file: "../Button.c"
Invoking: Arm Compiler
"C:/ti/ccs1270/ccs/tools/compiler/ti-cgt-arm_20.2.7.LTS/bin/armcl" -mv7M4 --code_state=16 --float_support=FPv4SPD16 -me --include_path="C:/Users/mod_n/Documents/M.T advance diploma/Projects/AUTOSAR_Project_WS/AUTOSAR_Project" --include_path="C:/ti/ccs1270/ccs/tools/compiler/ti-cgt-arm_20.2.7.LTS/include" --define=ccs="ccs" --define=PART_TM4C123GH6PM -g --gcc --diag_warning=225 --diag_wrap=off --display_error_number --abi=eabi --preproc_with_compile --preproc_dependency="Button.d_raw"  "../Button.c"
 
>> Compilation failure
subdir_rules.mk:9: recipe for target 'Button.obj' failed
"../Button.c", line 25: error #137: struct "Port_ConfigType" has no field "port_num"
"../Button.c", line 26: error #137: struct "Port_ConfigType" has no field "pin_num"
"../Button.c", line 27: error #137: struct "Port_ConfigType" has no field "direction"
"../Button.c", line 28: error #137: struct "Port_ConfigType" has no field "resistor"
"../Button.c", line 29: error #137: struct "Port_ConfigType" has no field "initial_value"
5 errors detected in the compilation of "../Button.c".
gmake: *** [Button.obj] Error 1
Building file: "../Led.c"
Invoking: Arm Compiler
"C:/ti/ccs1270/ccs/tools/compiler/ti-cgt-arm_20.2.7.LTS/bin/armcl" -mv7M4 --code_state=16 --float_support=FPv4SPD16 -me --include_path="C:/Users/mod_n/Documents/M.T advance diploma/Projects/AUTOSAR_Project_WS/AUTOSAR_Project" --include_path="C:/ti/ccs1270/ccs/tools/compiler/ti-cgt-arm_20.2.7.LTS/include" --define=ccs="ccs" --define=PART_TM4C123GH6PM -g --gcc --diag_warning=225 --diag_wrap=off --display_error_number --abi=eabi --preproc_with_compile --preproc_dependency="Led.d_raw"  "../Led.c"
 
>> Compilation failure
subdir_rules.mk:9: recipe for target 'Led.obj' failed
"../Led.c", line 22: error #137: struct "Port_ConfigType" has no field "port_num"
"../Led.c", line 23: error #137: struct "Port_ConfigType" has no field "pin_num"
"../Led.c", line 24: error #137: struct "Port_ConfigType" has no field "direction"
"../Led.c", line 25: error #137: struct "Port_ConfigType" has no field "resistor"
"../Led.c", line 26: error #137: struct "Port_ConfigType" has no field "initial_value"
5 errors detected in the compilation of "../Led.c".
gmake: *** [Led.obj] Error 1
Building file: "../Port.c"
Invoking: Arm Compiler
"C:/ti/ccs1270/ccs/tools/compiler/ti-cgt-arm_20.2.7.LTS/bin/armcl" -mv7M4 --code_state=16 --float_support=FPv4SPD16 -me --include_path="C:/Users/mod_n/Documents/M.T advance diploma/Projects/AUTOSAR_Project_WS/AUTOSAR_Project" --include_path="C:/ti/ccs1270/ccs/tools/compiler/ti-cgt-arm_20.2.7.LTS/include" --define=ccs="ccs" --define=PART_TM4C123GH6PM -g --gcc --diag_warning=225 --diag_wrap=off --display_error_number --abi=eabi --preproc_with_compile --preproc_dependency="Port.d_raw"  "../Port.c"
 
>> Compilation failure
subdir_rules.mk:9: recipe for target 'Port.obj' failed
"../Port.c", line 30: error #20: identifier "Port_NOT_INITIALIZED" is undefined
"../Port.c", line 64: error #20: identifier "Port_INITIALIZED" is undefined
"../Port.c", line 368: error #137: struct "Port_ConfigType" has no field "port_num"
"../Port.c", line 384: error #137: struct "Port_ConfigType" has no field "port_num"
"../Port.c", line 384: error #137: struct "Port_ConfigType" has no field "pin_num"
"../Port.c", line 384: error #137: struct "Port_ConfigType" has no field "port_num"
"../Port.c", line 384: error #137: struct "Port_ConfigType" has no field "pin_num"
"../Port.c", line 387: error #137: struct "Port_ConfigType" has no field "pin_num"
"../Port.c", line 389: error #137: struct "Port_ConfigType" has no field "port_num"
"../Port.c", line 389: error #137: struct "Port_ConfigType" has no field "pin_num"
"../Port.c", line 398: error #137: struct "Port_ConfigType" has no field "direction"
"../Port.c", line 400: error #137: struct "Port_ConfigType" has no field "pin_num"
"../Port.c", line 402: error #137: struct "Port_ConfigType" has no field "initial_value"
"../Port.c", line 404: error #137: struct "Port_ConfigType" has no field "pin_num"
"../Port.c", line 408: error #137: struct "Port_ConfigType" has no field "pin_num"
"../Port.c", line 411: error #137: struct "Port_ConfigType" has no field "direction"
"../Port.c", line 413: error #137: struct "Port_ConfigType" has no field "pin_num"
"../Port.c", line 415: error #137: struct "Port_ConfigType" has no field "resistor"
"../Port.c", line 417: error #137: struct "Port_ConfigType" has no field "pin_num"
"../Port.c", line 419: error #137: struct "Port_ConfigType" has no field "resistor"
"../Port.c", line 421: error #137: struct "Port_ConfigType" has no field "pin_num"
"../Port.c", line 425: error #137: struct "Port_ConfigType" has no field "pin_num"
"../Port.c", line 426: error #137: struct "Port_ConfigType" has no field "pin_num"
"../Port.c", line 435: error #137: struct "Port_ConfigType" has no field "pin_num"
"../Port.c", line 436: error #137: struct "Port_ConfigType" has no field "pin_num"
"../Port.c", line 437: error #137: struct "Port_ConfigType" has no field "pin_num"
"../Port.c", line 438: error #137: struct "Port_ConfigType" has no field "pin_num"
27 errors detected in the compilation of "../Port.c".
gmake: *** [Port.obj] Error 1
Building file: "../Port_PBCfg.c"
Invoking: Arm Compiler
"C:/ti/ccs1270/ccs/tools/compiler/ti-cgt-arm_20.2.7.LTS/bin/armcl" -mv7M4 --code_state=16 --float_support=FPv4SPD16 -me --include_path="C:/Users/mod_n/Documents/M.T advance diploma/Projects/AUTOSAR_Project_WS/AUTOSAR_Project" --include_path="C:/ti/ccs1270/ccs/tools/compiler/ti-cgt-arm_20.2.7.LTS/include" --define=ccs="ccs" --define=PART_TM4C123GH6PM -g --gcc --diag_warning=225 --diag_wrap=off --display_error_number --abi=eabi --preproc_with_compile --preproc_dependency="Port_PBCfg.d_raw"  "../Port_PBCfg.c"
Finished building: "../Port_PBCfg.c"
 
gmake: Target 'all' not remade because of errors.

**** Build Finished ****

**** Build of configuration Debug for project AUTOSAR_Project ****

"C:\\ti\\ccs1270\\ccs\\utils\\bin\\gmake" -k -j 12 all -O 
 
Building file: "../Button.c"
Invoking: Arm Compiler
"C:/ti/ccs1270/ccs/tools/compiler/ti-cgt-arm_20.2.7.LTS/bin/armcl" -mv7M4 --code_state=16 --float_support=FPv4SPD16 -me --include_path="C:/Users/mod_n/Documents/M.T advance diploma/Projects/AUTOSAR_Project_WS/AUTOSAR_Project" --include_path="C:/ti/ccs1270/ccs/tools/compiler/ti-cgt-arm_20.2.7.LTS/include" --define=ccs="ccs" --define=PART_TM4C123GH6PM -g --gcc --diag_warning=225 --diag_wrap=off --display_error_number --abi=eabi --preproc_with_compile --preproc_dependency="Button.d_raw"  "../Button.c"
 
>> Compilation failure
subdir_rules.mk:9: recipe for target 'Button.obj' failed
"../Button.c", line 25: error #137: struct "Port_ConfigType" has no field "port_num"
"../Button.c", line 26: error #137: struct "Port_ConfigType" has no field "pin_num"
"../Button.c", line 27: error #137: struct "Port_ConfigType" has no field "direction"
"../Button.c", line 28: error #137: struct "Port_ConfigType" has no field "resistor"
"../Button.c", line 29: error #137: struct "Port_ConfigType" has no field "initial_value"
5 errors detected in the compilation of "../Button.c".
gmake: *** [Button.obj] Error 1
Building file: "../Led.c"
Invoking: Arm Compiler
"C:/ti/ccs1270/ccs/tools/compiler/ti-cgt-arm_20.2.7.LTS/bin/armcl" -mv7M4 --code_state=16 --float_support=FPv4SPD16 -me --include_path="C:/Users/mod_n/Documents/M.T advance diploma/Projects/AUTOSAR_Project_WS/AUTOSAR_Project" --include_path="C:/ti/ccs1270/ccs/tools/compiler/ti-cgt-arm_20.2.7.LTS/include" --define=ccs="ccs" --define=PART_TM4C123GH6PM -g --gcc --diag_warning=225 --diag_wrap=off --display_error_number --abi=eabi --preproc_with_compile --preproc_dependency="Led.d_raw"  "../Led.c"
 
>> Compilation failure
subdir_rules.mk:9: recipe for target 'Led.obj' failed
"../Led.c", line 22: error #137: struct "Port_ConfigType" has no field "port_num"
"../Led.c", line 23: error #137: struct "Port_ConfigType" has no field "pin_num"
"../Led.c", line 24: error #137: struct "Port_ConfigType" has no field "direction"
"../Led.c", line 25: error #137: struct "Port_ConfigType" has no field "resistor"
"../Led.c", line 26: error #137: struct "Port_ConfigType" has no field "initial_value"
5 errors detected in the compilation of "../Led.c".
gmake: *** [Led.obj] Error 1
Building file: "../Port.c"
Invoking: Arm Compiler
"C:/ti/ccs1270/ccs/tools/compiler/ti-cgt-arm_20.2.7.LTS/bin/armcl" -mv7M4 --code_state=16 --float_support=FPv4SPD16 -me --include_path="C:/Users/mod_n/Documents/M.T advance diploma/Projects/AUTOSAR_Project_WS/AUTOSAR_Project" --include_path="C:/ti/ccs1270/ccs/tools/compiler/ti-cgt-arm_20.2.7.LTS/include" --define=ccs="ccs" --define=PART_TM4C123GH6PM -g --gcc --diag_warning=225 --diag_wrap=off --display_error_number --abi=eabi --preproc_with_compile --preproc_dependency="Port.d_raw"  "../Port.c"
 
>> Compilation failure
subdir_rules.mk:9: recipe for target 'Port.obj' failed
"../Port.c", line 368: error #137: struct "Port_ConfigType" has no field "port_num"
"../Port.c", line 384: error #137: struct "Port_ConfigType" has no field "port_num"
"../Port.c", line 384: error #137: struct "Port_ConfigType" has no field "pin_num"
"../Port.c", line 384: error #137: struct "Port_ConfigType" has no field "port_num"
"../Port.c", line 384: error #137: struct "Port_ConfigType" has no field "pin_num"
"../Port.c", line 387: error #137: struct "Port_ConfigType" has no field "pin_num"
"../Port.c", line 389: error #137: struct "Port_ConfigType" has no field "port_num"
"../Port.c", line 389: error #137: struct "Port_ConfigType" has no field "pin_num"
"../Port.c", line 398: error #137: struct "Port_ConfigType" has no field "direction"
"../Port.c", line 400: error #137: struct "Port_ConfigType" has no field "pin_num"
"../Port.c", line 402: error #137: struct "Port_ConfigType" has no field "initial_value"
"../Port.c", line 404: error #137: struct "Port_ConfigType" has no field "pin_num"
"../Port.c", line 408: error #137: struct "Port_ConfigType" has no field "pin_num"
"../Port.c", line 411: error #137: struct "Port_ConfigType" has no field "direction"
"../Port.c", line 413: error #137: struct "Port_ConfigType" has no field "pin_num"
"../Port.c", line 415: error #137: struct "Port_ConfigType" has no field "resistor"
"../Port.c", line 417: error #137: struct "Port_ConfigType" has no field "pin_num"
"../Port.c", line 419: error #137: struct "Port_ConfigType" has no field "resistor"
"../Port.c", line 421: error #137: struct "Port_ConfigType" has no field "pin_num"
"../Port.c", line 425: error #137: struct "Port_ConfigType" has no field "pin_num"
"../Port.c", line 426: error #137: struct "Port_ConfigType" has no field "pin_num"
"../Port.c", line 435: error #137: struct "Port_ConfigType" has no field "pin_num"
"../Port.c", line 436: error #137: struct "Port_ConfigType" has no field "pin_num"
"../Port.c", line 437: error #137: struct "Port_ConfigType" has no field "pin_num"
"../Port.c", line 438: error #137: struct "Port_ConfigType" has no field "pin_num"
25 errors detected in the compilation of "../Port.c".
gmake: *** [Port.obj] Error 1
gmake: Target 'all' not remade because of errors.

**** Build Finished ****

**** Build of configuration Debug for project AUTOSAR_Project ****

"C:\\ti\\ccs1270\\ccs\\utils\\bin\\gmake" -k -j 12 all -O 
 
Building file: "../Button.c"
Invoking: Arm Compiler
"C:/ti/ccs1270/ccs/tools/compiler/ti-cgt-arm_20.2.7.LTS/bin/armcl" -mv7M4 --code_state=16 --float_support=FPv4SPD16 -me --include_path="C:/Users/mod_n/Documents/M.T advance diploma/Projects/AUTOSAR_Project_WS/AUTOSAR_Project" --include_path="C:/ti/ccs1270/ccs/tools/compiler/ti-cgt-arm_20.2.7.LTS/include" --define=ccs="ccs" --define=PART_TM4C123GH6PM -g --gcc --diag_warning=225 --diag_wrap=off --display_error_number --abi=eabi --preproc_with_compile --preproc_dependency="Button.d_raw"  "../Button.c"
 
>> Compilation failure
subdir_rules.mk:9: recipe for target 'Button.obj' failed
"../Button.c", line 25: error #137: struct "Port_ConfigType" has no field "port_num"
"../Button.c", line 26: error #137: struct "Port_ConfigType" has no field "pin_num"
"../Button.c", line 27: error #137: struct "Port_ConfigType" has no field "direction"
"../Button.c", line 28: error #137: struct "Port_ConfigType" has no field "resistor"
"../Button.c", line 29: error #137: struct "Port_ConfigType" has no field "initial_value"
"../Button.c", line 36: warning #225-D: function "Port_SetupGpioPin" declared implicitly
5 errors detected in the compilation of "../Button.c".
gmake: *** [Button.obj] Error 1
Building file: "../Led.c"
Invoking: Arm Compiler
"C:/ti/ccs1270/ccs/tools/compiler/ti-cgt-arm_20.2.7.LTS/bin/armcl" -mv7M4 --code_state=16 --float_support=FPv4SPD16 -me --include_path="C:/Users/mod_n/Documents/M.T advance diploma/Projects/AUTOSAR_Project_WS/AUTOSAR_Project" --include_path="C:/ti/ccs1270/ccs/tools/compiler/ti-cgt-arm_20.2.7.LTS/include" --define=ccs="ccs" --define=PART_TM4C123GH6PM -g --gcc --diag_warning=225 --diag_wrap=off --display_error_number --abi=eabi --preproc_with_compile --preproc_dependency="Led.d_raw"  "../Led.c"
 
>> Compilation failure
subdir_rules.mk:9: recipe for target 'Led.obj' failed
"../Led.c", line 22: error #137: struct "Port_ConfigType" has no field "port_num"
"../Led.c", line 23: error #137: struct "Port_ConfigType" has no field "pin_num"
"../Led.c", line 24: error #137: struct "Port_ConfigType" has no field "direction"
"../Led.c", line 25: error #137: struct "Port_ConfigType" has no field "resistor"
"../Led.c", line 26: error #137: struct "Port_ConfigType" has no field "initial_value"
"../Led.c", line 33: warning #225-D: function "Port_SetupGpioPin" declared implicitly
5 errors detected in the compilation of "../Led.c".
gmake: *** [Led.obj] Error 1
Building file: "../Port_PBCfg.c"
Invoking: Arm Compiler
"C:/ti/ccs1270/ccs/tools/compiler/ti-cgt-arm_20.2.7.LTS/bin/armcl" -mv7M4 --code_state=16 --float_support=FPv4SPD16 -me --include_path="C:/Users/mod_n/Documents/M.T advance diploma/Projects/AUTOSAR_Project_WS/AUTOSAR_Project" --include_path="C:/ti/ccs1270/ccs/tools/compiler/ti-cgt-arm_20.2.7.LTS/include" --define=ccs="ccs" --define=PART_TM4C123GH6PM -g --gcc --diag_warning=225 --diag_wrap=off --display_error_number --abi=eabi --preproc_with_compile --preproc_dependency="Port_PBCfg.d_raw"  "../Port_PBCfg.c"
 
>> Compilation failure
subdir_rules.mk:9: recipe for target 'Port_PBCfg.obj' failed
"../Port_PBCfg.c", line 42: error #20: identifier "Port_ModeType" is undefined
"../Port_PBCfg.c", line 42: error #60: function call is not allowed in a constant expression
"../Port_PBCfg.c", line 48: error #60: function call is not allowed in a constant expression
3 errors detected in the compilation of "../Port_PBCfg.c".
gmake: *** [Port_PBCfg.obj] Error 1
Building file: "../Port.c"
Invoking: Arm Compiler
"C:/ti/ccs1270/ccs/tools/compiler/ti-cgt-arm_20.2.7.LTS/bin/armcl" -mv7M4 --code_state=16 --float_support=FPv4SPD16 -me --include_path="C:/Users/mod_n/Documents/M.T advance diploma/Projects/AUTOSAR_Project_WS/AUTOSAR_Project" --include_path="C:/ti/ccs1270/ccs/tools/compiler/ti-cgt-arm_20.2.7.LTS/include" --define=ccs="ccs" --define=PART_TM4C123GH6PM -g --gcc --diag_warning=225 --diag_wrap=off --display_error_number --abi=eabi --preproc_with_compile --preproc_dependency="Port.d_raw"  "../Port.c"
Finished building: "../Port.c"
 
gmake: Target 'all' not remade because of errors.

**** Build Finished ****

**** Build of configuration Debug for project AUTOSAR_Project ****

"C:\\ti\\ccs1270\\ccs\\utils\\bin\\gmake" -k -j 12 all -O 
 
Building file: "../App.c"
Invoking: Arm Compiler
"C:/ti/ccs1270/ccs/tools/compiler/ti-cgt-arm_20.2.7.LTS/bin/armcl" -mv7M4 --code_state=16 --float_support=FPv4SPD16 -me --include_path="C:/Users/mod_n/Documents/M.T advance diploma/Projects/AUTOSAR_Project_WS/AUTOSAR_Project" --include_path="C:/ti/ccs1270/ccs/tools/compiler/ti-cgt-arm_20.2.7.LTS/include" --define=ccs="ccs" --define=PART_TM4C123GH6PM -g --gcc --diag_warning=225 --diag_wrap=off --display_error_number --abi=eabi --preproc_with_compile --preproc_dependency="App.d_raw"  "../App.c"
"../App.c", line 35: warning #225-D: function "Button_Init" declared implicitly
Finished building: "../App.c"
 
Building file: "../Button.c"
Invoking: Arm Compiler
"C:/ti/ccs1270/ccs/tools/compiler/ti-cgt-arm_20.2.7.LTS/bin/armcl" -mv7M4 --code_state=16 --float_support=FPv4SPD16 -me --include_path="C:/Users/mod_n/Documents/M.T advance diploma/Projects/AUTOSAR_Project_WS/AUTOSAR_Project" --include_path="C:/ti/ccs1270/ccs/tools/compiler/ti-cgt-arm_20.2.7.LTS/include" --define=ccs="ccs" --define=PART_TM4C123GH6PM -g --gcc --diag_warning=225 --diag_wrap=off --display_error_number --abi=eabi --preproc_with_compile --preproc_dependency="Button.d_raw"  "../Button.c"
Finished building: "../Button.c"
 
Building file: "../Led.c"
Invoking: Arm Compiler
"C:/ti/ccs1270/ccs/tools/compiler/ti-cgt-arm_20.2.7.LTS/bin/armcl" -mv7M4 --code_state=16 --float_support=FPv4SPD16 -me --include_path="C:/Users/mod_n/Documents/M.T advance diploma/Projects/AUTOSAR_Project_WS/AUTOSAR_Project" --include_path="C:/ti/ccs1270/ccs/tools/compiler/ti-cgt-arm_20.2.7.LTS/include" --define=ccs="ccs" --define=PART_TM4C123GH6PM -g --gcc --diag_warning=225 --diag_wrap=off --display_error_number --abi=eabi --preproc_with_compile --preproc_dependency="Led.d_raw"  "../Led.c"
Finished building: "../Led.c"
 
Building file: "../Port.c"
Invoking: Arm Compiler
"C:/ti/ccs1270/ccs/tools/compiler/ti-cgt-arm_20.2.7.LTS/bin/armcl" -mv7M4 --code_state=16 --float_support=FPv4SPD16 -me --include_path="C:/Users/mod_n/Documents/M.T advance diploma/Projects/AUTOSAR_Project_WS/AUTOSAR_Project" --include_path="C:/ti/ccs1270/ccs/tools/compiler/ti-cgt-arm_20.2.7.LTS/include" --define=ccs="ccs" --define=PART_TM4C123GH6PM -g --gcc --diag_warning=225 --diag_wrap=off --display_error_number --abi=eabi --preproc_with_compile --preproc_dependency="Port.d_raw"  "../Port.c"
Finished building: "../Port.c"
 
Building file: "../Port_PBCfg.c"
Invoking: Arm Compiler
"C:/ti/ccs1270/ccs/tools/compiler/ti-cgt-arm_20.2.7.LTS/bin/armcl" -mv7M4 --code_state=16 --float_support=FPv4SPD16 -me --include_path="C:/Users/mod_n/Documents/M.T advance diploma/Projects/AUTOSAR_Project_WS/AUTOSAR_Project" --include_path="C:/ti/ccs1270/ccs/tools/compiler/ti-cgt-arm_20.2.7.LTS/include" --define=ccs="ccs" --define=PART_TM4C123GH6PM -g --gcc --diag_warning=225 --diag_wrap=off --display_error_number --abi=eabi --preproc_with_compile --preproc_dependency="Port_PBCfg.d_raw"  "../Port_PBCfg.c"
Finished building: "../Port_PBCfg.c"
 
Building target: "AUTOSAR_Project.out"
Invoking: Arm Linker
"C:/ti/ccs1270/ccs/tools/compiler/ti-cgt-arm_20.2.7.LTS/bin/armcl" -mv7M4 --code_state=16 --float_support=FPv4SPD16 -me --define=ccs="ccs" --define=PART_TM4C123GH6PM -g --gcc --diag_warning=225 --diag_wrap=off --display_error_number --abi=eabi -z -m"AUTOSAR_Project.map" --heap_size=0 --stack_size=512 -i"C:/ti/ccs1270/ccs/tools/compiler/ti-cgt-arm_20.2.7.LTS/lib" -i"C:/ti/ccs1270/ccs/tools/compiler/ti-cgt-arm_20.2.7.LTS/include" --reread_libs --diag_wrap=off --display_error_number --warn_sections --xml_link_info="AUTOSAR_Project_linkInfo.xml" --rom_model -o "AUTOSAR_Project.out" "./App.obj" "./Button.obj" "./Det.obj" "./Dio.obj" "./Dio_PBcfg.obj" "./Gpt.obj" "./Led.obj" "./Mcu.obj" "./Os.obj" "./Port.obj" "./Port_PBCfg.obj" "./main.obj" "./tm4c123gh6pm_startup_ccs.obj" "../tm4c123gh6pm.cmd"  -llibc.a 
<Linking>
 
 undefined          first referenced
  symbol                in file     
 ---------          ----------------
 Port_Configuration ./App.obj       
 
error #10234-D: unresolved symbols remain
error #10010: errors encountered during linking; "AUTOSAR_Project.out" not built
 
>> Compilation failure
makefile:147: recipe for target 'AUTOSAR_Project.out' failed
gmake[1]: *** [AUTOSAR_Project.out] Error 1
makefile:143: recipe for target 'all' failed
gmake: *** [all] Error 2

**** Build Finished ****
